Using pre-set license
Built from '2022.1/staging' branch; Version is '2022.1.7f1 (240f4c1f462c) revision 2363212'; Using compiler version '192829333'; Build Type 'Release'
OS: 'Windows 11  (10.0.22000) 64bit Professional' Language: 'en' Physical Memory: 32684 MB
BatchMode: 1, IsHumanControllingUs: 0, StartBugReporterOnCrash: 0, Is64bit: 1, IsPro: 1

COMMAND LINE ARGUMENTS:
D:\Unity Editors\2022.1.7f1\Editor\Unity.exe
-adb2
-batchMode
-noUpm
-name
AssetImportWorker0
-projectPath
G:/Lichs Lair/Lichs Lair
-logFile
Logs/AssetImportWorker0.log
-srvPort
50916
Successfully changed project path to: G:/Lichs Lair/Lichs Lair
G:/Lichs Lair/Lichs Lair
[UnityMemory] Configuration Parameters - Can be set up in boot.config
    "memorysetup-bucket-allocator-granularity=16"
    "memorysetup-bucket-allocator-bucket-count=8"
    "memorysetup-bucket-allocator-block-size=33554432"
    "memorysetup-bucket-allocator-block-count=8"
    "memorysetup-main-allocator-block-size=16777216"
    "memorysetup-thread-allocator-block-size=16777216"
    "memorysetup-gfx-main-allocator-block-size=16777216"
    "memorysetup-gfx-thread-allocator-block-size=16777216"
    "memorysetup-cache-allocator-block-size=4194304"
    "memorysetup-typetree-allocator-block-size=2097152"
    "memorysetup-profiler-bucket-allocator-granularity=16"
    "memorysetup-profiler-bucket-allocator-bucket-count=8"
    "memorysetup-profiler-bucket-allocator-block-size=33554432"
    "memorysetup-profiler-bucket-allocator-block-count=8"
    "memorysetup-profiler-allocator-block-size=16777216"
    "memorysetup-profiler-editor-allocator-block-size=1048576"
    "memorysetup-temp-allocator-size-main=16777216"
    "memorysetup-job-temp-allocator-block-size=2097152"
    "memorysetup-job-temp-allocator-block-size-background=1048576"
    "memorysetup-job-temp-allocator-reduction-small-platforms=262144"
    "memorysetup-temp-allocator-size-background-worker=32768"
    "memorysetup-temp-allocator-size-job-worker=262144"
    "memorysetup-temp-allocator-size-preload-manager=33554432"
    "memorysetup-temp-allocator-size-nav-mesh-worker=65536"
    "memorysetup-temp-allocator-size-audio-worker=65536"
    "memorysetup-temp-allocator-size-cloud-worker=32768"
    "memorysetup-temp-allocator-size-gi-baking-worker=262144"
    "memorysetup-temp-allocator-size-gfx=262144"
Refreshing native plugins compatible for Editor in 67.16 ms, found 3 plugins.
Preloading 0 native plugins for Editor in 0.00 ms.
Initialize engine version: 2022.1.7f1 (240f4c1f462c)
[Subsystems] Discovering subsystems at path D:/Unity Editors/2022.1.7f1/Editor/Data/Resources/UnitySubsystems
[Subsystems] Discovering subsystems at path G:/Lichs Lair/Lichs Lair/Assets
GfxDevice: creating device client; threaded=0; jobified=0
Direct3D:
    Version:  Direct3D 11.0 [level 11.1]
    Renderer: NVIDIA GeForce GTX 1060 6GB (ID=0x1c03)
    Vendor:   NVIDIA
    VRAM:     6043 MB
    Driver:   31.0.15.2686
Initialize mono
Mono path[0] = 'D:/Unity Editors/2022.1.7f1/Editor/Data/Managed'
Mono path[1] = 'D:/Unity Editors/2022.1.7f1/Editor/Data/MonoBleedingEdge/lib/mono/unityjit-win32'
Mono config path = 'D:/Unity Editors/2022.1.7f1/Editor/Data/MonoBleedingEdge/etc'
Using monoOptions --debugger-agent=transport=dt_socket,embedding=1,server=y,suspend=n,address=127.0.0.1:56580
Begin MonoManager ReloadAssembly
Registering precompiled unity dll's ...
Register platform support module: D:/Unity Editors/2022.1.7f1/Editor/Data/PlaybackEngines/WebGLSupport/UnityEditor.WebGL.Extensions.dll
Register platform support module: D:/Unity Editors/2022.1.7f1/Editor/Data/PlaybackEngines/MacStandaloneSupport/UnityEditor.OSXStandalone.Extensions.dll
Register platform support module: D:/Unity Editors/2022.1.7f1/Editor/Data/PlaybackEngines/AndroidPlayer/UnityEditor.Android.Extensions.dll
Register platform support module: D:/Unity Editors/2022.1.7f1/Editor/Data/PlaybackEngines/WindowsStandaloneSupport/UnityEditor.WindowsStandalone.Extensions.dll
Register platform support module: D:/Unity Editors/2022.1.7f1/Editor/Data/PlaybackEngines/LinuxStandaloneSupport/UnityEditor.LinuxStandalone.Extensions.dll
Register platform support module: D:/Unity Editors/2022.1.7f1/Editor/Data/PlaybackEngines/MetroSupport/UnityEditor.UWP.Extensions.dll
Registered in 0.004835 seconds.
Native extension for UWP target not found
Native extension for LinuxStandalone target not found
Native extension for WindowsStandalone target not found
Native extension for Android target not found
Native extension for OSXStandalone target not found
Native extension for WebGL target not found
Refreshing native plugins compatible for Editor in 76.60 ms, found 3 plugins.
Preloading 0 native plugins for Editor in 0.00 ms.
Mono: successfully reloaded assembly
- Completed reload, in  0.780 seconds
Domain Reload Profiling:
	ReloadAssembly (780ms)
		BeginReloadAssembly (87ms)
			ExecutionOrderSort (0ms)
			DisableScriptedObjects (0ms)
			BackupInstance (0ms)
			ReleaseScriptingObjects (0ms)
			CreateAndSetChildDomain (1ms)
		EndReloadAssembly (581ms)
			LoadAssemblies (89ms)
			RebuildTransferFunctionScriptingTraits (0ms)
			SetupTypeCache (130ms)
				TypeCache.Initialize (129ms)
					TypeCache.ScanAssembly (128ms)
				ResolveRequiredComponents (1ms)
			ReleaseScriptCaches (0ms)
			RebuildScriptCaches (47ms)
			SetupLoadedEditorAssemblies (349ms)
				LogAssemblyErrors (0ms)
				InitializePlatformSupportModulesInManaged (68ms)
				SetLoadedEditorAssemblies (11ms)
				RefreshPlugins (77ms)
				BeforeProcessingInitializeOnLoad (1ms)
				ProcessInitializeOnLoadAttributes (130ms)
				ProcessInitializeOnLoadMethodAttributes (61ms)
				AfterProcessingInitializeOnLoad (0ms)
				EditorAssembliesLoaded (0ms)
			ExecutionOrderSort2 (0ms)
			AwakeInstancesAfterBackupRestoration (0ms)
Platform modules already initialized, skipping
Registering precompiled user dll's ...
Registered in 0.008108 seconds.
Multiple ADB server instances found, the following ADB server instance have been terminated due to being run from another SDK. Process paths: 
C:\Program Files (x86)\Iriun Webcam\adb.exe
UnityEngine.StackTraceUtility:ExtractStackTrace ()
UnityEngine.DebugLogHandler:LogFormat (UnityEngine.LogType,UnityEngine.Object,string,object[])
UnityEngine.Logger:Log (UnityEngine.LogType,object)
UnityEngine.Debug:Log (object)
UnityEditor.Android.AndroidDeploymentTargetsExtension:GetKnownTargets (UnityEditor.DeploymentTargets.IDeploymentTargetsMainThreadContext,UnityEditor.ProgressHandler)
UnityEditor.Android.TargetScanWorker:DoScan (UnityEditor.DeploymentTargets.IDeploymentTargetsExtension,UnityEditor.DeploymentTargets.IDeploymentTargetsMainThreadContext,System.Threading.CancellationToken)
UnityEditor.Android.TargetScanWorker/<>c__DisplayClass8_0:<Scan>b__0 ()
System.Threading.Tasks.Task:InnerInvoke ()
System.Threading.Tasks.Task:Execute ()
System.Threading.Tasks.Task:ExecutionContextCallback (object)
System.Threading.ExecutionContext:RunInternal (System.Threading.ExecutionContext,System.Threading.ContextCallback,object,bool)
System.Threading.ExecutionContext:Run (System.Threading.ExecutionContext,System.Threading.ContextCallback,object,bool)
System.Threading.Tasks.Task:ExecuteWithThreadLocal (System.Threading.Tasks.Task&)
System.Threading.Tasks.Task:ExecuteEntry (bool)
System.Threading.Tasks.Task:System.Threading.IThreadPoolWorkItem.ExecuteWorkItem ()
System.Threading.ThreadPoolWorkQueue:Dispatch ()
System.Threading._ThreadPoolWaitCallback:PerformWaitCallback ()

Begin MonoManager ReloadAssembly
Symbol file LoadedFromMemory doesn't match image G:\Lichs Lair\Lichs Lair\Library\PackageCache\com.unity.visualscripting@1.7.8\Editor\VisualScripting.Core\Dependencies\YamlDotNet\Unity.VisualScripting.YamlDotNet.dll
Symbol file LoadedFromMemory doesn't match image G:\Lichs Lair\Lichs Lair\Library\PackageCache\com.unity.visualscripting@1.7.8\Editor\VisualScripting.Core\Dependencies\DotNetZip\Unity.VisualScripting.IonicZip.dll
Native extension for UWP target not found
Native extension for LinuxStandalone target not found
Native extension for WindowsStandalone target not found
Native extension for Android target not found
Native extension for OSXStandalone target not found
Native extension for WebGL target not found
Refreshing native plugins compatible for Editor in 0.50 ms, found 3 plugins.
Preloading 0 native plugins for Editor in 0.00 ms.
Mono: successfully reloaded assembly
- Completed reload, in  1.265 seconds
Domain Reload Profiling:
	ReloadAssembly (1265ms)
		BeginReloadAssembly (366ms)
			ExecutionOrderSort (0ms)
			DisableScriptedObjects (6ms)
			BackupInstance (0ms)
			ReleaseScriptingObjects (0ms)
			CreateAndSetChildDomain (202ms)
		EndReloadAssembly (786ms)
			LoadAssemblies (116ms)
			RebuildTransferFunctionScriptingTraits (0ms)
			SetupTypeCache (242ms)
				TypeCache.Initialize (237ms)
					TypeCache.ScanAssembly (233ms)
				ResolveRequiredComponents (5ms)
			ReleaseScriptCaches (1ms)
			RebuildScriptCaches (51ms)
			SetupLoadedEditorAssemblies (346ms)
				LogAssemblyErrors (0ms)
				InitializePlatformSupportModulesInManaged (15ms)
				SetLoadedEditorAssemblies (6ms)
				RefreshPlugins (1ms)
				BeforeProcessingInitializeOnLoad (76ms)
				ProcessInitializeOnLoadAttributes (217ms)
				ProcessInitializeOnLoadMethodAttributes (30ms)
				AfterProcessingInitializeOnLoad (2ms)
				EditorAssembliesLoaded (0ms)
			ExecutionOrderSort2 (0ms)
			AwakeInstancesAfterBackupRestoration (7ms)
Platform modules already initialized, skipping
========================================================================
Worker process is ready to serve import requests
Launched and connected shader compiler UnityShaderCompiler.exe after 0.05 seconds
Refreshing native plugins compatible for Editor in 0.50 ms, found 3 plugins.
Preloading 0 native plugins for Editor in 0.00 ms.
Unloading 3254 Unused Serialized files (Serialized files now loaded: 0)
Unloading 25 unused Assets / (57.5 KB). Loaded Objects now: 3717.
Memory consumption went from 499.9 MB to 499.9 MB.
Total: 3.851600 ms (FindLiveObjects: 0.313700 ms CreateObjectMapping: 0.279300 ms MarkObjects: 3.155700 ms  DeleteObjects: 0.101900 ms)

AssetImportParameters requested are different than current active one (requested -> active):
  custom:video-decoder-ogg-theora: a1e56fd34408186e4bbccfd4996cb3dc -> 
  custom:container-muxer-webm: aa71ff27fc2769a1b78a27578f13a17b -> 
  custom:container-demuxer-webm: 4f35f7cbe854078d1ac9338744f61a02 -> 
  custom:video-encoder-webm-vp8: eb34c28f22e8b96e1ab97ce403110664 -> 
  custom:audio-encoder-webm-vorbis: bf7c407c2cedff20999df2af8eb42d56 -> 
  custom:framework-win-MediaFoundation: 216162199b28c13a410421893ffa2e32 -> 
  custom:container-demuxer-ogg: 62fdf1f143b41e24485cea50d1cbac27 -> 
  custom:video-decoder-webm-vp8: 9c59270c3fd7afecdb556c50c9e8de78 -> 
  custom:audio-decoder-ogg-vorbis: bf7c407c2cedff20999df2af8eb42d56 -> 
========================================================================
Received Import Request.
  Time since last request: 7245.823966 seconds.
  path: Assets
  artifactKey: Guid(00000000000000001000000000000000) Importer(815301076,1909f56bfc062723c751e8b465ee728b)
Start importing Assets using Guid(00000000000000001000000000000000) Importer(815301076,1909f56bfc062723c751e8b465ee728b)  -> (artifact id: '6e8165099f8bfd50797b2ebe9f8b211b') in 0.057720 seconds 
========================================================================
Received Import Request.
  Time since last request: 11.972088 seconds.
  path: Assets/New Folder
  artifactKey: Guid(fe882994861de63498fbd587939dafde) Importer(815301076,1909f56bfc062723c751e8b465ee728b)
Start importing Assets/New Folder using Guid(fe882994861de63498fbd587939dafde) Importer(815301076,1909f56bfc062723c751e8b465ee728b)  -> (artifact id: 'c7a6864aaa0065f664238392df373c6d') in 0.102325 seconds 
========================================================================
Received Import Request.
  Time since last request: 5.753092 seconds.
  path: Assets/Code
  artifactKey: Guid(fe882994861de63498fbd587939dafde) Importer(815301076,1909f56bfc062723c751e8b465ee728b)
Start importing Assets/Code using Guid(fe882994861de63498fbd587939dafde) Importer(815301076,1909f56bfc062723c751e8b465ee728b)  -> (artifact id: '82c5441a2cac325075fffe55127aa669') in 1.302344 seconds 
========================================================================
Received Import Request.
  Time since last request: 6.133073 seconds.
  path: Assets/Models
  artifactKey: Guid(64b3bb485871769488c0faf9658fab6a) Importer(815301076,1909f56bfc062723c751e8b465ee728b)
Start importing Assets/Models using Guid(64b3bb485871769488c0faf9658fab6a) Importer(815301076,1909f56bfc062723c751e8b465ee728b)  -> (artifact id: '5c1066cc78cdcc655b3e61cc431e4a77') in 1.217769 seconds 
========================================================================
Received Import Request.
  Time since last request: 6.220383 seconds.
  path: Assets/UI
  artifactKey: Guid(bc367879ab323184c819779aaafc2b88) Importer(815301076,1909f56bfc062723c751e8b465ee728b)
Start importing Assets/UI using Guid(bc367879ab323184c819779aaafc2b88) Importer(815301076,1909f56bfc062723c751e8b465ee728b)  -> (artifact id: '6334def2255917a0e097b5d7b5d6527f') in 0.257161 seconds 
========================================================================
Received Import Request.
  Time since last request: 4.887657 seconds.
  path: Assets/Images
  artifactKey: Guid(c02b9ec79ec5be0458005bedc9f3e697) Importer(815301076,1909f56bfc062723c751e8b465ee728b)
Start importing Assets/Images using Guid(c02b9ec79ec5be0458005bedc9f3e697) Importer(815301076,1909f56bfc062723c751e8b465ee728b)  -> (artifact id: 'bb46be6dd7de3c5b13e300dc6f4be776') in 0.032091 seconds 
========================================================================
Received Import Request.
  Time since last request: 14.428267 seconds.
  path: Assets/Text Files
  artifactKey: Guid(82ab7374fc270b549a3f92c1de00840f) Importer(815301076,1909f56bfc062723c751e8b465ee728b)
Start importing Assets/Text Files using Guid(82ab7374fc270b549a3f92c1de00840f) Importer(815301076,1909f56bfc062723c751e8b465ee728b)  -> (artifact id: '8dedb24e616bdb371d200b92d264a7ce') in 0.526710 seconds 
========================================================================
Received Import Request.
  Time since last request: 7.556358 seconds.
  path: Assets/Models/Enemy
  artifactKey: Guid(24e1199120197b3499d03ca79142457d) Importer(815301076,1909f56bfc062723c751e8b465ee728b)
Start importing Assets/Models/Enemy using Guid(24e1199120197b3499d03ca79142457d) Importer(815301076,1909f56bfc062723c751e8b465ee728b)  -> (artifact id: '466513ca25b7eb93349350ffb33ebe68') in 0.021889 seconds 
========================================================================
Received Import Request.
  Time since last request: 9.638741 seconds.
  path: Assets/Models/NPc
  artifactKey: Guid(ac65b831772a9c54cb0a57c7a30d1aed) Importer(815301076,1909f56bfc062723c751e8b465ee728b)
Start importing Assets/Models/NPc using Guid(ac65b831772a9c54cb0a57c7a30d1aed) Importer(815301076,1909f56bfc062723c751e8b465ee728b)  -> (artifact id: 'a929de046124941cf04dd392b7896702') in 0.106891 seconds 
========================================================================
Received Import Request.
  Time since last request: 2.118824 seconds.
  path: Assets/Models/NPC
  artifactKey: Guid(ac65b831772a9c54cb0a57c7a30d1aed) Importer(815301076,1909f56bfc062723c751e8b465ee728b)
Start importing Assets/Models/NPC using Guid(ac65b831772a9c54cb0a57c7a30d1aed) Importer(815301076,1909f56bfc062723c751e8b465ee728b)  -> (artifact id: '072ab39fbcff2b2ff442359421cebbfb') in 0.032940 seconds 
========================================================================
Received Import Request.
  Time since last request: 9.605838 seconds.
  path: Assets/Models/Player
  artifactKey: Guid(2f6aef1e49ca88e4395b1be937ddb1da) Importer(815301076,1909f56bfc062723c751e8b465ee728b)
Start importing Assets/Models/Player using Guid(2f6aef1e49ca88e4395b1be937ddb1da) Importer(815301076,1909f56bfc062723c751e8b465ee728b)  -> (artifact id: 'fef31dfd8e834efe46edc8fc765ec8ca') in 0.026512 seconds 
========================================================================
Received Import Request.
  Time since last request: 8.435970 seconds.
  path: Assets/Models/Environment
  artifactKey: Guid(3f526e2ed19c51e4db44fc10aca37c27) Importer(815301076,1909f56bfc062723c751e8b465ee728b)
Start importing Assets/Models/Environment using Guid(3f526e2ed19c51e4db44fc10aca37c27) Importer(815301076,1909f56bfc062723c751e8b465ee728b)  -> (artifact id: '1b9a6bdc5cb1f8f62f7b95dd2d41beaa') in 0.036699 seconds 
========================================================================
Received Import Request.
  Time since last request: 18.742210 seconds.
  path: Assets/Models/Objects
  artifactKey: Guid(fadff4b79022d834d9425d8e8af24e89) Importer(815301076,1909f56bfc062723c751e8b465ee728b)
Start importing Assets/Models/Objects using Guid(fadff4b79022d834d9425d8e8af24e89) Importer(815301076,1909f56bfc062723c751e8b465ee728b)  -> (artifact id: 'e23878b2a552c33f261ef9914da1458c') in 0.094476 seconds 
