Using pre-set license
Built from '2020.2/staging' branch; Version is '2020.2.6f1 (8a2143876886) revision 9052483'; Using compiler version '192528614'; Build Type 'Release'
OS: 'Windows 10 Pro; OS build 22621.1992; Version 2009; 64bit' Language: 'en' Physical Memory: 32684 MB
BatchMode: 1, IsHumanControllingUs: 0, StartBugReporterOnCrash: 0, Is64bit: 1, IsPro: 0

 COMMAND LINE ARGUMENTS:
C:\Program Files\Unity\Hub\Editor\2020.2.6f1\Editor\Unity.exe
-adb2
-batchMode
-noUpm
-name
AssetImportWorker0
-projectPath
G:/Lichs_Lair_Game/LL_Project/Lichs Lair DO NOT USE/Lichs_Lair_Game/LL_Project/Shader Fixed/Lichs Lair Downgraded
-logFile
Logs/AssetImportWorker0.log
-srvPort
50998
Successfully changed project path to: G:/Lichs_Lair_Game/LL_Project/Lichs Lair DO NOT USE/Lichs_Lair_Game/LL_Project/Shader Fixed/Lichs Lair Downgraded
G:/Lichs_Lair_Game/LL_Project/Lichs Lair DO NOT USE/Lichs_Lair_Game/LL_Project/Shader Fixed/Lichs Lair Downgraded
Using Asset Import Pipeline V2.
Refreshing native plugins compatible for Editor in 240.88 ms, found 0 plugins.
Preloading 0 native plugins for Editor in 0.00 ms.
Initialize engine version: 2020.2.6f1 (8a2143876886)
[Subsystems] Discovering subsystems at path C:/Program Files/Unity/Hub/Editor/2020.2.6f1/Editor/Data/Resources/UnitySubsystems
[Subsystems] Discovering subsystems at path G:/Lichs_Lair_Game/LL_Project/Lichs Lair DO NOT USE/Lichs_Lair_Game/LL_Project/Shader Fixed/Lichs Lair Downgraded/Assets
GfxDevice: creating device client; threaded=0
Direct3D:
    Version:  Direct3D 11.0 [level 11.1]
    Renderer: NVIDIA GeForce GTX 1060 6GB (ID=0x1c03)
    Vendor:   
    VRAM:     6043 MB
    Driver:   31.0.15.3598
Shader 'Universal Render Pipeline/Particles/Lit': fallback shader 'Universal Render Pipeline/Particles/SimpleLit' not found
Initialize mono
Mono path[0] = 'C:/Program Files/Unity/Hub/Editor/2020.2.6f1/Editor/Data/Managed'
Mono path[1] = 'C:/Program Files/Unity/Hub/Editor/2020.2.6f1/Editor/Data/MonoBleedingEdge/lib/mono/unityjit'
Mono config path = 'C:/Program Files/Unity/Hub/Editor/2020.2.6f1/Editor/Data/MonoBleedingEdge/etc'
Using monoOptions --debugger-agent=transport=dt_socket,embedding=1,server=y,suspend=n,address=127.0.0.1:56892
Begin MonoManager ReloadAssembly
Registering precompiled unity dll's ...
Register platform support module: C:/Program Files/Unity/Hub/Editor/2020.2.6f1/Editor/Data/PlaybackEngines/MacStandaloneSupport/UnityEditor.OSXStandalone.Extensions.dll
Register platform support module: C:/Program Files/Unity/Hub/Editor/2020.2.6f1/Editor/Data/PlaybackEngines/WindowsStandaloneSupport/UnityEditor.WindowsStandalone.Extensions.dll
Registered in 0.002021 seconds.
Native extension for WindowsStandalone target not found
Native extension for OSXStandalone target not found
Refreshing native plugins compatible for Editor in 71.64 ms, found 0 plugins.
Preloading 0 native plugins for Editor in 0.00 ms.
Invoked RoslynAnalysisRunner static constructor.
RoslynAnalysisRunner will not be running.
RoslynAnalysisRunner has terminated.
Mono: successfully reloaded assembly
- Completed reload, in  1.239 seconds
Platform modules already initialized, skipping
Registering precompiled user dll's ...
Registered in 0.001747 seconds.
Begin MonoManager ReloadAssembly
Native extension for WindowsStandalone target not found
Native extension for OSXStandalone target not found
Refreshing native plugins compatible for Editor in 45.83 ms, found 0 plugins.
Preloading 0 native plugins for Editor in 0.00 ms.
Invoked RoslynAnalysisRunner static constructor.
RoslynAnalysisRunner will not be running.
RoslynAnalysisRunner has terminated.
Mono: successfully reloaded assembly
- Completed reload, in  0.884 seconds
Platform modules already initialized, skipping
========================================================================
Worker process is ready to serve import requests
Shader 'Universal Render Pipeline/Particles/Lit': fallback shader 'Universal Render Pipeline/Particles/SimpleLit' not found
Launched and connected shader compiler UnityShaderCompiler.exe after 0.04 seconds
Refreshing native plugins compatible for Editor in 0.49 ms, found 0 plugins.
Preloading 0 native plugins for Editor in 0.00 ms.
Unloading 2552 Unused Serialized files (Serialized files now loaded: 0)
System memory in use before: 119.8 MB.
System memory in use after: 120.0 MB.

Unloading 11 unused Assets to reduce memory usage. Loaded Objects now: 2997.
Total: 2.003800 ms (FindLiveObjects: 0.265300 ms CreateObjectMapping: 0.137800 ms MarkObjects: 1.528500 ms  DeleteObjects: 0.071100 ms)

========================================================================
Received Import Request.
  path: Assets/Character.mat
  artifactKey: Guid(9796126c0b360f341b2cc7e776cbf924) Importer(815301076,1909f56bfc062723c751e8b465ee728b)
Start importing Assets/Character.mat using Guid(9796126c0b360f341b2cc7e776cbf924) Importer(815301076,1909f56bfc062723c751e8b465ee728b)  -> (artifact id: 'fb0f9f10c5411d404973a9c0d203caa2') in 0.567009 seconds
  Import took 0.570621 seconds .

========================================================================
Received Import Request.
  Time since last request: 0.000250 seconds.
  path: Assets/Inventory.prefab
  artifactKey: Guid(87cc3020623be714e87a6b19eed7e701) Importer(815301076,1909f56bfc062723c751e8b465ee728b)
Start importing Assets/Inventory.prefab using Guid(87cc3020623be714e87a6b19eed7e701) Importer(815301076,1909f56bfc062723c751e8b465ee728b)  -> (artifact id: '4a932dd1ad3c4166bee513349d97b02e') in 0.124255 seconds
  Import took 0.129371 seconds .

========================================================================
Received Import Request.
  Time since last request: 0.000261 seconds.
  path: Assets/Pixel Lich.renderTexture
  artifactKey: Guid(f9c5a100bd66f774cacef48d942544ab) Importer(815301076,1909f56bfc062723c751e8b465ee728b)
Start importing Assets/Pixel Lich.renderTexture using Guid(f9c5a100bd66f774cacef48d942544ab) Importer(815301076,1909f56bfc062723c751e8b465ee728b)  -> (artifact id: '42ba7d40c579c455446f85b2548103df') in 0.015105 seconds
  Import took 0.018928 seconds .

========================================================================
Received Import Request.
  Time since last request: 0.000285 seconds.
  path: Assets/Pixel Shader.prefab
  artifactKey: Guid(f7a0e6ad6eb12104aaeddcf7915bd0a0) Importer(815301076,1909f56bfc062723c751e8b465ee728b)
Start importing Assets/Pixel Shader.prefab using Guid(f7a0e6ad6eb12104aaeddcf7915bd0a0) Importer(815301076,1909f56bfc062723c751e8b465ee728b)  -> (artifact id: '0da508cce5834df72d19f02f2c6b6f4b') in 0.007263 seconds
  Import took 0.010951 seconds .

========================================================================
Received Import Request.
  Time since last request: 0.000247 seconds.
  path: Assets/Readme.asset
  artifactKey: Guid(83c2ed844a8c74b779a4c823d16594b1) Importer(815301076,1909f56bfc062723c751e8b465ee728b)
Start importing Assets/Readme.asset using Guid(83c2ed844a8c74b779a4c823d16594b1) Importer(815301076,1909f56bfc062723c751e8b465ee728b)  -> (artifact id: 'f058cc4b09de2d41b5620f8d110ef2a9') in 0.009781 seconds
  Import took 0.013022 seconds .

========================================================================
Received Import Request.
  Time since last request: 122.756968 seconds.
  path: Assets/Settings/achievement.png
  artifactKey: Guid(10d34017cd5078a4ca22e55398deecca) Importer(815301076,1909f56bfc062723c751e8b465ee728b)
Start importing Assets/Settings/achievement.png using Guid(10d34017cd5078a4ca22e55398deecca) Importer(815301076,1909f56bfc062723c751e8b465ee728b)  -> (artifact id: '20a7e97c65f27998388d9cba8e66a124') in 0.015969 seconds
  Import took 0.020286 seconds .

========================================================================
Received Import Request.
  Time since last request: 0.000242 seconds.
  path: Assets/Presets/AudioStreaming.preset
  artifactKey: Guid(86bcce7f5575b54408aa0f3a7d321039) Importer(815301076,1909f56bfc062723c751e8b465ee728b)
Start importing Assets/Presets/AudioStreaming.preset using Guid(86bcce7f5575b54408aa0f3a7d321039) Importer(815301076,1909f56bfc062723c751e8b465ee728b)  -> (artifact id: 'cbea579cda2c62fd61e256c9ba0b45c0') in 0.006360 seconds
  Import took 0.009379 seconds .

========================================================================
Received Import Request.
  Time since last request: 0.000246 seconds.
  path: Assets/Presets/AudioCompressedInMemory.preset
  artifactKey: Guid(2dd802e4d37c65149922028d3e973832) Importer(815301076,1909f56bfc062723c751e8b465ee728b)
Start importing Assets/Presets/AudioCompressedInMemory.preset using Guid(2dd802e4d37c65149922028d3e973832) Importer(815301076,1909f56bfc062723c751e8b465ee728b)  -> (artifact id: '91774d84709cbe3bf7e3385813abd40e') in 0.004290 seconds
  Import took 0.007482 seconds .

========================================================================
Received Import Request.
  Time since last request: 0.000273 seconds.
  path: Assets/Reference/Pixel Shader Advanced/Character/Basic Motions Dummy.fbx
  artifactKey: Guid(5917c0e93d180a842b61d1ebc62a195c) Importer(815301076,1909f56bfc062723c751e8b465ee728b)
Start importing Assets/Reference/Pixel Shader Advanced/Character/Basic Motions Dummy.fbx using Guid(5917c0e93d180a842b61d1ebc62a195c) Importer(815301076,1909f56bfc062723c751e8b465ee728b)  -> (artifact id: '5f679223327eebfc7276a31ffb447a32') in 0.538127 seconds
  Import took 0.541568 seconds .

========================================================================
Received Import Request.
  Time since last request: 0.000240 seconds.
  path: Assets/3D Models/Environment/Door/DoorsDoor Open.fbx
  artifactKey: Guid(0a4c5416151cca24184c058f56c1dc0d) Importer(815301076,1909f56bfc062723c751e8b465ee728b)
Start importing Assets/3D Models/Environment/Door/DoorsDoor Open.fbx using Guid(0a4c5416151cca24184c058f56c1dc0d) Importer(815301076,1909f56bfc062723c751e8b465ee728b)  -> (artifact id: '562f52f91f088ba5ef154c8284b6d0e3') in 0.049607 seconds
  Import took 0.052717 seconds .

========================================================================
Received Import Request.
  Time since last request: 0.000255 seconds.
  path: Assets/ExampleAssets/Models/hammer_low.fbx
  artifactKey: Guid(68a66fb5a71f8204a8dcb613c97d1fa8) Importer(815301076,1909f56bfc062723c751e8b465ee728b)
Start importing Assets/ExampleAssets/Models/hammer_low.fbx using Guid(68a66fb5a71f8204a8dcb613c97d1fa8) Importer(815301076,1909f56bfc062723c751e8b465ee728b)  -> (artifact id: '4490e7d69e53774180c0b523e845944b') in 0.018843 seconds
  Import took 0.022078 seconds .

========================================================================
Received Import Request.
  Time since last request: 0.000261 seconds.
  path: Assets/3D Models/Levels/Level2/Floor 2 Camera Trigger 1.fbx
  artifactKey: Guid(2fc5e162a800c834aaf6f55af88160dc) Importer(815301076,1909f56bfc062723c751e8b465ee728b)
Start importing Assets/3D Models/Levels/Level2/Floor 2 Camera Trigger 1.fbx using Guid(2fc5e162a800c834aaf6f55af88160dc) Importer(815301076,1909f56bfc062723c751e8b465ee728b)  -> (artifact id: 'f865bf73b184d5d0f3ca2b341d8d5f44') in 0.018943 seconds
  Import took 0.022129 seconds .

========================================================================
Received Import Request.
  Time since last request: 0.000208 seconds.
  path: Assets/Art/UI/Spells/FireBall/Fireball_Element White.png
  artifactKey: Guid(7f9080fd8ff0b3e49b71f84e6dd6fca2) Importer(815301076,1909f56bfc062723c751e8b465ee728b)
Start importing Assets/Art/UI/Spells/FireBall/Fireball_Element White.png using Guid(7f9080fd8ff0b3e49b71f84e6dd6fca2) Importer(815301076,1909f56bfc062723c751e8b465ee728b)  -> (artifact id: '06a866c1b3d05f65cd0942940f933831') in 0.020937 seconds
  Import took 0.024333 seconds .

========================================================================
Received Import Request.
  Time since last request: 0.000260 seconds.
  path: Assets/3D Models/Enemy/deathknightmetal 1.mat
  artifactKey: Guid(3161f4b17f71cf443946eeac7e002445) Importer(815301076,1909f56bfc062723c751e8b465ee728b)
Start importing Assets/3D Models/Enemy/deathknightmetal 1.mat using Guid(3161f4b17f71cf443946eeac7e002445) Importer(815301076,1909f56bfc062723c751e8b465ee728b)  -> (artifact id: 'a7a636a70fede058174134f117d2d33a') in 0.010737 seconds
  Import took 0.014032 seconds .

========================================================================
Received Import Request.
  Time since last request: 0.000275 seconds.
  path: Assets/Art/UI/General/HP.ManaBar/HP.ManaBar_FRAME.png
  artifactKey: Guid(765c3c78db2601e46b15b9e5334e2471) Importer(815301076,1909f56bfc062723c751e8b465ee728b)
Start importing Assets/Art/UI/General/HP.ManaBar/HP.ManaBar_FRAME.png using Guid(765c3c78db2601e46b15b9e5334e2471) Importer(815301076,1909f56bfc062723c751e8b465ee728b)  -> (artifact id: '0bf11a7ed2bd063554da97b246075b01') in 0.016204 seconds
  Import took 0.019502 seconds .

========================================================================
Received Import Request.
  Time since last request: 0.000214 seconds.
  path: Assets/Levl 1 Recovery/GlobalVolumeProfile.asset
  artifactKey: Guid(c68c2f01e60d0a04b8af45b65dd3202c) Importer(815301076,1909f56bfc062723c751e8b465ee728b)
Start importing Assets/Levl 1 Recovery/GlobalVolumeProfile.asset using Guid(c68c2f01e60d0a04b8af45b65dd3202c) Importer(815301076,1909f56bfc062723c751e8b465ee728b)  -> (artifact id: '87125b4ad2884475ea5b4d79549131ae') in 0.007163 seconds
  Import took 0.010417 seconds .

========================================================================
Received Import Request.
  Time since last request: 0.000245 seconds.
  path: Assets/3D Models/Environment/Door/DoorsDoor Closed Idle.fbx
  artifactKey: Guid(cf66e7c81f7910341be417d6fa660bda) Importer(815301076,1909f56bfc062723c751e8b465ee728b)
Start importing Assets/3D Models/Environment/Door/DoorsDoor Closed Idle.fbx using Guid(cf66e7c81f7910341be417d6fa660bda) Importer(815301076,1909f56bfc062723c751e8b465ee728b)  -> (artifact id: '2d901630ee030c5c118e1c086bf481f3') in 0.049259 seconds
  Import took 0.052773 seconds .

========================================================================
Received Import Request.
  Time since last request: 0.000218 seconds.
  path: Assets/3D Models/Levels/Level2/Floor 2 Camera Trigger.fbx
  artifactKey: Guid(21bc70291097b5e4b8396b0294ce5ec1) Importer(815301076,1909f56bfc062723c751e8b465ee728b)
Start importing Assets/3D Models/Levels/Level2/Floor 2 Camera Trigger.fbx using Guid(21bc70291097b5e4b8396b0294ce5ec1) Importer(815301076,1909f56bfc062723c751e8b465ee728b)  -> (artifact id: 'ccd886ac901d8be5657f0dce59a2269d') in 0.019136 seconds
  Import took 0.022506 seconds .

========================================================================
Received Import Request.
  Time since last request: 0.000279 seconds.
  path: Assets/3D Models/Levels/Level3_Thick/Level 3 Fixed.fbx
  artifactKey: Guid(980338a8a27a4fb44bac4f1592d261dc) Importer(815301076,1909f56bfc062723c751e8b465ee728b)
Start importing Assets/3D Models/Levels/Level3_Thick/Level 3 Fixed.fbx using Guid(980338a8a27a4fb44bac4f1592d261dc) Importer(815301076,1909f56bfc062723c751e8b465ee728b)  -> (artifact id: '3035b5b94805ecd3dcf879d07908b392') in 0.577042 seconds
  Import took 0.581658 seconds .

========================================================================
Received Import Request.
  Time since last request: 0.000223 seconds.
  path: Assets/Prefabs/Menu UI (1).prefab
  artifactKey: Guid(4c1d27e6ab3b89042b5d568285f1f12e) Importer(815301076,1909f56bfc062723c751e8b465ee728b)
Start importing Assets/Prefabs/Menu UI (1).prefab using Guid(4c1d27e6ab3b89042b5d568285f1f12e) Importer(815301076,1909f56bfc062723c751e8b465ee728b)  -> (artifact id: 'c74b447ef56199bfcd2f5ec5fdedf568') in 0.037133 seconds
  Import took 0.041500 seconds .

========================================================================
Received Import Request.
  Time since last request: 0.000273 seconds.
  path: Assets/Settings/Menu.asset
  artifactKey: Guid(e306a991ddca26d4782770564d98980e) Importer(815301076,1909f56bfc062723c751e8b465ee728b)
Start importing Assets/Settings/Menu.asset using Guid(e306a991ddca26d4782770564d98980e) Importer(815301076,1909f56bfc062723c751e8b465ee728b)  -> (artifact id: 'f5aa31294928d9e8af6a3c61da2cf582') in 0.004583 seconds
  Import took 0.008079 seconds .

========================================================================
Received Import Request.
  Time since last request: 0.000291 seconds.
  path: Assets/3D Models/Environment/Door/DoorsDoor Open Idle.fbx
  artifactKey: Guid(adc5c5784d7697843832f76d838243d7) Importer(815301076,1909f56bfc062723c751e8b465ee728b)
Start importing Assets/3D Models/Environment/Door/DoorsDoor Open Idle.fbx using Guid(adc5c5784d7697843832f76d838243d7) Importer(815301076,1909f56bfc062723c751e8b465ee728b)  -> (artifact id: '4d7eb9a0d23745fe1133383b139aaccf') in 0.047192 seconds
  Import took 0.050688 seconds .

========================================================================
Received Import Request.
  Time since last request: 0.000211 seconds.
  path: Assets/ExampleAssets/Textures/Props/Hammer/Hammer_MetallicOcculusionSmoothness.tif
  artifactKey: Guid(6c509e4ae024b5e4faeefb92dab5c812) Importer(815301076,1909f56bfc062723c751e8b465ee728b)
Start importing Assets/ExampleAssets/Textures/Props/Hammer/Hammer_MetallicOcculusionSmoothness.tif using Guid(6c509e4ae024b5e4faeefb92dab5c812) Importer(815301076,1909f56bfc062723c751e8b465ee728b)  -> (artifact id: 'd7e9be3e21d74f2f9c61fb01cb64bc2e') in 0.011166 seconds
  Import took 0.014780 seconds .

========================================================================
Received Import Request.
  Time since last request: 0.000242 seconds.
  path: Assets/Prefabs/CameraTrigger 1.prefab
  artifactKey: Guid(2b82a32cc2c6c5b48bd83cb9a1486a9a) Importer(815301076,1909f56bfc062723c751e8b465ee728b)
Start importing Assets/Prefabs/CameraTrigger 1.prefab using Guid(2b82a32cc2c6c5b48bd83cb9a1486a9a) Importer(815301076,1909f56bfc062723c751e8b465ee728b)  -> (artifact id: '23665a4ef54b1d7cafba7dc68dcee1a3') in 0.005577 seconds
  Import took 0.008981 seconds .

========================================================================
Received Import Request.
  Time since last request: 0.000155 seconds.
  path: Assets/ExampleAssets/Textures/Props/Construction_Light/ConstructionLight_MetallicOcculusionSmoothness.tif
  artifactKey: Guid(9a81f1a59f171804e84fce76584bdcb7) Importer(815301076,1909f56bfc062723c751e8b465ee728b)
Start importing Assets/ExampleAssets/Textures/Props/Construction_Light/ConstructionLight_MetallicOcculusionSmoothness.tif using Guid(9a81f1a59f171804e84fce76584bdcb7) Importer(815301076,1909f56bfc062723c751e8b465ee728b)  -> (artifact id: 'c1a2f13a219e4ddc8a6700718ee3ad06') in 0.010799 seconds
  Import took 0.014000 seconds .

========================================================================
Received Import Request.
  Time since last request: 0.000263 seconds.
  path: Assets/ExampleAssets/Materials/Hammer_Mat.mat
  artifactKey: Guid(4efcffd7ae23f1e41943fd914b18da10) Importer(815301076,1909f56bfc062723c751e8b465ee728b)
Start importing Assets/ExampleAssets/Materials/Hammer_Mat.mat using Guid(4efcffd7ae23f1e41943fd914b18da10) Importer(815301076,1909f56bfc062723c751e8b465ee728b)  -> (artifact id: 'dcdace568dbe4a2aed5a50f38dda5982') in 0.322418 seconds
  Import took 0.325992 seconds .

========================================================================
Received Import Request.
  Time since last request: 0.000241 seconds.
  path: Assets/ExampleAssets/Textures/Plastic/Elastic_MetallicOcculusionSmoothness.tif
  artifactKey: Guid(f5df2fb0c070b57429f8ca23b216093b) Importer(815301076,1909f56bfc062723c751e8b465ee728b)
Start importing Assets/ExampleAssets/Textures/Plastic/Elastic_MetallicOcculusionSmoothness.tif using Guid(f5df2fb0c070b57429f8ca23b216093b) Importer(815301076,1909f56bfc062723c751e8b465ee728b)  -> (artifact id: '2506cddcb25a1342242aeed4fa760a05') in 0.008582 seconds
  Import took 0.012482 seconds .

========================================================================
Received Import Request.
  Time since last request: 0.000258 seconds.
  path: Assets/ExampleAssets/Textures/Concrete/Ground_MetallicOcculusionSmoothness.tif
  artifactKey: Guid(a8d38587573a5f34c91c4ae0fbd8bfef) Importer(815301076,1909f56bfc062723c751e8b465ee728b)
Start importing Assets/ExampleAssets/Textures/Concrete/Ground_MetallicOcculusionSmoothness.tif using Guid(a8d38587573a5f34c91c4ae0fbd8bfef) Importer(815301076,1909f56bfc062723c751e8b465ee728b)  -> (artifact id: '472c30aaedc2614809dee02e0a0f2ae6') in 0.012650 seconds
  Import took 0.016141 seconds .

========================================================================
Received Import Request.
  Time since last request: 0.000242 seconds.
  path: Assets/3D Models/Environment/Door/DoorsDoor Close.fbx
  artifactKey: Guid(8535e5f73d669234e96ac91f12996fab) Importer(815301076,1909f56bfc062723c751e8b465ee728b)
Start importing Assets/3D Models/Environment/Door/DoorsDoor Close.fbx using Guid(8535e5f73d669234e96ac91f12996fab) Importer(815301076,1909f56bfc062723c751e8b465ee728b)  -> (artifact id: '961b525c48684c8bfce211770a41d33f') in 0.051865 seconds
  Import took 0.055551 seconds .

========================================================================
Received Import Request.
  Time since last request: 0.000276 seconds.
  path: Assets/3D Models/Levels/Level3_Thick/Textures/Door_Frame1.mat
  artifactKey: Guid(4ab72f49d3d29054aa35a9883751088b) Importer(815301076,1909f56bfc062723c751e8b465ee728b)
Start importing Assets/3D Models/Levels/Level3_Thick/Textures/Door_Frame1.mat using Guid(4ab72f49d3d29054aa35a9883751088b) Importer(815301076,1909f56bfc062723c751e8b465ee728b)  -> (artifact id: '28dd97ddd62c062428f6f741d282f47a') in 0.009377 seconds
  Import took 0.012686 seconds .

========================================================================
Received Import Request.
  Time since last request: 0.000217 seconds.
  path: Assets/3D Models/Levels/Level2/Floor 2 Camera Trigger 2.fbx
  artifactKey: Guid(02c159cecd9bf384e92fe580c5111f31) Importer(815301076,1909f56bfc062723c751e8b465ee728b)
Start importing Assets/3D Models/Levels/Level2/Floor 2 Camera Trigger 2.fbx using Guid(02c159cecd9bf384e92fe580c5111f31) Importer(815301076,1909f56bfc062723c751e8b465ee728b)  -> (artifact id: '725d119b43781ed8012dc891a14ab175') in 0.045456 seconds
  Import took 0.048983 seconds .

========================================================================
Received Import Request.
  Time since last request: 0.000248 seconds.
  path: Assets/Prefabs/Important/GameManager.prefab
  artifactKey: Guid(2e12e096d4f9dd648807f28a8603023a) Importer(815301076,1909f56bfc062723c751e8b465ee728b)
Start importing Assets/Prefabs/Important/GameManager.prefab using Guid(2e12e096d4f9dd648807f28a8603023a) Importer(815301076,1909f56bfc062723c751e8b465ee728b)  -> (artifact id: 'ac042d33edb57644a388bbd603d7a38e') in 0.122374 seconds
  Import took 0.133523 seconds .

========================================================================
Received Import Request.
  Time since last request: 0.000239 seconds.
  path: Assets/3D Models/Enemy/Shoulder pad.fbx
  artifactKey: Guid(842a83a885741b54abbd672b1f077670) Importer(815301076,1909f56bfc062723c751e8b465ee728b)
Start importing Assets/3D Models/Enemy/Shoulder pad.fbx using Guid(842a83a885741b54abbd672b1f077670) Importer(815301076,1909f56bfc062723c751e8b465ee728b)  -> (artifact id: '9b7eb3a65b7787ad9e0608ad37227372') in 0.016166 seconds
  Import took 0.019799 seconds .

========================================================================
Received Import Request.
  Time since last request: 0.000295 seconds.
  path: Assets/ExampleAssets/Models/Workbench.fbx
  artifactKey: Guid(efe9381559c516743bd05cef82f39ebb) Importer(815301076,1909f56bfc062723c751e8b465ee728b)
Start importing Assets/ExampleAssets/Models/Workbench.fbx using Guid(efe9381559c516743bd05cef82f39ebb) Importer(815301076,1909f56bfc062723c751e8b465ee728b)  -> (artifact id: '51ceabd0515d1311b8f0f44a2bfa76f8') in 0.069153 seconds
  Import took 0.072729 seconds .

========================================================================
Received Import Request.
  Time since last request: 0.000261 seconds.
  path: Assets/Presets/Defaults/AudioDecompressOnLoad.preset
  artifactKey: Guid(e7689051185d12f4298e1ebb2693a29f) Importer(815301076,1909f56bfc062723c751e8b465ee728b)
Start importing Assets/Presets/Defaults/AudioDecompressOnLoad.preset using Guid(e7689051185d12f4298e1ebb2693a29f) Importer(815301076,1909f56bfc062723c751e8b465ee728b)  -> (artifact id: '477d2dcb375f6052e717ab18fc664ec0') in 0.005719 seconds
  Import took 0.008764 seconds .

========================================================================
Received Import Request.
  Time since last request: 0.000252 seconds.
  path: Assets/3D Models/Enemy/deathknightmetal.mat
  artifactKey: Guid(0d8feeaf34a73444cbe26488066f8b8b) Importer(815301076,1909f56bfc062723c751e8b465ee728b)
Start importing Assets/3D Models/Enemy/deathknightmetal.mat using Guid(0d8feeaf34a73444cbe26488066f8b8b) Importer(815301076,1909f56bfc062723c751e8b465ee728b)  -> (artifact id: 'fa5a2ff4be7bb3c2d5326f6200608db5') in 0.010441 seconds
  Import took 0.013794 seconds .

========================================================================
Received Import Request.
  Time since last request: 0.000242 seconds.
  path: Assets/ExampleAssets/Textures/Props/Hammer/Hammer_Albedo.tif
  artifactKey: Guid(59c8de363dc14c54986d0751c2c38342) Importer(815301076,1909f56bfc062723c751e8b465ee728b)
Start importing Assets/ExampleAssets/Textures/Props/Hammer/Hammer_Albedo.tif using Guid(59c8de363dc14c54986d0751c2c38342) Importer(815301076,1909f56bfc062723c751e8b465ee728b)  -> (artifact id: '6af9681585fa0509300a251c216d77d3') in 0.008450 seconds
  Import took 0.011794 seconds .

========================================================================
Received Import Request.
  Time since last request: 0.000241 seconds.
  path: Assets/ExampleAssets/Textures/Props/Hammer/Hammer_Normal.tif
  artifactKey: Guid(c517a9b1527aec343806327b47ad22df) Importer(815301076,1909f56bfc062723c751e8b465ee728b)
Start importing Assets/ExampleAssets/Textures/Props/Hammer/Hammer_Normal.tif using Guid(c517a9b1527aec343806327b47ad22df) Importer(815301076,1909f56bfc062723c751e8b465ee728b)  -> (artifact id: 'b0abe392e67d125fb444a3e0aa24cb70') in 0.011765 seconds
  Import took 0.014971 seconds .

========================================================================
Received Import Request.
  Time since last request: 0.000227 seconds.
  path: Assets/Prefabs/3D/Environment/Flame Fire 1.prefab
  artifactKey: Guid(6c17ee7d8c45e14479143122045d89a4) Importer(815301076,1909f56bfc062723c751e8b465ee728b)
Start importing Assets/Prefabs/3D/Environment/Flame Fire 1.prefab using Guid(6c17ee7d8c45e14479143122045d89a4) Importer(815301076,1909f56bfc062723c751e8b465ee728b)  -> (artifact id: '1b792ffaa1bd84638152c091ca2a2d3a') in 0.005799 seconds
  Import took 0.009128 seconds .

========================================================================
Received Import Request.
  Time since last request: 0.000231 seconds.
  path: Assets/ExampleAssets/Models/Workbench_Low.fbx
  artifactKey: Guid(ff6dc36862fe41641bb21568d92147c9) Importer(815301076,1909f56bfc062723c751e8b465ee728b)
Start importing Assets/ExampleAssets/Models/Workbench_Low.fbx using Guid(ff6dc36862fe41641bb21568d92147c9) Importer(815301076,1909f56bfc062723c751e8b465ee728b)  -> (artifact id: 'ac3e21780a34d8c7b8e4433c5dde0995') in 0.057839 seconds
  Import took 0.061176 seconds .

========================================================================
Received Import Request.
  Time since last request: 0.000257 seconds.
  path: Assets/Prefabs/3D/Environment/Flame Fire.prefab
  artifactKey: Guid(913ac05ea028904489ac6ea87e42d85a) Importer(815301076,1909f56bfc062723c751e8b465ee728b)
Start importing Assets/Prefabs/3D/Environment/Flame Fire.prefab using Guid(913ac05ea028904489ac6ea87e42d85a) Importer(815301076,1909f56bfc062723c751e8b465ee728b)  -> (artifact id: '2addfb86bafd04c51755a2ed0454e056') in 0.005905 seconds
  Import took 0.009314 seconds .

========================================================================
Received Import Request.
  Time since last request: 11.854738 seconds.
  path: Assets/Prefabs/Level.prefab
  artifactKey: Guid(acb59ffbd66833c4482198597dd04280) Importer(815301076,1909f56bfc062723c751e8b465ee728b)
Start importing Assets/Prefabs/Level.prefab using Guid(acb59ffbd66833c4482198597dd04280) Importer(815301076,1909f56bfc062723c751e8b465ee728b)  -> (artifact id: 'ec3fd9a88ca2b03d5e323721bf237f9e') in 1.184541 seconds
  Import took 1.224982 seconds .

========================================================================
Received Import Request.
  Time since last request: 0.000242 seconds.
  path: Assets/3D Models/Levels/Level2/Level 2 Floor Cropped.fbx
  artifactKey: Guid(888dcc4c8016a6349bace6820ebb3e6a) Importer(815301076,1909f56bfc062723c751e8b465ee728b)
Start importing Assets/3D Models/Levels/Level2/Level 2 Floor Cropped.fbx using Guid(888dcc4c8016a6349bace6820ebb3e6a) Importer(815301076,1909f56bfc062723c751e8b465ee728b)  -> (artifact id: '2478ce45b5d9a2ac5aa05796072b5870') in 0.018326 seconds
  Import took 0.022151 seconds .

========================================================================
Received Import Request.
  Time since last request: 0.000165 seconds.
  path: Assets/3D Models/Levels/Level 3 floor.fbx
  artifactKey: Guid(7c0c79443462eaf4caf96ad9e60665ec) Importer(815301076,1909f56bfc062723c751e8b465ee728b)
Start importing Assets/3D Models/Levels/Level 3 floor.fbx using Guid(7c0c79443462eaf4caf96ad9e60665ec) Importer(815301076,1909f56bfc062723c751e8b465ee728b)  -> (artifact id: '6f3e07460efa1219555c4556711f4b33') in 0.021448 seconds
  Import took 0.025062 seconds .

========================================================================
Received Import Request.
  Time since last request: 0.000252 seconds.
  path: Assets/ExampleAssets/Models/magneticlevel_low.fbx
  artifactKey: Guid(bae110eee250e4b418b188f4ae4e3170) Importer(815301076,1909f56bfc062723c751e8b465ee728b)
Start importing Assets/ExampleAssets/Models/magneticlevel_low.fbx using Guid(bae110eee250e4b418b188f4ae4e3170) Importer(815301076,1909f56bfc062723c751e8b465ee728b)  -> (artifact id: '9d851feeef67f14d12d183d17615958d') in 0.237271 seconds
  Import took 0.240567 seconds .

========================================================================
Received Import Request.
  Time since last request: 0.000190 seconds.
  path: Assets/Prefabs/Important/Level CrossFader.prefab
  artifactKey: Guid(b955d1be1aa633143b5c0b74eedc56f7) Importer(815301076,1909f56bfc062723c751e8b465ee728b)
Start importing Assets/Prefabs/Important/Level CrossFader.prefab using Guid(b955d1be1aa633143b5c0b74eedc56f7) Importer(815301076,1909f56bfc062723c751e8b465ee728b)  -> (artifact id: 'c0dea4cb5d24a473ae0654a7c918cafa') in 0.005465 seconds
  Import took 0.008837 seconds .

========================================================================
Received Import Request.
  Time since last request: 0.000248 seconds.
  path: Assets/3D Models/Levels/Level2/Level 2 Floor Cropped 1.fbx
  artifactKey: Guid(d17e9d83026ee294c9051abaff5c7913) Importer(815301076,1909f56bfc062723c751e8b465ee728b)
Start importing Assets/3D Models/Levels/Level2/Level 2 Floor Cropped 1.fbx using Guid(d17e9d83026ee294c9051abaff5c7913) Importer(815301076,1909f56bfc062723c751e8b465ee728b)  -> (artifact id: '3a91810bad93ae19886867a8fa4dd8d9') in 0.015908 seconds
  Import took 0.019412 seconds .

========================================================================
Received Import Request.
  Time since last request: 0.000228 seconds.
  path: Assets/3D Models/Levels/Level2/Level2.fbx
  artifactKey: Guid(44c174e0e2a383a4fb0b224a45a02ac7) Importer(815301076,1909f56bfc062723c751e8b465ee728b)
Start importing Assets/3D Models/Levels/Level2/Level2.fbx using Guid(44c174e0e2a383a4fb0b224a45a02ac7) Importer(815301076,1909f56bfc062723c751e8b465ee728b)  -> (artifact id: '363f09a850d3feb5cdce527470c6f70d') in 0.356790 seconds
  Import took 0.361332 seconds .

========================================================================
Received Import Request.
  Time since last request: 0.000217 seconds.
  path: Assets/3D Models/Levels/Level3_Thick/Level3.fbx
  artifactKey: Guid(fd1f37151f029c244ac3069deac117dd) Importer(815301076,1909f56bfc062723c751e8b465ee728b)
Start importing Assets/3D Models/Levels/Level3_Thick/Level3.fbx using Guid(fd1f37151f029c244ac3069deac117dd) Importer(815301076,1909f56bfc062723c751e8b465ee728b)  -> (artifact id: '14b477f64184a9e0c18696731aa6ab58') in 0.592660 seconds
  Import took 0.598945 seconds .

========================================================================
Received Import Request.
  Time since last request: 0.000226 seconds.
  path: Assets/3D Models/Levels/Level1_thick/Level 1 Floor Cropped.fbx
  artifactKey: Guid(8b969506deca9d64190b3d2ec93c57cd) Importer(815301076,1909f56bfc062723c751e8b465ee728b)
Start importing Assets/3D Models/Levels/Level1_thick/Level 1 Floor Cropped.fbx using Guid(8b969506deca9d64190b3d2ec93c57cd) Importer(815301076,1909f56bfc062723c751e8b465ee728b)  -> (artifact id: 'd89f8ab13353cbca35818a2bb4883c2f') in 0.014983 seconds
  Import took 0.019049 seconds .

========================================================================
Received Import Request.
  Time since last request: 0.000258 seconds.
  path: Assets/3D Models/Levels/Level1_thick/Level 1 Floor Cropped 2.fbx
  artifactKey: Guid(a455834c49e7f6b4498000b9b3600bff) Importer(815301076,1909f56bfc062723c751e8b465ee728b)
Start importing Assets/3D Models/Levels/Level1_thick/Level 1 Floor Cropped 2.fbx using Guid(a455834c49e7f6b4498000b9b3600bff) Importer(815301076,1909f56bfc062723c751e8b465ee728b)  -> (artifact id: '51d7a8fc6c086f970cb810a7dff04166') in 0.015000 seconds
  Import took 0.018469 seconds .

========================================================================
Received Import Request.
  Time since last request: 0.000252 seconds.
  path: Assets/3D Models/Levels/Level3_Thick/Level 3 floor cropped.fbx
  artifactKey: Guid(afe1a4ec5755547469927ce8debfc264) Importer(815301076,1909f56bfc062723c751e8b465ee728b)
Start importing Assets/3D Models/Levels/Level3_Thick/Level 3 floor cropped.fbx using Guid(afe1a4ec5755547469927ce8debfc264) Importer(815301076,1909f56bfc062723c751e8b465ee728b)  -> (artifact id: 'f133a73c3d6a6d8f1ef3836b6dbd0325') in 0.019270 seconds
  Import took 0.022722 seconds .

========================================================================
Received Import Request.
  Time since last request: 0.000270 seconds.
  path: Assets/3D Models/Levels/Level1_thick/Level1.fbx
  artifactKey: Guid(3cb0e8ed094668341b9aecfa464d7947) Importer(815301076,1909f56bfc062723c751e8b465ee728b)
Start importing Assets/3D Models/Levels/Level1_thick/Level1.fbx using Guid(3cb0e8ed094668341b9aecfa464d7947) Importer(815301076,1909f56bfc062723c751e8b465ee728b)  -> (artifact id: '498a0eb962c7f765fb5bcf2a30f7b210') in 0.274693 seconds
  Import took 0.279114 seconds .

AssetImportWorkerClient::OnTransportError - code=2 error=End of file
