Using pre-set license
Built from '2021.2/staging' branch; Version is '2021.2.2f1 (5e2b1e92c7f8) revision 6171422'; Using compiler version '192829333'; Build Type 'Release'
OS: 'Windows 10 Pro; OS build 22621.2134; Version 2009; 64bit' Language: 'en' Physical Memory: 32684 MB
BatchMode: 1, IsHumanControllingUs: 0, StartBugReporterOnCrash: 0, Is64bit: 1, IsPro: 0

COMMAND LINE ARGUMENTS:
D:\Unity Editors\2021.2.2f1\Editor\Unity.exe
-adb2
-batchMode
-noUpm
-name
AssetImportWorker0
-projectPath
G:/Lichs_Lair_Game/LL_Project/Lichs Lair DO NOT USE/Lichs_Lair_Game/LL_Project/Lichs Lair Downgraded
-logFile
Logs/AssetImportWorker0.log
-srvPort
57781
Successfully changed project path to: G:/Lichs_Lair_Game/LL_Project/Lichs Lair DO NOT USE/Lichs_Lair_Game/LL_Project/Lichs Lair Downgraded
G:/Lichs_Lair_Game/LL_Project/Lichs Lair DO NOT USE/Lichs_Lair_Game/LL_Project/Lichs Lair Downgraded
[UnityMemory] Configuration Parameters - Can be set up in boot.config
    "memorysetup-bucket-allocator-granularity=16"
    "memorysetup-bucket-allocator-bucket-count=8"
    "memorysetup-bucket-allocator-block-size=33554432"
    "memorysetup-bucket-allocator-block-count=8"
    "memorysetup-main-allocator-block-size=16777216"
    "memorysetup-thread-allocator-block-size=16777216"
    "memorysetup-gfx-main-allocator-block-size=16777216"
    "memorysetup-gfx-thread-allocator-block-size=16777216"
    "memorysetup-cache-allocator-block-size=4194304"
    "memorysetup-typetree-allocator-block-size=2097152"
    "memorysetup-profiler-bucket-allocator-granularity=16"
    "memorysetup-profiler-bucket-allocator-bucket-count=8"
    "memorysetup-profiler-bucket-allocator-block-size=33554432"
    "memorysetup-profiler-bucket-allocator-block-count=8"
    "memorysetup-profiler-allocator-block-size=16777216"
    "memorysetup-profiler-editor-allocator-block-size=1048576"
    "memorysetup-temp-allocator-size-main=16777216"
    "memorysetup-job-temp-allocator-block-size=2097152"
    "memorysetup-job-temp-allocator-block-size-background=1048576"
    "memorysetup-job-temp-allocator-reduction-small-platforms=262144"
    "memorysetup-temp-allocator-size-background-worker=32768"
    "memorysetup-temp-allocator-size-job-worker=262144"
    "memorysetup-temp-allocator-size-preload-manager=33554432"
    "memorysetup-temp-allocator-size-nav-mesh-worker=65536"
    "memorysetup-temp-allocator-size-audio-worker=65536"
    "memorysetup-temp-allocator-size-cloud-worker=32768"
    "memorysetup-temp-allocator-size-gi-baking-worker=262144"
    "memorysetup-temp-allocator-size-gfx=262144"
Refreshing native plugins compatible for Editor in 112.82 ms, found 4 plugins.
Preloading 0 native plugins for Editor in 0.00 ms.
Initialize engine version: 2021.2.2f1 (5e2b1e92c7f8)
[Subsystems] Discovering subsystems at path D:/Unity Editors/2021.2.2f1/Editor/Data/Resources/UnitySubsystems
[Subsystems] Discovering subsystems at path G:/Lichs_Lair_Game/LL_Project/Lichs Lair DO NOT USE/Lichs_Lair_Game/LL_Project/Lichs Lair Downgraded/Assets
GfxDevice: creating device client; threaded=0; jobified=0
Direct3D:
    Version:  Direct3D 11.0 [level 11.1]
    Renderer: NVIDIA GeForce GTX 1060 6GB (ID=0x1c03)
    Vendor:   NVIDIA
    VRAM:     6043 MB
    Driver:   31.0.15.3598
Invalid texture used for cursor - check importer settings or texture creation. Texture must be RGBA32, readable, have alphaIsTransparency enabled and have no mip chain.
Initialize mono
Mono path[0] = 'D:/Unity Editors/2021.2.2f1/Editor/Data/Managed'
Mono path[1] = 'D:/Unity Editors/2021.2.2f1/Editor/Data/MonoBleedingEdge/lib/mono/unityjit-win32'
Mono config path = 'D:/Unity Editors/2021.2.2f1/Editor/Data/MonoBleedingEdge/etc'
Using monoOptions --debugger-agent=transport=dt_socket,embedding=1,server=y,suspend=n,address=127.0.0.1:56856
Begin MonoManager ReloadAssembly
Registering precompiled unity dll's ...
Register platform support module: D:/Unity Editors/2021.2.2f1/Editor/Data/PlaybackEngines/MacStandaloneSupport/UnityEditor.OSXStandalone.Extensions.dll
Register platform support module: D:/Unity Editors/2021.2.2f1/Editor/Data/PlaybackEngines/WindowsStandaloneSupport/UnityEditor.WindowsStandalone.Extensions.dll
Registered in 0.003496 seconds.
Native extension for WindowsStandalone target not found
Native extension for OSXStandalone target not found
Refreshing native plugins compatible for Editor in 82.44 ms, found 4 plugins.
Preloading 0 native plugins for Editor in 0.00 ms.
Mono: successfully reloaded assembly
- Completed reload, in  0.673 seconds
Domain Reload Profiling:
	ReloadAssembly (673ms)
		BeginReloadAssembly (90ms)
			ExecutionOrderSort (0ms)
			DisableScriptedObjects (0ms)
			BackupInstance (0ms)
			ReleaseScriptingObjects (0ms)
			CreateAndSetChildDomain (1ms)
		EndReloadAssembly (505ms)
			LoadAssemblies (90ms)
			RebuildTransferFunctionScriptingTraits (0ms)
			SetupTypeCache (119ms)
			ReleaseScriptCaches (0ms)
			RebuildScriptCaches (28ms)
			SetupLoadedEditorAssemblies (289ms)
				LogAssemblyErrors (0ms)
				InitializePlatformSupportModulesInManaged (15ms)
				SetLoadedEditorAssemblies (0ms)
				RefreshPlugins (83ms)
				BeforeProcessingInitializeOnLoad (1ms)
				ProcessInitializeOnLoadAttributes (132ms)
				ProcessInitializeOnLoadMethodAttributes (59ms)
				AfterProcessingInitializeOnLoad (0ms)
				EditorAssembliesLoaded (0ms)
			ExecutionOrderSort2 (0ms)
			AwakeInstancesAfterBackupRestoration (0ms)
Platform modules already initialized, skipping
Registering precompiled user dll's ...
Registered in 0.020545 seconds.
Begin MonoManager ReloadAssembly
Native extension for WindowsStandalone target not found
Native extension for OSXStandalone target not found
Refreshing native plugins compatible for Editor in 80.71 ms, found 4 plugins.
Preloading 0 native plugins for Editor in 0.00 ms.
Mono: successfully reloaded assembly
- Completed reload, in  2.275 seconds
Domain Reload Profiling:
	ReloadAssembly (2276ms)
		BeginReloadAssembly (183ms)
			ExecutionOrderSort (0ms)
			DisableScriptedObjects (6ms)
			BackupInstance (0ms)
			ReleaseScriptingObjects (0ms)
			CreateAndSetChildDomain (20ms)
		EndReloadAssembly (1982ms)
			LoadAssemblies (137ms)
			RebuildTransferFunctionScriptingTraits (0ms)
			SetupTypeCache (257ms)
			ReleaseScriptCaches (1ms)
			RebuildScriptCaches (69ms)
			SetupLoadedEditorAssemblies (1379ms)
				LogAssemblyErrors (0ms)
				InitializePlatformSupportModulesInManaged (12ms)
				SetLoadedEditorAssemblies (0ms)
				RefreshPlugins (81ms)
				BeforeProcessingInitializeOnLoad (189ms)
				ProcessInitializeOnLoadAttributes (1012ms)
				ProcessInitializeOnLoadMethodAttributes (82ms)
				AfterProcessingInitializeOnLoad (2ms)
				EditorAssembliesLoaded (0ms)
			ExecutionOrderSort2 (0ms)
			AwakeInstancesAfterBackupRestoration (8ms)
Platform modules already initialized, skipping
========================================================================
Worker process is ready to serve import requests
Launched and connected shader compiler UnityShaderCompiler.exe after 0.06 seconds
Refreshing native plugins compatible for Editor in 1.26 ms, found 4 plugins.
Preloading 0 native plugins for Editor in 0.00 ms.
Unloading 4295 Unused Serialized files (Serialized files now loaded: 0)
Unloading 87 unused Assets / (0.7 MB). Loaded Objects now: 4714.
Memory consumption went from 198.3 MB to 197.6 MB.
Total: 5.047100 ms (FindLiveObjects: 0.334100 ms CreateObjectMapping: 0.462400 ms MarkObjects: 3.886500 ms  DeleteObjects: 0.363300 ms)

AssetImportParameters requested are different than current active one (requested -> active):
  custom:video-decoder-ogg-theora: a1e56fd34408186e4bbccfd4996cb3dc -> 
  custom:container-muxer-webm: aa71ff27fc2769a1b78a27578f13a17b -> 
  custom:container-demuxer-webm: 4f35f7cbe854078d1ac9338744f61a02 -> 
  custom:video-encoder-webm-vp8: eb34c28f22e8b96e1ab97ce403110664 -> 
  custom:audio-encoder-webm-vorbis: bf7c407c2cedff20999df2af8eb42d56 -> 
  custom:framework-win-MediaFoundation: 216162199b28c13a410421893ffa2e32 -> 
  custom:container-demuxer-ogg: 62fdf1f143b41e24485cea50d1cbac27 -> 
  custom:video-decoder-webm-vp8: 9c59270c3fd7afecdb556c50c9e8de78 -> 
  custom:audio-decoder-ogg-vorbis: bf7c407c2cedff20999df2af8eb42d56 -> 
========================================================================
Received Import Request.
  Time since last request: 5133.629148 seconds.
  path: Assets/Enemy Spawner Multiple.prefab
  artifactKey: Guid(7e9e4e7ce3b3f4f4e82da64b58fb8f81) Importer(815301076,1909f56bfc062723c751e8b465ee728b)
Start importing Assets/Enemy Spawner Multiple.prefab using Guid(7e9e4e7ce3b3f4f4e82da64b58fb8f81) Importer(815301076,1909f56bfc062723c751e8b465ee728b)  -> (artifact id: '6345415e2aa2e21e8a23bb814aa486a2') in 0.152976 seconds 
========================================================================
Received Import Request.
  Time since last request: 2153.530631 seconds.
  path: Assets/Explosion00_5x5.exr
  artifactKey: Guid(c77b2d6a489945047befd129cbaaecf5) Importer(815301076,1909f56bfc062723c751e8b465ee728b)
Start importing Assets/Explosion00_5x5.exr using Guid(c77b2d6a489945047befd129cbaaecf5) Importer(815301076,1909f56bfc062723c751e8b465ee728b)  -> (artifact id: 'e8cdeebf8eaf791706395e0c6f90a5b4') in 0.061526 seconds 
========================================================================
Received Import Request.
  Time since last request: 0.573763 seconds.
  path: Assets/Enemy Spawner Multiple.prefab
  artifactKey: Guid(7e9e4e7ce3b3f4f4e82da64b58fb8f81) Importer(815301076,1909f56bfc062723c751e8b465ee728b)
Start importing Assets/Enemy Spawner Multiple.prefab using Guid(7e9e4e7ce3b3f4f4e82da64b58fb8f81) Importer(815301076,1909f56bfc062723c751e8b465ee728b)  -> (artifact id: '6345415e2aa2e21e8a23bb814aa486a2') in 0.010509 seconds 
========================================================================
Received Import Request.
  Time since last request: 28.079283 seconds.
  path: Assets/Enemy Spawner Multiple.prefab
  artifactKey: Guid(7e9e4e7ce3b3f4f4e82da64b58fb8f81) Importer(815301076,1909f56bfc062723c751e8b465ee728b)
Start importing Assets/Enemy Spawner Multiple.prefab using Guid(7e9e4e7ce3b3f4f4e82da64b58fb8f81) Importer(815301076,1909f56bfc062723c751e8b465ee728b)  -> (artifact id: '6345415e2aa2e21e8a23bb814aa486a2') in 0.010905 seconds 
========================================================================
Received Import Request.
  Time since last request: 35.019297 seconds.
  path: Assets/Enemy Spawner Multiple.prefab
  artifactKey: Guid(7e9e4e7ce3b3f4f4e82da64b58fb8f81) Importer(815301076,1909f56bfc062723c751e8b465ee728b)
Start importing Assets/Enemy Spawner Multiple.prefab using Guid(7e9e4e7ce3b3f4f4e82da64b58fb8f81) Importer(815301076,1909f56bfc062723c751e8b465ee728b)  -> (artifact id: '6345415e2aa2e21e8a23bb814aa486a2') in 0.010608 seconds 
========================================================================
Received Import Request.
  Time since last request: 4.188916 seconds.
  path: Assets/Enemy Spawner Multiple.prefab
  artifactKey: Guid(7e9e4e7ce3b3f4f4e82da64b58fb8f81) Importer(815301076,1909f56bfc062723c751e8b465ee728b)
Start importing Assets/Enemy Spawner Multiple.prefab using Guid(7e9e4e7ce3b3f4f4e82da64b58fb8f81) Importer(815301076,1909f56bfc062723c751e8b465ee728b)  -> (artifact id: '6345415e2aa2e21e8a23bb814aa486a2') in 0.012041 seconds 
========================================================================
Received Import Request.
  Time since last request: 38.613297 seconds.
  path: Assets/Enemy Spawner Multiple.prefab
  artifactKey: Guid(7e9e4e7ce3b3f4f4e82da64b58fb8f81) Importer(815301076,1909f56bfc062723c751e8b465ee728b)
Start importing Assets/Enemy Spawner Multiple.prefab using Guid(7e9e4e7ce3b3f4f4e82da64b58fb8f81) Importer(815301076,1909f56bfc062723c751e8b465ee728b)  -> (artifact id: '6345415e2aa2e21e8a23bb814aa486a2') in 0.010204 seconds 
========================================================================
Received Import Request.
  Time since last request: 3.083854 seconds.
  path: Assets/Enemy Spawner Multiple.prefab
  artifactKey: Guid(7e9e4e7ce3b3f4f4e82da64b58fb8f81) Importer(815301076,1909f56bfc062723c751e8b465ee728b)
Start importing Assets/Enemy Spawner Multiple.prefab using Guid(7e9e4e7ce3b3f4f4e82da64b58fb8f81) Importer(815301076,1909f56bfc062723c751e8b465ee728b)  -> (artifact id: '6345415e2aa2e21e8a23bb814aa486a2') in 0.010700 seconds 
========================================================================
Received Import Request.
  Time since last request: 2.033921 seconds.
  path: Assets/Enemy Spawner Multiple.prefab
  artifactKey: Guid(7e9e4e7ce3b3f4f4e82da64b58fb8f81) Importer(815301076,1909f56bfc062723c751e8b465ee728b)
Start importing Assets/Enemy Spawner Multiple.prefab using Guid(7e9e4e7ce3b3f4f4e82da64b58fb8f81) Importer(815301076,1909f56bfc062723c751e8b465ee728b)  -> (artifact id: '6345415e2aa2e21e8a23bb814aa486a2') in 0.009663 seconds 
========================================================================
Received Import Request.
  Time since last request: 1.981100 seconds.
  path: Assets/Enemy Spawner Multiple.prefab
  artifactKey: Guid(7e9e4e7ce3b3f4f4e82da64b58fb8f81) Importer(815301076,1909f56bfc062723c751e8b465ee728b)
Start importing Assets/Enemy Spawner Multiple.prefab using Guid(7e9e4e7ce3b3f4f4e82da64b58fb8f81) Importer(815301076,1909f56bfc062723c751e8b465ee728b)  -> (artifact id: '6345415e2aa2e21e8a23bb814aa486a2') in 0.009565 seconds 
========================================================================
Received Import Request.
  Time since last request: 3.123745 seconds.
  path: Assets/Enemy Spawner Multiple.prefab
  artifactKey: Guid(7e9e4e7ce3b3f4f4e82da64b58fb8f81) Importer(815301076,1909f56bfc062723c751e8b465ee728b)
Start importing Assets/Enemy Spawner Multiple.prefab using Guid(7e9e4e7ce3b3f4f4e82da64b58fb8f81) Importer(815301076,1909f56bfc062723c751e8b465ee728b)  -> (artifact id: '6345415e2aa2e21e8a23bb814aa486a2') in 0.009953 seconds 
========================================================================
Received Import Request.
  Time since last request: 1.943393 seconds.
  path: Assets/Enemy Spawner Multiple.prefab
  artifactKey: Guid(7e9e4e7ce3b3f4f4e82da64b58fb8f81) Importer(815301076,1909f56bfc062723c751e8b465ee728b)
Start importing Assets/Enemy Spawner Multiple.prefab using Guid(7e9e4e7ce3b3f4f4e82da64b58fb8f81) Importer(815301076,1909f56bfc062723c751e8b465ee728b)  -> (artifact id: '6345415e2aa2e21e8a23bb814aa486a2') in 0.009183 seconds 
========================================================================
Received Import Request.
  Time since last request: 2.720779 seconds.
  path: Assets/Enemy Spawner Multiple.prefab
  artifactKey: Guid(7e9e4e7ce3b3f4f4e82da64b58fb8f81) Importer(815301076,1909f56bfc062723c751e8b465ee728b)
Start importing Assets/Enemy Spawner Multiple.prefab using Guid(7e9e4e7ce3b3f4f4e82da64b58fb8f81) Importer(815301076,1909f56bfc062723c751e8b465ee728b)  -> (artifact id: '6345415e2aa2e21e8a23bb814aa486a2') in 0.011818 seconds 
========================================================================
Received Import Request.
  Time since last request: 1.691630 seconds.
  path: Assets/Enemy Spawner Multiple.prefab
  artifactKey: Guid(7e9e4e7ce3b3f4f4e82da64b58fb8f81) Importer(815301076,1909f56bfc062723c751e8b465ee728b)
Start importing Assets/Enemy Spawner Multiple.prefab using Guid(7e9e4e7ce3b3f4f4e82da64b58fb8f81) Importer(815301076,1909f56bfc062723c751e8b465ee728b)  -> (artifact id: '6345415e2aa2e21e8a23bb814aa486a2') in 0.009088 seconds 
========================================================================
Received Import Request.
  Time since last request: 3.220457 seconds.
  path: Assets/Enemy Spawner Multiple.prefab
  artifactKey: Guid(7e9e4e7ce3b3f4f4e82da64b58fb8f81) Importer(815301076,1909f56bfc062723c751e8b465ee728b)
Start importing Assets/Enemy Spawner Multiple.prefab using Guid(7e9e4e7ce3b3f4f4e82da64b58fb8f81) Importer(815301076,1909f56bfc062723c751e8b465ee728b)  -> (artifact id: '6345415e2aa2e21e8a23bb814aa486a2') in 0.008650 seconds 
========================================================================
Received Import Request.
  Time since last request: 3.141920 seconds.
  path: Assets/Enemy Spawner Multiple.prefab
  artifactKey: Guid(7e9e4e7ce3b3f4f4e82da64b58fb8f81) Importer(815301076,1909f56bfc062723c751e8b465ee728b)
Start importing Assets/Enemy Spawner Multiple.prefab using Guid(7e9e4e7ce3b3f4f4e82da64b58fb8f81) Importer(815301076,1909f56bfc062723c751e8b465ee728b)  -> (artifact id: '6345415e2aa2e21e8a23bb814aa486a2') in 0.010519 seconds 
========================================================================
Received Import Request.
  Time since last request: 5.138345 seconds.
  path: Assets/Enemy Spawner Multiple.prefab
  artifactKey: Guid(7e9e4e7ce3b3f4f4e82da64b58fb8f81) Importer(815301076,1909f56bfc062723c751e8b465ee728b)
Start importing Assets/Enemy Spawner Multiple.prefab using Guid(7e9e4e7ce3b3f4f4e82da64b58fb8f81) Importer(815301076,1909f56bfc062723c751e8b465ee728b)  -> (artifact id: '6345415e2aa2e21e8a23bb814aa486a2') in 0.008977 seconds 
========================================================================
Received Import Request.
  Time since last request: 4.046847 seconds.
  path: Assets/Enemy Spawner Multiple.prefab
  artifactKey: Guid(7e9e4e7ce3b3f4f4e82da64b58fb8f81) Importer(815301076,1909f56bfc062723c751e8b465ee728b)
Start importing Assets/Enemy Spawner Multiple.prefab using Guid(7e9e4e7ce3b3f4f4e82da64b58fb8f81) Importer(815301076,1909f56bfc062723c751e8b465ee728b)  -> (artifact id: '6345415e2aa2e21e8a23bb814aa486a2') in 0.010318 seconds 
========================================================================
Received Import Request.
  Time since last request: 4.184405 seconds.
  path: Assets/Enemy Spawner Multiple.prefab
  artifactKey: Guid(7e9e4e7ce3b3f4f4e82da64b58fb8f81) Importer(815301076,1909f56bfc062723c751e8b465ee728b)
Start importing Assets/Enemy Spawner Multiple.prefab using Guid(7e9e4e7ce3b3f4f4e82da64b58fb8f81) Importer(815301076,1909f56bfc062723c751e8b465ee728b)  -> (artifact id: '6345415e2aa2e21e8a23bb814aa486a2') in 0.011850 seconds 
========================================================================
Received Import Request.
  Time since last request: 7.801108 seconds.
  path: Assets/Prefabs/FireBall.prefab
  artifactKey: Guid(3a0c0377187b0ed42aeb225fcd940244) Importer(815301076,1909f56bfc062723c751e8b465ee728b)
Start importing Assets/Prefabs/FireBall.prefab using Guid(3a0c0377187b0ed42aeb225fcd940244) Importer(815301076,1909f56bfc062723c751e8b465ee728b)  -> (artifact id: '723cd52d60f98becb7fbd2879c8d0d81') in 0.492899 seconds 
========================================================================
Received Import Request.
  Time since last request: 20.815142 seconds.
  path: Assets/Particle Materials/Fire.mat
  artifactKey: Guid(f4ebb390036c79249b5ee4eb80a3bb65) Importer(815301076,1909f56bfc062723c751e8b465ee728b)
Start importing Assets/Particle Materials/Fire.mat using Guid(f4ebb390036c79249b5ee4eb80a3bb65) Importer(815301076,1909f56bfc062723c751e8b465ee728b)  -> (artifact id: 'a7de59c1395c181c9bf1409707183abc') in 0.035335 seconds 
========================================================================
Received Import Request.
  Time since last request: 9.596505 seconds.
  path: Assets/Particle Materials/FireButSmoke.mat
  artifactKey: Guid(b85f66a16a9af7f47a47db10a8aa4956) Importer(815301076,1909f56bfc062723c751e8b465ee728b)
Start importing Assets/Particle Materials/FireButSmoke.mat using Guid(b85f66a16a9af7f47a47db10a8aa4956) Importer(815301076,1909f56bfc062723c751e8b465ee728b)  -> (artifact id: 'e45408034e047d141a66c9941db9ade8') in 0.014807 seconds 
========================================================================
Received Import Request.
  Time since last request: 162.483353 seconds.
  path: Assets/Enemy Spawner Multiple.prefab
  artifactKey: Guid(7e9e4e7ce3b3f4f4e82da64b58fb8f81) Importer(815301076,1909f56bfc062723c751e8b465ee728b)
Start importing Assets/Enemy Spawner Multiple.prefab using Guid(7e9e4e7ce3b3f4f4e82da64b58fb8f81) Importer(815301076,1909f56bfc062723c751e8b465ee728b)  -> (artifact id: '6345415e2aa2e21e8a23bb814aa486a2') in 0.010808 seconds 
========================================================================
Received Import Request.
  Time since last request: 22.895299 seconds.
  path: Assets/Rocks.mat
  artifactKey: Guid(9ffab822cc04dcb4995218df79b8baea) Importer(815301076,1909f56bfc062723c751e8b465ee728b)
Start importing Assets/Rocks.mat using Guid(9ffab822cc04dcb4995218df79b8baea) Importer(815301076,1909f56bfc062723c751e8b465ee728b)  -> (artifact id: 'a83f629528e4edd51ca82e5de5c4e24c') in 0.014379 seconds 
========================================================================
Received Import Request.
  Time since last request: 20.239994 seconds.
  path: Assets/Particle Materials/FireButSmoke.mat
  artifactKey: Guid(b85f66a16a9af7f47a47db10a8aa4956) Importer(815301076,1909f56bfc062723c751e8b465ee728b)
Start importing Assets/Particle Materials/FireButSmoke.mat using Guid(b85f66a16a9af7f47a47db10a8aa4956) Importer(815301076,1909f56bfc062723c751e8b465ee728b)  -> (artifact id: '6c424dc2d86129c7baf07507bcc9ec69') in 0.015686 seconds 
========================================================================
Received Import Request.
  Time since last request: 309.266965 seconds.
  path: Assets/Enemy Spawner Multiple.prefab
  artifactKey: Guid(7e9e4e7ce3b3f4f4e82da64b58fb8f81) Importer(815301076,1909f56bfc062723c751e8b465ee728b)
Start importing Assets/Enemy Spawner Multiple.prefab using Guid(7e9e4e7ce3b3f4f4e82da64b58fb8f81) Importer(815301076,1909f56bfc062723c751e8b465ee728b)  -> (artifact id: '6345415e2aa2e21e8a23bb814aa486a2') in 0.012673 seconds 
========================================================================
Received Import Request.
  Time since last request: 208.169238 seconds.
  path: Assets/3D Models/Environment/Tutorial_Stone/Source/Explosion02HD_5x5.tga
  artifactKey: Guid(fe870fde27d08d245bac21f0ca65c4d9) Importer(815301076,1909f56bfc062723c751e8b465ee728b)
Start importing Assets/3D Models/Environment/Tutorial_Stone/Source/Explosion02HD_5x5.tga using Guid(fe870fde27d08d245bac21f0ca65c4d9) Importer(815301076,1909f56bfc062723c751e8b465ee728b)  -> (artifact id: '2f59419eee7248e0094d0928f6148add') in 0.024531 seconds 
========================================================================
Received Import Request.
  Time since last request: 4.723603 seconds.
  path: Assets/3D Models/Environment/Tutorial_Stone/Source/Explosion02HD_5x5.tga
  artifactKey: Guid(fe870fde27d08d245bac21f0ca65c4d9) Importer(815301076,1909f56bfc062723c751e8b465ee728b)
Start importing Assets/3D Models/Environment/Tutorial_Stone/Source/Explosion02HD_5x5.tga using Guid(fe870fde27d08d245bac21f0ca65c4d9) Importer(815301076,1909f56bfc062723c751e8b465ee728b)  -> (artifact id: 'ed8cbd66c666a630672a15ab40dbf021') in 0.342187 seconds 
========================================================================
Received Import Request.
  Time since last request: 104.948364 seconds.
  path: Assets/Rocks.mat
  artifactKey: Guid(9ffab822cc04dcb4995218df79b8baea) Importer(815301076,1909f56bfc062723c751e8b465ee728b)
Start importing Assets/Rocks.mat using Guid(9ffab822cc04dcb4995218df79b8baea) Importer(815301076,1909f56bfc062723c751e8b465ee728b)  -> (artifact id: 'f9732ead978aa2da1e6f13f7933b29db') in 0.016174 seconds 
========================================================================
Received Prepare
Registering precompiled user dll's ...
Registered in 0.026429 seconds.
Begin MonoManager ReloadAssembly
Native extension for WindowsStandalone target not found
Native extension for OSXStandalone target not found
Refreshing native plugins compatible for Editor in 1.05 ms, found 4 plugins.
Preloading 0 native plugins for Editor in 0.00 ms.
Mono: successfully reloaded assembly
- Completed reload, in  1.848 seconds
Domain Reload Profiling:
	ReloadAssembly (1849ms)
		BeginReloadAssembly (197ms)
			ExecutionOrderSort (0ms)
			DisableScriptedObjects (10ms)
			BackupInstance (0ms)
			ReleaseScriptingObjects (0ms)
			CreateAndSetChildDomain (47ms)
		EndReloadAssembly (1547ms)
			LoadAssemblies (132ms)
			RebuildTransferFunctionScriptingTraits (0ms)
			SetupTypeCache (329ms)
			ReleaseScriptCaches (2ms)
			RebuildScriptCaches (55ms)
			SetupLoadedEditorAssemblies (809ms)
				LogAssemblyErrors (0ms)
				InitializePlatformSupportModulesInManaged (14ms)
				SetLoadedEditorAssemblies (0ms)
				RefreshPlugins (1ms)
				BeforeProcessingInitializeOnLoad (207ms)
				ProcessInitializeOnLoadAttributes (513ms)
				ProcessInitializeOnLoadMethodAttributes (70ms)
				AfterProcessingInitializeOnLoad (3ms)
				EditorAssembliesLoaded (0ms)
			ExecutionOrderSort2 (0ms)
			AwakeInstancesAfterBackupRestoration (26ms)
Platform modules already initialized, skipping
Refreshing native plugins compatible for Editor in 1.45 ms, found 4 plugins.
Preloading 0 native plugins for Editor in 0.00 ms.
Unloading 4153 Unused Serialized files (Serialized files now loaded: 0)
Unloading 73 unused Assets / (351.4 KB). Loaded Objects now: 4866.
Memory consumption went from 204.4 MB to 204.0 MB.
Total: 5.239600 ms (FindLiveObjects: 0.358500 ms CreateObjectMapping: 0.254700 ms MarkObjects: 4.406300 ms  DeleteObjects: 0.218700 ms)

AssetImportParameters requested are different than current active one (requested -> active):
  custom:video-decoder-ogg-theora: a1e56fd34408186e4bbccfd4996cb3dc -> 
  custom:container-muxer-webm: aa71ff27fc2769a1b78a27578f13a17b -> 
  custom:container-demuxer-webm: 4f35f7cbe854078d1ac9338744f61a02 -> 
  custom:video-encoder-webm-vp8: eb34c28f22e8b96e1ab97ce403110664 -> 
  custom:audio-encoder-webm-vorbis: bf7c407c2cedff20999df2af8eb42d56 -> 
  custom:framework-win-MediaFoundation: 216162199b28c13a410421893ffa2e32 -> 
  custom:container-demuxer-ogg: 62fdf1f143b41e24485cea50d1cbac27 -> 
  custom:video-decoder-webm-vp8: 9c59270c3fd7afecdb556c50c9e8de78 -> 
  custom:audio-decoder-ogg-vorbis: bf7c407c2cedff20999df2af8eb42d56 -> 
========================================================================
Received Import Request.
  Time since last request: 42.593087 seconds.
  path: Assets/Rocks 1.mat
  artifactKey: Guid(3a956d976e0e4884289fef53c1942cae) Importer(815301076,1909f56bfc062723c751e8b465ee728b)
Start importing Assets/Rocks 1.mat using Guid(3a956d976e0e4884289fef53c1942cae) Importer(815301076,1909f56bfc062723c751e8b465ee728b)  -> (artifact id: 'c7de6fa66ce3398c06765beca436109b') in 0.215764 seconds 
========================================================================
Received Import Request.
  Time since last request: 24.885937 seconds.
  path: Assets/Particles
  artifactKey: Guid(f1f2f94cc5b09664d901925a19f96f3b) Importer(815301076,1909f56bfc062723c751e8b465ee728b)
Start importing Assets/Particles using Guid(f1f2f94cc5b09664d901925a19f96f3b) Importer(815301076,1909f56bfc062723c751e8b465ee728b)  -> (artifact id: '3c6a7d44fe1d0e7d91b56545c8f3d439') in 0.003661 seconds 
========================================================================
Received Import Request.
  Time since last request: 0.891683 seconds.
  path: Assets/Particles/Prefabs/ReplenishManaEffect.prefab
  artifactKey: Guid(e248b0f3ea9890f4f96fd74e92c69b91) Importer(815301076,1909f56bfc062723c751e8b465ee728b)
Start importing Assets/Particles/Prefabs/ReplenishManaEffect.prefab using Guid(e248b0f3ea9890f4f96fd74e92c69b91) Importer(815301076,1909f56bfc062723c751e8b465ee728b)  -> (artifact id: '3ae977a42cd9ded88462d16ccdd34556') in 0.028557 seconds 
========================================================================
Received Import Request.
  Time since last request: 5.622226 seconds.
  path: Assets/Particles/Prefabs/GroundExplosion.prefab
  artifactKey: Guid(bd9938069bf6d2842bc28b2f4e52e957) Importer(815301076,1909f56bfc062723c751e8b465ee728b)
Start importing Assets/Particles/Prefabs/GroundExplosion.prefab using Guid(bd9938069bf6d2842bc28b2f4e52e957) Importer(815301076,1909f56bfc062723c751e8b465ee728b)  -> (artifact id: 'ff91a2fecd203cf8e5989ca3be8e8cf8') in 0.025183 seconds 
========================================================================
Received Prepare
Registering precompiled user dll's ...
Registered in 0.021348 seconds.
Begin MonoManager ReloadAssembly
Native extension for WindowsStandalone target not found
Native extension for OSXStandalone target not found
Refreshing native plugins compatible for Editor in 1.28 ms, found 4 plugins.
Preloading 0 native plugins for Editor in 0.00 ms.
Mono: successfully reloaded assembly
- Completed reload, in  1.679 seconds
Domain Reload Profiling:
	ReloadAssembly (1680ms)
		BeginReloadAssembly (190ms)
			ExecutionOrderSort (0ms)
			DisableScriptedObjects (13ms)
			BackupInstance (0ms)
			ReleaseScriptingObjects (0ms)
			CreateAndSetChildDomain (49ms)
		EndReloadAssembly (1387ms)
			LoadAssemblies (133ms)
			RebuildTransferFunctionScriptingTraits (0ms)
			SetupTypeCache (241ms)
			ReleaseScriptCaches (1ms)
			RebuildScriptCaches (57ms)
			SetupLoadedEditorAssemblies (774ms)
				LogAssemblyErrors (0ms)
				InitializePlatformSupportModulesInManaged (13ms)
				SetLoadedEditorAssemblies (1ms)
				RefreshPlugins (1ms)
				BeforeProcessingInitializeOnLoad (176ms)
				ProcessInitializeOnLoadAttributes (509ms)
				ProcessInitializeOnLoadMethodAttributes (73ms)
				AfterProcessingInitializeOnLoad (2ms)
				EditorAssembliesLoaded (0ms)
			ExecutionOrderSort2 (0ms)
			AwakeInstancesAfterBackupRestoration (27ms)
Platform modules already initialized, skipping
Refreshing native plugins compatible for Editor in 1.54 ms, found 4 plugins.
Preloading 0 native plugins for Editor in 0.00 ms.
Unloading 4141 Unused Serialized files (Serialized files now loaded: 0)
Unloading 73 unused Assets / (351.3 KB). Loaded Objects now: 4911.
Memory consumption went from 203.6 MB to 203.2 MB.
Total: 4.806500 ms (FindLiveObjects: 0.506700 ms CreateObjectMapping: 0.382200 ms MarkObjects: 3.687400 ms  DeleteObjects: 0.228500 ms)

AssetImportParameters requested are different than current active one (requested -> active):
  custom:video-decoder-ogg-theora: a1e56fd34408186e4bbccfd4996cb3dc -> 
  custom:container-muxer-webm: aa71ff27fc2769a1b78a27578f13a17b -> 
  custom:container-demuxer-webm: 4f35f7cbe854078d1ac9338744f61a02 -> 
  custom:video-encoder-webm-vp8: eb34c28f22e8b96e1ab97ce403110664 -> 
  custom:audio-encoder-webm-vorbis: bf7c407c2cedff20999df2af8eb42d56 -> 
  custom:framework-win-MediaFoundation: 216162199b28c13a410421893ffa2e32 -> 
  custom:container-demuxer-ogg: 62fdf1f143b41e24485cea50d1cbac27 -> 
  custom:video-decoder-webm-vp8: 9c59270c3fd7afecdb556c50c9e8de78 -> 
  custom:audio-decoder-ogg-vorbis: bf7c407c2cedff20999df2af8eb42d56 -> 
========================================================================
Received Prepare
Registering precompiled user dll's ...
Registered in 0.020501 seconds.
Begin MonoManager ReloadAssembly
Native extension for WindowsStandalone target not found
Native extension for OSXStandalone target not found
Refreshing native plugins compatible for Editor in 1.08 ms, found 4 plugins.
Preloading 0 native plugins for Editor in 0.00 ms.
Mono: successfully reloaded assembly
- Completed reload, in  1.641 seconds
Domain Reload Profiling:
	ReloadAssembly (1642ms)
		BeginReloadAssembly (151ms)
			ExecutionOrderSort (0ms)
			DisableScriptedObjects (8ms)
			BackupInstance (0ms)
			ReleaseScriptingObjects (0ms)
			CreateAndSetChildDomain (39ms)
		EndReloadAssembly (1393ms)
			LoadAssemblies (121ms)
			RebuildTransferFunctionScriptingTraits (0ms)
			SetupTypeCache (228ms)
			ReleaseScriptCaches (2ms)
			RebuildScriptCaches (51ms)
			SetupLoadedEditorAssemblies (794ms)
				LogAssemblyErrors (0ms)
				InitializePlatformSupportModulesInManaged (12ms)
				SetLoadedEditorAssemblies (0ms)
				RefreshPlugins (1ms)
				BeforeProcessingInitializeOnLoad (184ms)
				ProcessInitializeOnLoadAttributes (523ms)
				ProcessInitializeOnLoadMethodAttributes (72ms)
				AfterProcessingInitializeOnLoad (2ms)
				EditorAssembliesLoaded (0ms)
			ExecutionOrderSort2 (0ms)
			AwakeInstancesAfterBackupRestoration (29ms)
Platform modules already initialized, skipping
Refreshing native plugins compatible for Editor in 1.44 ms, found 4 plugins.
Preloading 0 native plugins for Editor in 0.00 ms.
Unloading 4141 Unused Serialized files (Serialized files now loaded: 0)
Unloading 73 unused Assets / (351.5 KB). Loaded Objects now: 4915.
Memory consumption went from 203.5 MB to 203.2 MB.
Total: 5.944100 ms (FindLiveObjects: 0.385500 ms CreateObjectMapping: 0.418500 ms MarkObjects: 4.893800 ms  DeleteObjects: 0.245100 ms)

AssetImportParameters requested are different than current active one (requested -> active):
  custom:video-decoder-ogg-theora: a1e56fd34408186e4bbccfd4996cb3dc -> 
  custom:container-muxer-webm: aa71ff27fc2769a1b78a27578f13a17b -> 
  custom:container-demuxer-webm: 4f35f7cbe854078d1ac9338744f61a02 -> 
  custom:video-encoder-webm-vp8: eb34c28f22e8b96e1ab97ce403110664 -> 
  custom:audio-encoder-webm-vorbis: bf7c407c2cedff20999df2af8eb42d56 -> 
  custom:framework-win-MediaFoundation: 216162199b28c13a410421893ffa2e32 -> 
  custom:container-demuxer-ogg: 62fdf1f143b41e24485cea50d1cbac27 -> 
  custom:video-decoder-webm-vp8: 9c59270c3fd7afecdb556c50c9e8de78 -> 
  custom:audio-decoder-ogg-vorbis: bf7c407c2cedff20999df2af8eb42d56 -> 
========================================================================
Received Import Request.
  Time since last request: 327.696277 seconds.
  path: Packages/com.unity.render-pipelines.universal/Runtime/Materials/SpriteMask-Default.mat
  artifactKey: Guid(15d0c3709176029428a0da2f8cecf0b5) Importer(815301076,1909f56bfc062723c751e8b465ee728b)
Start importing Packages/com.unity.render-pipelines.universal/Runtime/Materials/SpriteMask-Default.mat using Guid(15d0c3709176029428a0da2f8cecf0b5) Importer(815301076,1909f56bfc062723c751e8b465ee728b)  -> (artifact id: '19020fc40b49fb7d84a9427e82c4cccc') in 0.277432 seconds 
========================================================================
Received Import Request.
  Time since last request: 0.000025 seconds.
  path: Assets/3D Models/Environment/Fire_Spike/Source/standardSurface1.mat
  artifactKey: Guid(77cab41e061f6ce49b6a78fc5e139817) Importer(815301076,1909f56bfc062723c751e8b465ee728b)
Start importing Assets/3D Models/Environment/Fire_Spike/Source/standardSurface1.mat using Guid(77cab41e061f6ce49b6a78fc5e139817) Importer(815301076,1909f56bfc062723c751e8b465ee728b)  -> (artifact id: 'eb8f5f84f340b3c38096b1c0df73bbbd') in 0.043193 seconds 
========================================================================
Received Import Request.
  Time since last request: 0.000043 seconds.
  path: Assets/3D Models/Environment/Wall/Source/standardSurface1.mat
  artifactKey: Guid(fd2c20ab1e4a55848824e03dbfcd3287) Importer(815301076,1909f56bfc062723c751e8b465ee728b)
Start importing Assets/3D Models/Environment/Wall/Source/standardSurface1.mat using Guid(fd2c20ab1e4a55848824e03dbfcd3287) Importer(815301076,1909f56bfc062723c751e8b465ee728b)  -> (artifact id: '6947be2a4b2a636febc3141e981d1d5d') in 0.025480 seconds 
========================================================================
Received Import Request.
  Time since last request: 0.000023 seconds.
  path: Assets/3D Models/Levels/Level_Design3/standardSurface1.mat
  artifactKey: Guid(b490c70ca2929784e883bf8552dd7ae6) Importer(815301076,1909f56bfc062723c751e8b465ee728b)
Start importing Assets/3D Models/Levels/Level_Design3/standardSurface1.mat using Guid(b490c70ca2929784e883bf8552dd7ae6) Importer(815301076,1909f56bfc062723c751e8b465ee728b)  -> (artifact id: 'cbaf2b2d698c5b4d0549288ea59b082e') in 0.030034 seconds 
========================================================================
Received Import Request.
  Time since last request: 0.226223 seconds.
  path: Assets/Particle Materials/Fire.mat
  artifactKey: Guid(f4ebb390036c79249b5ee4eb80a3bb65) Importer(815301076,1909f56bfc062723c751e8b465ee728b)
Start importing Assets/Particle Materials/Fire.mat using Guid(f4ebb390036c79249b5ee4eb80a3bb65) Importer(815301076,1909f56bfc062723c751e8b465ee728b)  -> (artifact id: '84a2c0b116027ad0329d41f0bb545b4f') in 0.013876 seconds 
========================================================================
Received Import Request.
  Time since last request: 12.168674 seconds.
  path: Assets/ExampleAssets/Materials/DryWallPainted_Mat.mat
  artifactKey: Guid(9b8eadc4de0544646b75ddcc43f8fd06) Importer(815301076,1909f56bfc062723c751e8b465ee728b)
Start importing Assets/ExampleAssets/Materials/DryWallPainted_Mat.mat using Guid(9b8eadc4de0544646b75ddcc43f8fd06) Importer(815301076,1909f56bfc062723c751e8b465ee728b)  -> (artifact id: '4a99838cd23d58e942594603cc6e746f') in 0.576502 seconds 
========================================================================
Received Import Request.
  Time since last request: 0.000031 seconds.
  path: Assets/ExampleAssets/Models/safetygoggles_low.fbx
  artifactKey: Guid(6296e48663fd7ad46b1a2af507f871cf) Importer(815301076,1909f56bfc062723c751e8b465ee728b)
Start importing Assets/ExampleAssets/Models/safetygoggles_low.fbx using Guid(6296e48663fd7ad46b1a2af507f871cf) Importer(815301076,1909f56bfc062723c751e8b465ee728b)  -> (artifact id: '6988bbc5c5aac88ea42e15e65a5fa78e') in 0.137130 seconds 
========================================================================
Received Import Request.
  Time since last request: 0.000051 seconds.
  path: Assets/3D Models/Environment/Rat/Rat.fbx
  artifactKey: Guid(31f5fba90d0887843a6bc40ee9c5b985) Importer(815301076,1909f56bfc062723c751e8b465ee728b)
Start importing Assets/3D Models/Environment/Rat/Rat.fbx using Guid(31f5fba90d0887843a6bc40ee9c5b985) Importer(815301076,1909f56bfc062723c751e8b465ee728b)  -> (artifact id: 'da5fbe1df0a013dd27cc648e9972120f') in 0.102262 seconds 
========================================================================
Received Import Request.
  Time since last request: 0.000025 seconds.
  path: Assets/ExampleAssets/Models/ConstructionLight_Low.fbx
  artifactKey: Guid(e3ae06a3979f53046aa05330d69de1fa) Importer(815301076,1909f56bfc062723c751e8b465ee728b)
Start importing Assets/ExampleAssets/Models/ConstructionLight_Low.fbx using Guid(e3ae06a3979f53046aa05330d69de1fa) Importer(815301076,1909f56bfc062723c751e8b465ee728b)  -> (artifact id: '2613c22a1d66f702cc62e098a54ed3cb') in 0.105581 seconds 
Editor requested this worker to shutdown with reason: Scaling down because of idle timeout
AssetImportWorker is now disconnected from the server
Process exiting
Exiting without the bug reporter. Application will terminate with return code 0