Using pre-set license
Built from '2021.2/staging' branch; Version is '2021.2.2f1 (5e2b1e92c7f8) revision 6171422'; Using compiler version '192829333'; Build Type 'Release'
OS: 'Windows 10 Pro; OS build 22621.2134; Version 2009; 64bit' Language: 'en' Physical Memory: 32684 MB
BatchMode: 1, IsHumanControllingUs: 0, StartBugReporterOnCrash: 0, Is64bit: 1, IsPro: 0

COMMAND LINE ARGUMENTS:
D:\Unity Editors\2021.2.2f1\Editor\Unity.exe
-adb2
-batchMode
-noUpm
-name
AssetImportWorker6
-projectPath
G:/Lichs_Lair_Game/LL_Project/Lichs Lair DO NOT USE/Lichs_Lair_Game/LL_Project/Lichs Lair Downgraded
-logFile
Logs/AssetImportWorker6.log
-srvPort
51452
Successfully changed project path to: G:/Lichs_Lair_Game/LL_Project/Lichs Lair DO NOT USE/Lichs_Lair_Game/LL_Project/Lichs Lair Downgraded
G:/Lichs_Lair_Game/LL_Project/Lichs Lair DO NOT USE/Lichs_Lair_Game/LL_Project/Lichs Lair Downgraded
[UnityMemory] Configuration Parameters - Can be set up in boot.config
    "memorysetup-bucket-allocator-granularity=16"
    "memorysetup-bucket-allocator-bucket-count=8"
    "memorysetup-bucket-allocator-block-size=33554432"
    "memorysetup-bucket-allocator-block-count=8"
    "memorysetup-main-allocator-block-size=16777216"
    "memorysetup-thread-allocator-block-size=16777216"
    "memorysetup-gfx-main-allocator-block-size=16777216"
    "memorysetup-gfx-thread-allocator-block-size=16777216"
    "memorysetup-cache-allocator-block-size=4194304"
    "memorysetup-typetree-allocator-block-size=2097152"
    "memorysetup-profiler-bucket-allocator-granularity=16"
    "memorysetup-profiler-bucket-allocator-bucket-count=8"
    "memorysetup-profiler-bucket-allocator-block-size=33554432"
    "memorysetup-profiler-bucket-allocator-block-count=8"
    "memorysetup-profiler-allocator-block-size=16777216"
    "memorysetup-profiler-editor-allocator-block-size=1048576"
    "memorysetup-temp-allocator-size-main=16777216"
    "memorysetup-job-temp-allocator-block-size=2097152"
    "memorysetup-job-temp-allocator-block-size-background=1048576"
    "memorysetup-job-temp-allocator-reduction-small-platforms=262144"
    "memorysetup-temp-allocator-size-background-worker=32768"
    "memorysetup-temp-allocator-size-job-worker=262144"
    "memorysetup-temp-allocator-size-preload-manager=33554432"
    "memorysetup-temp-allocator-size-nav-mesh-worker=65536"
    "memorysetup-temp-allocator-size-audio-worker=65536"
    "memorysetup-temp-allocator-size-cloud-worker=32768"
    "memorysetup-temp-allocator-size-gi-baking-worker=262144"
    "memorysetup-temp-allocator-size-gfx=262144"
Refreshing native plugins compatible for Editor in 109.49 ms, found 3 plugins.
Preloading 0 native plugins for Editor in 0.00 ms.
Initialize engine version: 2021.2.2f1 (5e2b1e92c7f8)
[Subsystems] Discovering subsystems at path D:/Unity Editors/2021.2.2f1/Editor/Data/Resources/UnitySubsystems
[Subsystems] Discovering subsystems at path G:/Lichs_Lair_Game/LL_Project/Lichs Lair DO NOT USE/Lichs_Lair_Game/LL_Project/Lichs Lair Downgraded/Assets
GfxDevice: creating device client; threaded=0; jobified=0
Direct3D:
    Version:  Direct3D 11.0 [level 11.1]
    Renderer: NVIDIA GeForce GTX 1060 6GB (ID=0x1c03)
    Vendor:   NVIDIA
    VRAM:     6043 MB
    Driver:   31.0.15.3598
Initialize mono
Mono path[0] = 'D:/Unity Editors/2021.2.2f1/Editor/Data/Managed'
Mono path[1] = 'D:/Unity Editors/2021.2.2f1/Editor/Data/MonoBleedingEdge/lib/mono/unityjit-win32'
Mono config path = 'D:/Unity Editors/2021.2.2f1/Editor/Data/MonoBleedingEdge/etc'
Using monoOptions --debugger-agent=transport=dt_socket,embedding=1,server=y,suspend=n,address=127.0.0.1:56036
Begin MonoManager ReloadAssembly
Registering precompiled unity dll's ...
Register platform support module: D:/Unity Editors/2021.2.2f1/Editor/Data/PlaybackEngines/MacStandaloneSupport/UnityEditor.OSXStandalone.Extensions.dll
Register platform support module: D:/Unity Editors/2021.2.2f1/Editor/Data/PlaybackEngines/WindowsStandaloneSupport/UnityEditor.WindowsStandalone.Extensions.dll
Registered in 0.003680 seconds.
Native extension for WindowsStandalone target not found
Native extension for OSXStandalone target not found
Refreshing native plugins compatible for Editor in 70.86 ms, found 3 plugins.
Preloading 0 native plugins for Editor in 0.00 ms.
Mono: successfully reloaded assembly
- Completed reload, in  0.641 seconds
Domain Reload Profiling:
	ReloadAssembly (642ms)
		BeginReloadAssembly (107ms)
			ExecutionOrderSort (0ms)
			DisableScriptedObjects (0ms)
			BackupInstance (0ms)
			ReleaseScriptingObjects (0ms)
			CreateAndSetChildDomain (1ms)
		EndReloadAssembly (462ms)
			LoadAssemblies (107ms)
			RebuildTransferFunctionScriptingTraits (0ms)
			SetupTypeCache (104ms)
			ReleaseScriptCaches (0ms)
			RebuildScriptCaches (29ms)
			SetupLoadedEditorAssemblies (266ms)
				LogAssemblyErrors (0ms)
				InitializePlatformSupportModulesInManaged (15ms)
				SetLoadedEditorAssemblies (0ms)
				RefreshPlugins (71ms)
				BeforeProcessingInitializeOnLoad (1ms)
				ProcessInitializeOnLoadAttributes (130ms)
				ProcessInitializeOnLoadMethodAttributes (48ms)
				AfterProcessingInitializeOnLoad (0ms)
				EditorAssembliesLoaded (0ms)
			ExecutionOrderSort2 (0ms)
			AwakeInstancesAfterBackupRestoration (0ms)
Platform modules already initialized, skipping
Registering precompiled user dll's ...
Registered in 0.021258 seconds.
Begin MonoManager ReloadAssembly
Native extension for WindowsStandalone target not found
Native extension for OSXStandalone target not found
Refreshing native plugins compatible for Editor in 87.02 ms, found 3 plugins.
Preloading 0 native plugins for Editor in 0.00 ms.
Mono: successfully reloaded assembly
- Completed reload, in  2.248 seconds
Domain Reload Profiling:
	ReloadAssembly (2249ms)
		BeginReloadAssembly (191ms)
			ExecutionOrderSort (0ms)
			DisableScriptedObjects (6ms)
			BackupInstance (0ms)
			ReleaseScriptingObjects (0ms)
			CreateAndSetChildDomain (21ms)
		EndReloadAssembly (1957ms)
			LoadAssemblies (110ms)
			RebuildTransferFunctionScriptingTraits (0ms)
			SetupTypeCache (248ms)
			ReleaseScriptCaches (1ms)
			RebuildScriptCaches (77ms)
			SetupLoadedEditorAssemblies (1358ms)
				LogAssemblyErrors (0ms)
				InitializePlatformSupportModulesInManaged (12ms)
				SetLoadedEditorAssemblies (0ms)
				RefreshPlugins (87ms)
				BeforeProcessingInitializeOnLoad (144ms)
				ProcessInitializeOnLoadAttributes (1034ms)
				ProcessInitializeOnLoadMethodAttributes (75ms)
				AfterProcessingInitializeOnLoad (5ms)
				EditorAssembliesLoaded (0ms)
			ExecutionOrderSort2 (0ms)
			AwakeInstancesAfterBackupRestoration (7ms)
Platform modules already initialized, skipping
========================================================================
Worker process is ready to serve import requests
Launched and connected shader compiler UnityShaderCompiler.exe after 0.05 seconds
Refreshing native plugins compatible for Editor in 0.88 ms, found 3 plugins.
Preloading 0 native plugins for Editor in 0.00 ms.
Unloading 3779 Unused Serialized files (Serialized files now loaded: 0)
Unloading 78 unused Assets / (0.7 MB). Loaded Objects now: 4195.
Memory consumption went from 177.2 MB to 176.5 MB.
Total: 4.408300 ms (FindLiveObjects: 0.304300 ms CreateObjectMapping: 0.239300 ms MarkObjects: 3.553300 ms  DeleteObjects: 0.310400 ms)

AssetImportParameters requested are different than current active one (requested -> active):
  custom:video-decoder-ogg-theora: a1e56fd34408186e4bbccfd4996cb3dc -> 
  custom:container-muxer-webm: aa71ff27fc2769a1b78a27578f13a17b -> 
  custom:container-demuxer-webm: 4f35f7cbe854078d1ac9338744f61a02 -> 
  custom:video-encoder-webm-vp8: eb34c28f22e8b96e1ab97ce403110664 -> 
  custom:audio-encoder-webm-vorbis: bf7c407c2cedff20999df2af8eb42d56 -> 
  custom:framework-win-MediaFoundation: 216162199b28c13a410421893ffa2e32 -> 
  custom:container-demuxer-ogg: 62fdf1f143b41e24485cea50d1cbac27 -> 
  custom:video-decoder-webm-vp8: 9c59270c3fd7afecdb556c50c9e8de78 -> 
  custom:audio-decoder-ogg-vorbis: bf7c407c2cedff20999df2af8eb42d56 -> 
========================================================================
Received Import Request.
  Time since last request: 6927.455256 seconds.
  path: Assets/Level 10 Upgraded.unity
  artifactKey: Guid(072b8f7910c2a344ca4041326365b5c0) Importer(815301076,1909f56bfc062723c751e8b465ee728b)
Start importing Assets/Level 10 Upgraded.unity using Guid(072b8f7910c2a344ca4041326365b5c0) Importer(815301076,1909f56bfc062723c751e8b465ee728b)  -> (artifact id: '288f6f4425ebf4b315bf5b4f4e26b846') in 0.017723 seconds 
========================================================================
Received Import Request.
  Time since last request: 0.657336 seconds.
  path: Assets/Level 1 Upgraded.unity
  artifactKey: Guid(0f7a890c383e46547aa4b6ac810520bd) Importer(815301076,1909f56bfc062723c751e8b465ee728b)
Start importing Assets/Level 1 Upgraded.unity using Guid(0f7a890c383e46547aa4b6ac810520bd) Importer(815301076,1909f56bfc062723c751e8b465ee728b)  -> (artifact id: '710c7ea6d19c95404a7f400a9d6ca2de') in 0.003856 seconds 
========================================================================
Received Prepare
Registering precompiled user dll's ...
Registered in 0.028248 seconds.
Begin MonoManager ReloadAssembly
Native extension for WindowsStandalone target not found
Native extension for OSXStandalone target not found
Refreshing native plugins compatible for Editor in 1.63 ms, found 3 plugins.
Preloading 0 native plugins for Editor in 0.00 ms.
Mono: successfully reloaded assembly
- Completed reload, in  1.673 seconds
Domain Reload Profiling:
	ReloadAssembly (1674ms)
		BeginReloadAssembly (171ms)
			ExecutionOrderSort (0ms)
			DisableScriptedObjects (5ms)
			BackupInstance (0ms)
			ReleaseScriptingObjects (0ms)
			CreateAndSetChildDomain (43ms)
		EndReloadAssembly (1386ms)
			LoadAssemblies (129ms)
			RebuildTransferFunctionScriptingTraits (0ms)
			SetupTypeCache (228ms)
			ReleaseScriptCaches (1ms)
			RebuildScriptCaches (46ms)
			SetupLoadedEditorAssemblies (828ms)
				LogAssemblyErrors (0ms)
				InitializePlatformSupportModulesInManaged (15ms)
				SetLoadedEditorAssemblies (1ms)
				RefreshPlugins (2ms)
				BeforeProcessingInitializeOnLoad (171ms)
				ProcessInitializeOnLoadAttributes (567ms)
				ProcessInitializeOnLoadMethodAttributes (70ms)
				AfterProcessingInitializeOnLoad (2ms)
				EditorAssembliesLoaded (0ms)
			ExecutionOrderSort2 (0ms)
			AwakeInstancesAfterBackupRestoration (18ms)
Platform modules already initialized, skipping
Refreshing native plugins compatible for Editor in 1.53 ms, found 3 plugins.
Preloading 0 native plugins for Editor in 0.00 ms.
Unloading 3638 Unused Serialized files (Serialized files now loaded: 0)
Unloading 73 unused Assets / (0.7 MB). Loaded Objects now: 4199.
Memory consumption went from 167.8 MB to 167.1 MB.
Total: 4.888600 ms (FindLiveObjects: 0.332300 ms CreateObjectMapping: 0.240500 ms MarkObjects: 3.870100 ms  DeleteObjects: 0.444600 ms)

AssetImportParameters requested are different than current active one (requested -> active):
  custom:video-decoder-ogg-theora: a1e56fd34408186e4bbccfd4996cb3dc -> 
  custom:container-muxer-webm: aa71ff27fc2769a1b78a27578f13a17b -> 
  custom:container-demuxer-webm: 4f35f7cbe854078d1ac9338744f61a02 -> 
  custom:video-encoder-webm-vp8: eb34c28f22e8b96e1ab97ce403110664 -> 
  custom:audio-encoder-webm-vorbis: bf7c407c2cedff20999df2af8eb42d56 -> 
  custom:framework-win-MediaFoundation: 216162199b28c13a410421893ffa2e32 -> 
  custom:container-demuxer-ogg: 62fdf1f143b41e24485cea50d1cbac27 -> 
  custom:video-decoder-webm-vp8: 9c59270c3fd7afecdb556c50c9e8de78 -> 
  custom:audio-decoder-ogg-vorbis: bf7c407c2cedff20999df2af8eb42d56 -> 
========================================================================
Received Import Request.
  Time since last request: 809.576366 seconds.
  path: Assets/Presets/Defaults/AlbedoTexture_Default.preset
  artifactKey: Guid(e8537455c6c08bd4e8bf0be3707da685) Importer(815301076,1909f56bfc062723c751e8b465ee728b)
Start importing Assets/Presets/Defaults/AlbedoTexture_Default.preset using Guid(e8537455c6c08bd4e8bf0be3707da685) Importer(815301076,1909f56bfc062723c751e8b465ee728b)  -> (artifact id: '148f500497be986f087f22fb380dcb96') in 0.099941 seconds 
========================================================================
Received Import Request.
  Time since last request: 0.000024 seconds.
  path: Assets/3D Models/Environment/Chest/Animations/ChestOpenOpenChest.fbx
  artifactKey: Guid(d11fe4c852fcec643870ed8790ab77c7) Importer(815301076,1909f56bfc062723c751e8b465ee728b)
Start importing Assets/3D Models/Environment/Chest/Animations/ChestOpenOpenChest.fbx using Guid(d11fe4c852fcec643870ed8790ab77c7) Importer(815301076,1909f56bfc062723c751e8b465ee728b)  -> (artifact id: 'faf7ba7ebd8a950f4a28928d60c0adb8') in 0.344799 seconds 
========================================================================
Received Import Request.
  Time since last request: 0.000027 seconds.
  path: Assets/Render Textures/PixelTexture.renderTexture
  artifactKey: Guid(be8fea1f57adbaf468d32066f0ece75c) Importer(815301076,1909f56bfc062723c751e8b465ee728b)
Start importing Assets/Render Textures/PixelTexture.renderTexture using Guid(be8fea1f57adbaf468d32066f0ece75c) Importer(815301076,1909f56bfc062723c751e8b465ee728b)  -> (artifact id: '42dc6417adb0e018ed81525cffcc2d87') in 0.120587 seconds 
========================================================================
Received Import Request.
  Time since last request: 0.000026 seconds.
  path: Assets/Settings/Lichs Lair_Renderer.asset
  artifactKey: Guid(8f15fcc70f391464aacfbece2c8744b0) Importer(815301076,1909f56bfc062723c751e8b465ee728b)
Start importing Assets/Settings/Lichs Lair_Renderer.asset using Guid(8f15fcc70f391464aacfbece2c8744b0) Importer(815301076,1909f56bfc062723c751e8b465ee728b)  -> (artifact id: 'b53d865f1881b00fdae96bdf234ab438') in 0.043226 seconds 
========================================================================
Received Import Request.
  Time since last request: 0.000021 seconds.
  path: Assets/ExampleAssets/Models/Workshop_Set.fbx
  artifactKey: Guid(47616bd0cda748d4cbedcfc908506b9d) Importer(815301076,1909f56bfc062723c751e8b465ee728b)
Start importing Assets/ExampleAssets/Models/Workshop_Set.fbx using Guid(47616bd0cda748d4cbedcfc908506b9d) Importer(815301076,1909f56bfc062723c751e8b465ee728b)  -> (artifact id: 'ec5c3041e4751cbdafc28045c7c6a358') in 0.171075 seconds 
========================================================================
Received Import Request.
  Time since last request: 0.000033 seconds.
  path: Assets/Settings/ForwardRenderer.asset
  artifactKey: Guid(4a8e21d5c33334b11b34a596161b9360) Importer(815301076,1909f56bfc062723c751e8b465ee728b)
Start importing Assets/Settings/ForwardRenderer.asset using Guid(4a8e21d5c33334b11b34a596161b9360) Importer(815301076,1909f56bfc062723c751e8b465ee728b)  -> (artifact id: '04a519e95b54d6afb3bb712fc6dc5bdd') in 0.005648 seconds 
========================================================================
Received Import Request.
  Time since last request: 0.000041 seconds.
  path: Assets/ExampleAssets/Materials/Stud_Mat.mat
  artifactKey: Guid(027cb3d3d7dc79d41ad763e01759de07) Importer(815301076,1909f56bfc062723c751e8b465ee728b)
Start importing Assets/ExampleAssets/Materials/Stud_Mat.mat using Guid(027cb3d3d7dc79d41ad763e01759de07) Importer(815301076,1909f56bfc062723c751e8b465ee728b)  -> (artifact id: '1349caf35a94f8998bdb8eb1ae7c31cd') in 0.178927 seconds 
========================================================================
Received Import Request.
  Time since last request: 4.715499 seconds.
  path: Assets/Scenes/Levl 1 Recovery.unity
  artifactKey: Guid(0ee277e9c5cd06f4cad6e0681777ea51) Importer(815301076,1909f56bfc062723c751e8b465ee728b)
Start importing Assets/Scenes/Levl 1 Recovery.unity using Guid(0ee277e9c5cd06f4cad6e0681777ea51) Importer(815301076,1909f56bfc062723c751e8b465ee728b)  -> (artifact id: 'a3b7be46c00db6dcd635f413c85fdfb6') in 0.003996 seconds 
========================================================================
Received Prepare
Registering precompiled user dll's ...
Registered in 0.024737 seconds.
Begin MonoManager ReloadAssembly
Native extension for WindowsStandalone target not found
Native extension for OSXStandalone target not found
Refreshing native plugins compatible for Editor in 1.19 ms, found 3 plugins.
Preloading 0 native plugins for Editor in 0.00 ms.
Mono: successfully reloaded assembly
- Completed reload, in  1.657 seconds
Domain Reload Profiling:
	ReloadAssembly (1658ms)
		BeginReloadAssembly (173ms)
			ExecutionOrderSort (0ms)
			DisableScriptedObjects (8ms)
			BackupInstance (0ms)
			ReleaseScriptingObjects (0ms)
			CreateAndSetChildDomain (44ms)
		EndReloadAssembly (1380ms)
			LoadAssemblies (124ms)
			RebuildTransferFunctionScriptingTraits (0ms)
			SetupTypeCache (239ms)
			ReleaseScriptCaches (1ms)
			RebuildScriptCaches (43ms)
			SetupLoadedEditorAssemblies (786ms)
				LogAssemblyErrors (0ms)
				InitializePlatformSupportModulesInManaged (12ms)
				SetLoadedEditorAssemblies (1ms)
				RefreshPlugins (1ms)
				BeforeProcessingInitializeOnLoad (140ms)
				ProcessInitializeOnLoadAttributes (561ms)
				ProcessInitializeOnLoadMethodAttributes (67ms)
				AfterProcessingInitializeOnLoad (2ms)
				EditorAssembliesLoaded (0ms)
			ExecutionOrderSort2 (0ms)
			AwakeInstancesAfterBackupRestoration (26ms)
Platform modules already initialized, skipping
Refreshing native plugins compatible for Editor in 1.11 ms, found 3 plugins.
Preloading 0 native plugins for Editor in 0.00 ms.
Unloading 3646 Unused Serialized files (Serialized files now loaded: 0)
Unloading 70 unused Assets / (344.5 KB). Loaded Objects now: 4326.
Memory consumption went from 178.3 MB to 178.0 MB.
Total: 5.333700 ms (FindLiveObjects: 0.515600 ms CreateObjectMapping: 0.389800 ms MarkObjects: 4.239500 ms  DeleteObjects: 0.187700 ms)

AssetImportParameters requested are different than current active one (requested -> active):
  custom:video-decoder-ogg-theora: a1e56fd34408186e4bbccfd4996cb3dc -> 
  custom:container-muxer-webm: aa71ff27fc2769a1b78a27578f13a17b -> 
  custom:container-demuxer-webm: 4f35f7cbe854078d1ac9338744f61a02 -> 
  custom:video-encoder-webm-vp8: eb34c28f22e8b96e1ab97ce403110664 -> 
  custom:audio-encoder-webm-vorbis: bf7c407c2cedff20999df2af8eb42d56 -> 
  custom:framework-win-MediaFoundation: 216162199b28c13a410421893ffa2e32 -> 
  custom:container-demuxer-ogg: 62fdf1f143b41e24485cea50d1cbac27 -> 
  custom:video-decoder-webm-vp8: 9c59270c3fd7afecdb556c50c9e8de78 -> 
  custom:audio-decoder-ogg-vorbis: bf7c407c2cedff20999df2af8eb42d56 -> 
========================================================================
Received Prepare
Registering precompiled user dll's ...
Registered in 0.023272 seconds.
Begin MonoManager ReloadAssembly
Native extension for WindowsStandalone target not found
Native extension for OSXStandalone target not found
Refreshing native plugins compatible for Editor in 1.48 ms, found 3 plugins.
Preloading 0 native plugins for Editor in 0.00 ms.
Mono: successfully reloaded assembly
- Completed reload, in  1.725 seconds
Domain Reload Profiling:
	ReloadAssembly (1726ms)
		BeginReloadAssembly (157ms)
			ExecutionOrderSort (0ms)
			DisableScriptedObjects (6ms)
			BackupInstance (0ms)
			ReleaseScriptingObjects (0ms)
			CreateAndSetChildDomain (42ms)
		EndReloadAssembly (1469ms)
			LoadAssemblies (119ms)
			RebuildTransferFunctionScriptingTraits (0ms)
			SetupTypeCache (238ms)
			ReleaseScriptCaches (1ms)
			RebuildScriptCaches (52ms)
			SetupLoadedEditorAssemblies (849ms)
				LogAssemblyErrors (0ms)
				InitializePlatformSupportModulesInManaged (15ms)
				SetLoadedEditorAssemblies (1ms)
				RefreshPlugins (2ms)
				BeforeProcessingInitializeOnLoad (159ms)
				ProcessInitializeOnLoadAttributes (599ms)
				ProcessInitializeOnLoadMethodAttributes (70ms)
				AfterProcessingInitializeOnLoad (3ms)
				EditorAssembliesLoaded (0ms)
			ExecutionOrderSort2 (0ms)
			AwakeInstancesAfterBackupRestoration (27ms)
Platform modules already initialized, skipping
Refreshing native plugins compatible for Editor in 1.01 ms, found 3 plugins.
Preloading 0 native plugins for Editor in 0.00 ms.
Unloading 3635 Unused Serialized files (Serialized files now loaded: 0)
Unloading 70 unused Assets / (344.6 KB). Loaded Objects now: 4330.
Memory consumption went from 177.5 MB to 177.2 MB.
Total: 4.972100 ms (FindLiveObjects: 0.504500 ms CreateObjectMapping: 0.455400 ms MarkObjects: 3.814500 ms  DeleteObjects: 0.196600 ms)

AssetImportParameters requested are different than current active one (requested -> active):
  custom:video-decoder-ogg-theora: a1e56fd34408186e4bbccfd4996cb3dc -> 
  custom:container-muxer-webm: aa71ff27fc2769a1b78a27578f13a17b -> 
  custom:container-demuxer-webm: 4f35f7cbe854078d1ac9338744f61a02 -> 
  custom:video-encoder-webm-vp8: eb34c28f22e8b96e1ab97ce403110664 -> 
  custom:audio-encoder-webm-vorbis: bf7c407c2cedff20999df2af8eb42d56 -> 
  custom:framework-win-MediaFoundation: 216162199b28c13a410421893ffa2e32 -> 
  custom:container-demuxer-ogg: 62fdf1f143b41e24485cea50d1cbac27 -> 
  custom:video-decoder-webm-vp8: 9c59270c3fd7afecdb556c50c9e8de78 -> 
  custom:audio-decoder-ogg-vorbis: bf7c407c2cedff20999df2af8eb42d56 -> 
========================================================================
Received Prepare
Registering precompiled user dll's ...
Registered in 0.025144 seconds.
Begin MonoManager ReloadAssembly
Native extension for WindowsStandalone target not found
Native extension for OSXStandalone target not found
Refreshing native plugins compatible for Editor in 0.99 ms, found 3 plugins.
Preloading 0 native plugins for Editor in 0.00 ms.
Mono: successfully reloaded assembly
- Completed reload, in  1.623 seconds
Domain Reload Profiling:
	ReloadAssembly (1624ms)
		BeginReloadAssembly (153ms)
			ExecutionOrderSort (0ms)
			DisableScriptedObjects (5ms)
			BackupInstance (0ms)
			ReleaseScriptingObjects (0ms)
			CreateAndSetChildDomain (36ms)
		EndReloadAssembly (1368ms)
			LoadAssemblies (123ms)
			RebuildTransferFunctionScriptingTraits (0ms)
			SetupTypeCache (230ms)
			ReleaseScriptCaches (1ms)
			RebuildScriptCaches (46ms)
			SetupLoadedEditorAssemblies (778ms)
				LogAssemblyErrors (0ms)
				InitializePlatformSupportModulesInManaged (14ms)
				SetLoadedEditorAssemblies (0ms)
				RefreshPlugins (1ms)
				BeforeProcessingInitializeOnLoad (150ms)
				ProcessInitializeOnLoadAttributes (535ms)
				ProcessInitializeOnLoadMethodAttributes (75ms)
				AfterProcessingInitializeOnLoad (2ms)
				EditorAssembliesLoaded (0ms)
			ExecutionOrderSort2 (0ms)
			AwakeInstancesAfterBackupRestoration (27ms)
Platform modules already initialized, skipping
Refreshing native plugins compatible for Editor in 0.96 ms, found 3 plugins.
Preloading 0 native plugins for Editor in 0.00 ms.
Unloading 3635 Unused Serialized files (Serialized files now loaded: 0)
Unloading 70 unused Assets / (344.6 KB). Loaded Objects now: 4334.
Memory consumption went from 177.5 MB to 177.2 MB.
Total: 4.942200 ms (FindLiveObjects: 0.413100 ms CreateObjectMapping: 0.351400 ms MarkObjects: 3.946100 ms  DeleteObjects: 0.230100 ms)

AssetImportParameters requested are different than current active one (requested -> active):
  custom:video-decoder-ogg-theora: a1e56fd34408186e4bbccfd4996cb3dc -> 
  custom:container-muxer-webm: aa71ff27fc2769a1b78a27578f13a17b -> 
  custom:container-demuxer-webm: 4f35f7cbe854078d1ac9338744f61a02 -> 
  custom:video-encoder-webm-vp8: eb34c28f22e8b96e1ab97ce403110664 -> 
  custom:audio-encoder-webm-vorbis: bf7c407c2cedff20999df2af8eb42d56 -> 
  custom:framework-win-MediaFoundation: 216162199b28c13a410421893ffa2e32 -> 
  custom:container-demuxer-ogg: 62fdf1f143b41e24485cea50d1cbac27 -> 
  custom:video-decoder-webm-vp8: 9c59270c3fd7afecdb556c50c9e8de78 -> 
  custom:audio-decoder-ogg-vorbis: bf7c407c2cedff20999df2af8eb42d56 -> 
========================================================================
Received Import Request.
  Time since last request: 1904.585163 seconds.
  path: Assets/ExampleAssets/Models/magneticlevel_low.fbx
  artifactKey: Guid(bae110eee250e4b418b188f4ae4e3170) Importer(815301076,1909f56bfc062723c751e8b465ee728b)
Start importing Assets/ExampleAssets/Models/magneticlevel_low.fbx using Guid(bae110eee250e4b418b188f4ae4e3170) Importer(815301076,1909f56bfc062723c751e8b465ee728b)  -> (artifact id: '7d6f76b4595d0c12c605c350c5a0cf7f') in 0.317534 seconds 
========================================================================
Received Prepare
Registering precompiled user dll's ...
Registered in 0.021188 seconds.
Begin MonoManager ReloadAssembly
Native extension for WindowsStandalone target not found
Native extension for OSXStandalone target not found
Refreshing native plugins compatible for Editor in 1.76 ms, found 3 plugins.
Preloading 0 native plugins for Editor in 0.00 ms.
Mono: successfully reloaded assembly
- Completed reload, in  1.763 seconds
Domain Reload Profiling:
	ReloadAssembly (1764ms)
		BeginReloadAssembly (171ms)
			ExecutionOrderSort (0ms)
			DisableScriptedObjects (7ms)
			BackupInstance (0ms)
			ReleaseScriptingObjects (0ms)
			CreateAndSetChildDomain (46ms)
		EndReloadAssembly (1474ms)
			LoadAssemblies (121ms)
			RebuildTransferFunctionScriptingTraits (0ms)
			SetupTypeCache (252ms)
			ReleaseScriptCaches (1ms)
			RebuildScriptCaches (52ms)
			SetupLoadedEditorAssemblies (841ms)
				LogAssemblyErrors (0ms)
				InitializePlatformSupportModulesInManaged (14ms)
				SetLoadedEditorAssemblies (1ms)
				RefreshPlugins (2ms)
				BeforeProcessingInitializeOnLoad (148ms)
				ProcessInitializeOnLoadAttributes (597ms)
				ProcessInitializeOnLoadMethodAttributes (76ms)
				AfterProcessingInitializeOnLoad (2ms)
				EditorAssembliesLoaded (1ms)
			ExecutionOrderSort2 (0ms)
			AwakeInstancesAfterBackupRestoration (27ms)
Platform modules already initialized, skipping
Refreshing native plugins compatible for Editor in 1.68 ms, found 3 plugins.
Preloading 0 native plugins for Editor in 0.00 ms.
Unloading 3635 Unused Serialized files (Serialized files now loaded: 0)
Unloading 70 unused Assets / (344.5 KB). Loaded Objects now: 4379.
Memory consumption went from 177.7 MB to 177.4 MB.
Total: 7.388600 ms (FindLiveObjects: 0.600900 ms CreateObjectMapping: 0.439600 ms MarkObjects: 6.131500 ms  DeleteObjects: 0.215500 ms)

AssetImportParameters requested are different than current active one (requested -> active):
  custom:video-decoder-ogg-theora: a1e56fd34408186e4bbccfd4996cb3dc -> 
  custom:container-muxer-webm: aa71ff27fc2769a1b78a27578f13a17b -> 
  custom:container-demuxer-webm: 4f35f7cbe854078d1ac9338744f61a02 -> 
  custom:video-encoder-webm-vp8: eb34c28f22e8b96e1ab97ce403110664 -> 
  custom:audio-encoder-webm-vorbis: bf7c407c2cedff20999df2af8eb42d56 -> 
  custom:framework-win-MediaFoundation: 216162199b28c13a410421893ffa2e32 -> 
  custom:container-demuxer-ogg: 62fdf1f143b41e24485cea50d1cbac27 -> 
  custom:video-decoder-webm-vp8: 9c59270c3fd7afecdb556c50c9e8de78 -> 
  custom:audio-decoder-ogg-vorbis: bf7c407c2cedff20999df2af8eb42d56 -> 
========================================================================
Received Import Request.
  Time since last request: 678.533029 seconds.
  path: Assets/Wwise/Editor/ProjectData/AkWwiseProjectData.asset
  artifactKey: Guid(97975d40bcf7cba409bb77f74694c7e8) Importer(815301076,1909f56bfc062723c751e8b465ee728b)
Start importing Assets/Wwise/Editor/ProjectData/AkWwiseProjectData.asset using Guid(97975d40bcf7cba409bb77f74694c7e8) Importer(815301076,1909f56bfc062723c751e8b465ee728b)  -> (artifact id: 'b967ea71822616ade7086b8cff4e9f04') in 0.044708 seconds 
========================================================================
Received Import Request.
  Time since last request: 0.000028 seconds.
  path: Assets/Prefabs/3D/Environment/Broken_Pillar Tall.prefab
  artifactKey: Guid(9373319d87425b143a66229437e32780) Importer(815301076,1909f56bfc062723c751e8b465ee728b)
Start importing Assets/Prefabs/3D/Environment/Broken_Pillar Tall.prefab using Guid(9373319d87425b143a66229437e32780) Importer(815301076,1909f56bfc062723c751e8b465ee728b)  -> (artifact id: '95737035cac6fcfaf02f98fa99a5650f') in 0.484947 seconds 
========================================================================
Received Import Request.
  Time since last request: 0.000026 seconds.
  path: Assets/Prefabs/3D/Environment/Broken Brazier.prefab
  artifactKey: Guid(f9f27651619d5924493fd8b4e38f3c34) Importer(815301076,1909f56bfc062723c751e8b465ee728b)
Start importing Assets/Prefabs/3D/Environment/Broken Brazier.prefab using Guid(f9f27651619d5924493fd8b4e38f3c34) Importer(815301076,1909f56bfc062723c751e8b465ee728b)  -> (artifact id: '58bbd013e565276b835e8ac9da984afc') in 0.034836 seconds 
========================================================================
Received Import Request.
  Time since last request: 0.000035 seconds.
  path: Assets/Reference/Pixel Shader Advanced/Character/BasicMotions@Walk01.fbx
  artifactKey: Guid(6e2bfa8498b0db840865dd4eb42ce0ad) Importer(815301076,1909f56bfc062723c751e8b465ee728b)
Start importing Assets/Reference/Pixel Shader Advanced/Character/BasicMotions@Walk01.fbx using Guid(6e2bfa8498b0db840865dd4eb42ce0ad) Importer(815301076,1909f56bfc062723c751e8b465ee728b)  -> (artifact id: 'b8ae7f946c2e55f44782876cbdef23e7') in 0.030340 seconds 
========================================================================
Received Import Request.
  Time since last request: 0.015128 seconds.
  path: Assets/3D Models/Environment/Chest/ItemChest (Legendary) Chest Room .prefab
  artifactKey: Guid(e49ba98aa9acf834d8fb574c12dc23de) Importer(815301076,1909f56bfc062723c751e8b465ee728b)
Start importing Assets/3D Models/Environment/Chest/ItemChest (Legendary) Chest Room .prefab using Guid(e49ba98aa9acf834d8fb574c12dc23de) Importer(815301076,1909f56bfc062723c751e8b465ee728b)  -> (artifact id: 'c161fa5428b3a39493d6b892631cb399') in 0.031330 seconds 
========================================================================
Received Import Request.
  Time since last request: 0.000030 seconds.
  path: Assets/3D Models/Environment/Shrooms/wallshroom/Shroom_Bottom.mat
  artifactKey: Guid(41799ece519b1334888e79203555815e) Importer(815301076,1909f56bfc062723c751e8b465ee728b)
Start importing Assets/3D Models/Environment/Shrooms/wallshroom/Shroom_Bottom.mat using Guid(41799ece519b1334888e79203555815e) Importer(815301076,1909f56bfc062723c751e8b465ee728b)  -> (artifact id: '734ec884d5a7b07392c118e635d2e924') in 0.024776 seconds 
========================================================================
Received Import Request.
  Time since last request: 0.000038 seconds.
  path: Assets/Art/Shrooms.png
  artifactKey: Guid(ccebc58cc03c7aa42be3838cb743626c) Importer(815301076,1909f56bfc062723c751e8b465ee728b)
Start importing Assets/Art/Shrooms.png using Guid(ccebc58cc03c7aa42be3838cb743626c) Importer(815301076,1909f56bfc062723c751e8b465ee728b)  -> (artifact id: '38740522b4275521670936a448c64f92') in 0.045493 seconds 
========================================================================
Received Import Request.
  Time since last request: 0.000025 seconds.
  path: Assets/Prefabs/3D/Environment/Shroompile Small.prefab
  artifactKey: Guid(a0206783ffb45e44da497890f48c458c) Importer(815301076,1909f56bfc062723c751e8b465ee728b)
Start importing Assets/Prefabs/3D/Environment/Shroompile Small.prefab using Guid(a0206783ffb45e44da497890f48c458c) Importer(815301076,1909f56bfc062723c751e8b465ee728b)  -> (artifact id: '08f1de525f1d7f2265cfc2b7d8173600') in 0.019620 seconds 
========================================================================
Received Import Request.
  Time since last request: 0.000031 seconds.
  path: Assets/3D Models/Environment/Chest/ItemChest (Uncommon) Chest Room.prefab
  artifactKey: Guid(21d2d7c2df6c1ae46a87cd2ab3f93785) Importer(815301076,1909f56bfc062723c751e8b465ee728b)
Start importing Assets/3D Models/Environment/Chest/ItemChest (Uncommon) Chest Room.prefab using Guid(21d2d7c2df6c1ae46a87cd2ab3f93785) Importer(815301076,1909f56bfc062723c751e8b465ee728b)  -> (artifact id: 'aa7b689220f3a16c289361fe169a5786') in 0.033915 seconds 
========================================================================
Received Import Request.
  Time since last request: 0.000033 seconds.
  path: Assets/Materials/Shroom Particles.mat
  artifactKey: Guid(39ac0447f7ba06b4db502cd6ea32f6ce) Importer(815301076,1909f56bfc062723c751e8b465ee728b)
Start importing Assets/Materials/Shroom Particles.mat using Guid(39ac0447f7ba06b4db502cd6ea32f6ce) Importer(815301076,1909f56bfc062723c751e8b465ee728b)  -> (artifact id: 'e0cdac140b3d6abce4dc6bb5cf2841e3') in 0.013189 seconds 
========================================================================
Received Import Request.
  Time since last request: 0.000026 seconds.
  path: Assets/Prefabs/3D/Environment/Wall Shroom Pile Normal.prefab
  artifactKey: Guid(6b5744c51db2fcc4594aba118d3a4537) Importer(815301076,1909f56bfc062723c751e8b465ee728b)
Start importing Assets/Prefabs/3D/Environment/Wall Shroom Pile Normal.prefab using Guid(6b5744c51db2fcc4594aba118d3a4537) Importer(815301076,1909f56bfc062723c751e8b465ee728b)  -> (artifact id: 'e3c5772a4ad3944de21bc11fa472a821') in 0.019484 seconds 
========================================================================
Received Import Request.
  Time since last request: 0.000028 seconds.
  path: Assets/Prefabs/3D/Environment/Wall Shroom Pile.prefab
  artifactKey: Guid(4f2ff8fabf99a6c43b9b45e2ae763dc0) Importer(815301076,1909f56bfc062723c751e8b465ee728b)
Start importing Assets/Prefabs/3D/Environment/Wall Shroom Pile.prefab using Guid(4f2ff8fabf99a6c43b9b45e2ae763dc0) Importer(815301076,1909f56bfc062723c751e8b465ee728b)  -> (artifact id: '460c271082af1f6738d085385d98ceb2') in 0.019187 seconds 
========================================================================
Received Import Request.
  Time since last request: 0.000023 seconds.
  path: Assets/Prefabs/3D/Environment/ItemChest Chest Room.prefab
  artifactKey: Guid(234fecb2680ba984cb8a50562ee50aa4) Importer(815301076,1909f56bfc062723c751e8b465ee728b)
Start importing Assets/Prefabs/3D/Environment/ItemChest Chest Room.prefab using Guid(234fecb2680ba984cb8a50562ee50aa4) Importer(815301076,1909f56bfc062723c751e8b465ee728b)  -> (artifact id: '0538eda4e9fef6bcddb33860b6987484') in 0.030394 seconds 
========================================================================
Received Prepare
Registering precompiled user dll's ...
Registered in 0.023117 seconds.
Begin MonoManager ReloadAssembly
Native extension for WindowsStandalone target not found
Native extension for OSXStandalone target not found
Refreshing native plugins compatible for Editor in 0.96 ms, found 3 plugins.
Preloading 0 native plugins for Editor in 0.00 ms.
Mono: successfully reloaded assembly
- Completed reload, in  1.734 seconds
Domain Reload Profiling:
	ReloadAssembly (1735ms)
		BeginReloadAssembly (200ms)
			ExecutionOrderSort (0ms)
			DisableScriptedObjects (13ms)
			BackupInstance (0ms)
			ReleaseScriptingObjects (0ms)
			CreateAndSetChildDomain (69ms)
		EndReloadAssembly (1421ms)
			LoadAssemblies (121ms)
			RebuildTransferFunctionScriptingTraits (0ms)
			SetupTypeCache (273ms)
			ReleaseScriptCaches (2ms)
			RebuildScriptCaches (55ms)
			SetupLoadedEditorAssemblies (784ms)
				LogAssemblyErrors (0ms)
				InitializePlatformSupportModulesInManaged (16ms)
				SetLoadedEditorAssemblies (0ms)
				RefreshPlugins (1ms)
				BeforeProcessingInitializeOnLoad (144ms)
				ProcessInitializeOnLoadAttributes (552ms)
				ProcessInitializeOnLoadMethodAttributes (69ms)
				AfterProcessingInitializeOnLoad (3ms)
				EditorAssembliesLoaded (0ms)
			ExecutionOrderSort2 (0ms)
			AwakeInstancesAfterBackupRestoration (28ms)
Platform modules already initialized, skipping
Refreshing native plugins compatible for Editor in 1.35 ms, found 3 plugins.
Preloading 0 native plugins for Editor in 0.00 ms.
Unloading 3636 Unused Serialized files (Serialized files now loaded: 0)
Unloading 70 unused Assets / (344.5 KB). Loaded Objects now: 4446.
Memory consumption went from 178.7 MB to 178.3 MB.
Total: 4.641900 ms (FindLiveObjects: 0.374800 ms CreateObjectMapping: 0.310800 ms MarkObjects: 3.771200 ms  DeleteObjects: 0.183500 ms)

AssetImportParameters requested are different than current active one (requested -> active):
  custom:video-decoder-ogg-theora: a1e56fd34408186e4bbccfd4996cb3dc -> 
  custom:container-muxer-webm: aa71ff27fc2769a1b78a27578f13a17b -> 
  custom:container-demuxer-webm: 4f35f7cbe854078d1ac9338744f61a02 -> 
  custom:video-encoder-webm-vp8: eb34c28f22e8b96e1ab97ce403110664 -> 
  custom:audio-encoder-webm-vorbis: bf7c407c2cedff20999df2af8eb42d56 -> 
  custom:framework-win-MediaFoundation: 216162199b28c13a410421893ffa2e32 -> 
  custom:container-demuxer-ogg: 62fdf1f143b41e24485cea50d1cbac27 -> 
  custom:video-decoder-webm-vp8: 9c59270c3fd7afecdb556c50c9e8de78 -> 
  custom:audio-decoder-ogg-vorbis: bf7c407c2cedff20999df2af8eb42d56 -> 
========================================================================
Received Prepare
Registering precompiled user dll's ...
Registered in 0.020498 seconds.
Begin MonoManager ReloadAssembly
Native extension for WindowsStandalone target not found
Native extension for OSXStandalone target not found
Refreshing native plugins compatible for Editor in 1.15 ms, found 3 plugins.
Preloading 0 native plugins for Editor in 0.00 ms.
Mono: successfully reloaded assembly
- Completed reload, in  1.601 seconds
Domain Reload Profiling:
	ReloadAssembly (1602ms)
		BeginReloadAssembly (154ms)
			ExecutionOrderSort (0ms)
			DisableScriptedObjects (8ms)
			BackupInstance (0ms)
			ReleaseScriptingObjects (0ms)
			CreateAndSetChildDomain (38ms)
		EndReloadAssembly (1352ms)
			LoadAssemblies (124ms)
			RebuildTransferFunctionScriptingTraits (0ms)
			SetupTypeCache (236ms)
			ReleaseScriptCaches (2ms)
			RebuildScriptCaches (50ms)
			SetupLoadedEditorAssemblies (764ms)
				LogAssemblyErrors (0ms)
				InitializePlatformSupportModulesInManaged (16ms)
				SetLoadedEditorAssemblies (1ms)
				RefreshPlugins (1ms)
				BeforeProcessingInitializeOnLoad (150ms)
				ProcessInitializeOnLoadAttributes (534ms)
				ProcessInitializeOnLoadMethodAttributes (59ms)
				AfterProcessingInitializeOnLoad (2ms)
				EditorAssembliesLoaded (0ms)
			ExecutionOrderSort2 (0ms)
			AwakeInstancesAfterBackupRestoration (23ms)
Platform modules already initialized, skipping
Refreshing native plugins compatible for Editor in 1.74 ms, found 3 plugins.
Preloading 0 native plugins for Editor in 0.00 ms.
Unloading 3635 Unused Serialized files (Serialized files now loaded: 0)
Unloading 70 unused Assets / (344.4 KB). Loaded Objects now: 4450.
Memory consumption went from 178.5 MB to 178.2 MB.
Total: 3.986400 ms (FindLiveObjects: 0.358600 ms CreateObjectMapping: 0.261800 ms MarkObjects: 3.098500 ms  DeleteObjects: 0.266300 ms)

AssetImportParameters requested are different than current active one (requested -> active):
  custom:video-decoder-ogg-theora: a1e56fd34408186e4bbccfd4996cb3dc -> 
  custom:container-muxer-webm: aa71ff27fc2769a1b78a27578f13a17b -> 
  custom:container-demuxer-webm: 4f35f7cbe854078d1ac9338744f61a02 -> 
  custom:video-encoder-webm-vp8: eb34c28f22e8b96e1ab97ce403110664 -> 
  custom:audio-encoder-webm-vorbis: bf7c407c2cedff20999df2af8eb42d56 -> 
  custom:framework-win-MediaFoundation: 216162199b28c13a410421893ffa2e32 -> 
  custom:container-demuxer-ogg: 62fdf1f143b41e24485cea50d1cbac27 -> 
  custom:video-decoder-webm-vp8: 9c59270c3fd7afecdb556c50c9e8de78 -> 
  custom:audio-decoder-ogg-vorbis: bf7c407c2cedff20999df2af8eb42d56 -> 
========================================================================
Received Prepare
Registering precompiled user dll's ...
Registered in 0.022512 seconds.
Begin MonoManager ReloadAssembly
Native extension for WindowsStandalone target not found
Native extension for OSXStandalone target not found
Refreshing native plugins compatible for Editor in 1.03 ms, found 3 plugins.
Preloading 0 native plugins for Editor in 0.00 ms.
Mono: successfully reloaded assembly
- Completed reload, in  1.625 seconds
Domain Reload Profiling:
	ReloadAssembly (1625ms)
		BeginReloadAssembly (163ms)
			ExecutionOrderSort (0ms)
			DisableScriptedObjects (7ms)
			BackupInstance (0ms)
			ReleaseScriptingObjects (0ms)
			CreateAndSetChildDomain (40ms)
		EndReloadAssembly (1365ms)
			LoadAssemblies (118ms)
			RebuildTransferFunctionScriptingTraits (0ms)
			SetupTypeCache (250ms)
			ReleaseScriptCaches (1ms)
			RebuildScriptCaches (45ms)
			SetupLoadedEditorAssemblies (765ms)
				LogAssemblyErrors (0ms)
				InitializePlatformSupportModulesInManaged (14ms)
				SetLoadedEditorAssemblies (1ms)
				RefreshPlugins (1ms)
				BeforeProcessingInitializeOnLoad (144ms)
				ProcessInitializeOnLoadAttributes (531ms)
				ProcessInitializeOnLoadMethodAttributes (72ms)
				AfterProcessingInitializeOnLoad (2ms)
				EditorAssembliesLoaded (0ms)
			ExecutionOrderSort2 (0ms)
			AwakeInstancesAfterBackupRestoration (27ms)
Platform modules already initialized, skipping
Refreshing native plugins compatible for Editor in 1.01 ms, found 3 plugins.
Preloading 0 native plugins for Editor in 0.00 ms.
Unloading 3635 Unused Serialized files (Serialized files now loaded: 0)
Unloading 70 unused Assets / (344.5 KB). Loaded Objects now: 4454.
Memory consumption went from 178.6 MB to 178.2 MB.
Total: 5.360600 ms (FindLiveObjects: 0.375900 ms CreateObjectMapping: 0.275000 ms MarkObjects: 4.484100 ms  DeleteObjects: 0.224100 ms)

AssetImportParameters requested are different than current active one (requested -> active):
  custom:video-decoder-ogg-theora: a1e56fd34408186e4bbccfd4996cb3dc -> 
  custom:container-muxer-webm: aa71ff27fc2769a1b78a27578f13a17b -> 
  custom:container-demuxer-webm: 4f35f7cbe854078d1ac9338744f61a02 -> 
  custom:video-encoder-webm-vp8: eb34c28f22e8b96e1ab97ce403110664 -> 
  custom:audio-encoder-webm-vorbis: bf7c407c2cedff20999df2af8eb42d56 -> 
  custom:framework-win-MediaFoundation: 216162199b28c13a410421893ffa2e32 -> 
  custom:container-demuxer-ogg: 62fdf1f143b41e24485cea50d1cbac27 -> 
  custom:video-decoder-webm-vp8: 9c59270c3fd7afecdb556c50c9e8de78 -> 
  custom:audio-decoder-ogg-vorbis: bf7c407c2cedff20999df2af8eb42d56 -> 
========================================================================
Received Prepare
Registering precompiled user dll's ...
Registered in 0.022222 seconds.
Begin MonoManager ReloadAssembly
Native extension for WindowsStandalone target not found
Native extension for OSXStandalone target not found
Refreshing native plugins compatible for Editor in 1.77 ms, found 3 plugins.
Preloading 0 native plugins for Editor in 0.00 ms.
Mono: successfully reloaded assembly
- Completed reload, in  1.658 seconds
Domain Reload Profiling:
	ReloadAssembly (1659ms)
		BeginReloadAssembly (158ms)
			ExecutionOrderSort (0ms)
			DisableScriptedObjects (7ms)
			BackupInstance (0ms)
			ReleaseScriptingObjects (0ms)
			CreateAndSetChildDomain (42ms)
		EndReloadAssembly (1403ms)
			LoadAssemblies (123ms)
			RebuildTransferFunctionScriptingTraits (0ms)
			SetupTypeCache (227ms)
			ReleaseScriptCaches (1ms)
			RebuildScriptCaches (52ms)
			SetupLoadedEditorAssemblies (817ms)
				LogAssemblyErrors (0ms)
				InitializePlatformSupportModulesInManaged (14ms)
				SetLoadedEditorAssemblies (1ms)
				RefreshPlugins (2ms)
				BeforeProcessingInitializeOnLoad (156ms)
				ProcessInitializeOnLoadAttributes (569ms)
				ProcessInitializeOnLoadMethodAttributes (73ms)
				AfterProcessingInitializeOnLoad (3ms)
				EditorAssembliesLoaded (0ms)
			ExecutionOrderSort2 (0ms)
			AwakeInstancesAfterBackupRestoration (31ms)
Platform modules already initialized, skipping
Refreshing native plugins compatible for Editor in 1.17 ms, found 3 plugins.
Preloading 0 native plugins for Editor in 0.00 ms.
Unloading 3635 Unused Serialized files (Serialized files now loaded: 0)
Unloading 70 unused Assets / (344.4 KB). Loaded Objects now: 4458.
Memory consumption went from 178.6 MB to 178.2 MB.
Total: 4.470700 ms (FindLiveObjects: 0.352100 ms CreateObjectMapping: 0.256500 ms MarkObjects: 3.667000 ms  DeleteObjects: 0.193900 ms)

AssetImportParameters requested are different than current active one (requested -> active):
  custom:video-decoder-ogg-theora: a1e56fd34408186e4bbccfd4996cb3dc -> 
  custom:container-muxer-webm: aa71ff27fc2769a1b78a27578f13a17b -> 
  custom:container-demuxer-webm: 4f35f7cbe854078d1ac9338744f61a02 -> 
  custom:video-encoder-webm-vp8: eb34c28f22e8b96e1ab97ce403110664 -> 
  custom:audio-encoder-webm-vorbis: bf7c407c2cedff20999df2af8eb42d56 -> 
  custom:framework-win-MediaFoundation: 216162199b28c13a410421893ffa2e32 -> 
  custom:container-demuxer-ogg: 62fdf1f143b41e24485cea50d1cbac27 -> 
  custom:video-decoder-webm-vp8: 9c59270c3fd7afecdb556c50c9e8de78 -> 
  custom:audio-decoder-ogg-vorbis: bf7c407c2cedff20999df2af8eb42d56 -> 
========================================================================
Received Import Request.
  Time since last request: 6205.685532 seconds.
  path: Assets/Prefabs/Ceiling Barrier.prefab
  artifactKey: Guid(5779adbebed72f441b1b9324da674d89) Importer(815301076,1909f56bfc062723c751e8b465ee728b)
Start importing Assets/Prefabs/Ceiling Barrier.prefab using Guid(5779adbebed72f441b1b9324da674d89) Importer(815301076,1909f56bfc062723c751e8b465ee728b)  -> (artifact id: '84d7a90d0e2c8dd8414240b17db067c3') in 0.260484 seconds 
========================================================================
Received Import Request.
  Time since last request: 0.000071 seconds.
  path: Assets/Prefabs/Pixel Shader.prefab
  artifactKey: Guid(cf7166a1cd003e9438a8da269adfc066) Importer(815301076,1909f56bfc062723c751e8b465ee728b)
Start importing Assets/Prefabs/Pixel Shader.prefab using Guid(cf7166a1cd003e9438a8da269adfc066) Importer(815301076,1909f56bfc062723c751e8b465ee728b)  -> (artifact id: 'aa1d9c368502a831812b5c7c80d8acb1') in 0.016265 seconds 
========================================================================
Received Import Request.
  Time since last request: 0.000031 seconds.
  path: Assets/Prefabs/Skull Door Exit.prefab
  artifactKey: Guid(0edb4de772308ba4b8b5054529f4b101) Importer(815301076,1909f56bfc062723c751e8b465ee728b)
Start importing Assets/Prefabs/Skull Door Exit.prefab using Guid(0edb4de772308ba4b8b5054529f4b101) Importer(815301076,1909f56bfc062723c751e8b465ee728b)  -> (artifact id: '3369b123859c02ac12fe44265af2948e') in 0.038577 seconds 
========================================================================
Received Import Request.
  Time since last request: 0.000028 seconds.
  path: Assets/Prefabs/Scene Light.prefab
  artifactKey: Guid(441537737be20a942930e3a4fb138684) Importer(815301076,1909f56bfc062723c751e8b465ee728b)
Start importing Assets/Prefabs/Scene Light.prefab using Guid(441537737be20a942930e3a4fb138684) Importer(815301076,1909f56bfc062723c751e8b465ee728b)  -> (artifact id: '1ada2061223b0aa7b7a715ce82caa476') in 0.009599 seconds 
========================================================================
Received Import Request.
  Time since last request: 0.000028 seconds.
  path: Assets/Prefabs/The WayStone.prefab
  artifactKey: Guid(7e8567c36e2ab504ab59ea65f5362363) Importer(815301076,1909f56bfc062723c751e8b465ee728b)
Start importing Assets/Prefabs/The WayStone.prefab using Guid(7e8567c36e2ab504ab59ea65f5362363) Importer(815301076,1909f56bfc062723c751e8b465ee728b)  -> (artifact id: 'd51f300845d065de63401f1179eac6aa') in 0.102925 seconds 
========================================================================
Received Import Request.
  Time since last request: 0.000033 seconds.
  path: Assets/Prefabs/NormalCameraTrigger.prefab
  artifactKey: Guid(88ea3281fe042fd4992b2eb26655080d) Importer(815301076,1909f56bfc062723c751e8b465ee728b)
Start importing Assets/Prefabs/NormalCameraTrigger.prefab using Guid(88ea3281fe042fd4992b2eb26655080d) Importer(815301076,1909f56bfc062723c751e8b465ee728b)  -> (artifact id: 'bfd8c50067e9fc255f589526bc76d96a') in 0.008112 seconds 
========================================================================
Received Import Request.
  Time since last request: 0.000043 seconds.
  path: Assets/Prefabs/Lighting.prefab
  artifactKey: Guid(70cfad5b73d86df408b511c8c21c003c) Importer(815301076,1909f56bfc062723c751e8b465ee728b)
Start importing Assets/Prefabs/Lighting.prefab using Guid(70cfad5b73d86df408b511c8c21c003c) Importer(815301076,1909f56bfc062723c751e8b465ee728b)  -> (artifact id: '1718fd69faf358059be65095de3b87ea') in 0.009862 seconds 
========================================================================
Received Import Request.
  Time since last request: 0.000034 seconds.
  path: Assets/Prefabs/Player.prefab
  artifactKey: Guid(962f9a1bf0d4745478fa763d9e6d9318) Importer(815301076,1909f56bfc062723c751e8b465ee728b)
Start importing Assets/Prefabs/Player.prefab using Guid(962f9a1bf0d4745478fa763d9e6d9318) Importer(815301076,1909f56bfc062723c751e8b465ee728b)  -> (artifact id: '21f133451e69ee93d25a63d964b59246') in 0.173458 seconds 
========================================================================
Received Import Request.
  Time since last request: 0.000028 seconds.
  path: Assets/Prefabs/Torch Fire.prefab
  artifactKey: Guid(1d579e20521a4244baad009ecdb2a503) Importer(815301076,1909f56bfc062723c751e8b465ee728b)
Start importing Assets/Prefabs/Torch Fire.prefab using Guid(1d579e20521a4244baad009ecdb2a503) Importer(815301076,1909f56bfc062723c751e8b465ee728b)  -> (artifact id: '251dd95d61c8b28a1ff952e337218ad5') in 0.022049 seconds 
========================================================================
Received Import Request.
  Time since last request: 0.000031 seconds.
  path: Assets/Prefabs/Level.prefab
  artifactKey: Guid(acb59ffbd66833c4482198597dd04280) Importer(815301076,1909f56bfc062723c751e8b465ee728b)
Start importing Assets/Prefabs/Level.prefab using Guid(acb59ffbd66833c4482198597dd04280) Importer(815301076,1909f56bfc062723c751e8b465ee728b)  -> (artifact id: 'e2df61b218990dd3f1580768901acbf6') in 0.973087 seconds 
========================================================================
Received Import Request.
  Time since last request: 10.813622 seconds.
  path: Assets/Prefabs/3D/Environment/Act Canvas 2.prefab
  artifactKey: Guid(763e01fa57922df48a3389f7d6cf3df8) Importer(815301076,1909f56bfc062723c751e8b465ee728b)
Start importing Assets/Prefabs/3D/Environment/Act Canvas 2.prefab using Guid(763e01fa57922df48a3389f7d6cf3df8) Importer(815301076,1909f56bfc062723c751e8b465ee728b)  -> (artifact id: 'b14f56c6e8cfb70313958ff715cf819e') in 0.014825 seconds 
========================================================================
Received Import Request.
  Time since last request: 0.000026 seconds.
  path: Assets/Prefabs/3D/Environment/BannerShort.prefab
  artifactKey: Guid(eb019be0cd52c16418cac55e73f4468b) Importer(815301076,1909f56bfc062723c751e8b465ee728b)
Start importing Assets/Prefabs/3D/Environment/BannerShort.prefab using Guid(eb019be0cd52c16418cac55e73f4468b) Importer(815301076,1909f56bfc062723c751e8b465ee728b)  -> (artifact id: '0062402176dfc05b03a12ffba7b5a12e') in 0.015737 seconds 
========================================================================
Received Import Request.
  Time since last request: 0.000036 seconds.
  path: Assets/Prefabs/3D/Environment/Candle Bunch.prefab
  artifactKey: Guid(04ce5cf57f90ed9468f2f475c8d98988) Importer(815301076,1909f56bfc062723c751e8b465ee728b)
Start importing Assets/Prefabs/3D/Environment/Candle Bunch.prefab using Guid(04ce5cf57f90ed9468f2f475c8d98988) Importer(815301076,1909f56bfc062723c751e8b465ee728b)  -> (artifact id: '413e74624e3146c86ffb8f4257f42961') in 0.027961 seconds 
========================================================================
Received Import Request.
  Time since last request: 0.000024 seconds.
  path: Assets/Prefabs/3D/Environment/Coin +5.prefab
  artifactKey: Guid(8f19671386bc1fa41ae0faff728ae1b7) Importer(815301076,1909f56bfc062723c751e8b465ee728b)
Start importing Assets/Prefabs/3D/Environment/Coin +5.prefab using Guid(8f19671386bc1fa41ae0faff728ae1b7) Importer(815301076,1909f56bfc062723c751e8b465ee728b)  -> (artifact id: '4f8a7af6669d6124bef8ebec0f77229d') in 0.017773 seconds 
========================================================================
Received Import Request.
  Time since last request: 0.000022 seconds.
  path: Assets/Prefabs/3D/Environment/Big Stone.prefab
  artifactKey: Guid(1f799f436bac5f045978def759266184) Importer(815301076,1909f56bfc062723c751e8b465ee728b)
Start importing Assets/Prefabs/3D/Environment/Big Stone.prefab using Guid(1f799f436bac5f045978def759266184) Importer(815301076,1909f56bfc062723c751e8b465ee728b)  -> (artifact id: '4f726927971038138e032183ad7d965b') in 0.055769 seconds 
========================================================================
Received Import Request.
  Time since last request: 0.000038 seconds.
  path: Assets/Prefabs/3D/Environment/Grave_Stone.prefab
  artifactKey: Guid(06e288559b4f7924cb9bb6e9ce56ff76) Importer(815301076,1909f56bfc062723c751e8b465ee728b)
Start importing Assets/Prefabs/3D/Environment/Grave_Stone.prefab using Guid(06e288559b4f7924cb9bb6e9ce56ff76) Importer(815301076,1909f56bfc062723c751e8b465ee728b)  -> (artifact id: '513d8fe72c5b17562c03521815a50391') in 0.116860 seconds 
========================================================================
Received Import Request.
  Time since last request: 0.000025 seconds.
  path: Assets/Prefabs/3D/Environment/Medium Candle.prefab
  artifactKey: Guid(cf2f3c79a71e28a428e184ffdc97b6ba) Importer(815301076,1909f56bfc062723c751e8b465ee728b)
Start importing Assets/Prefabs/3D/Environment/Medium Candle.prefab using Guid(cf2f3c79a71e28a428e184ffdc97b6ba) Importer(815301076,1909f56bfc062723c751e8b465ee728b)  -> (artifact id: 'c412429691cd7490d18195970918cd1d') in 0.018739 seconds 
========================================================================
Received Import Request.
  Time since last request: 0.000021 seconds.
  path: Assets/Prefabs/3D/Environment/Pillar Light Beam .prefab
  artifactKey: Guid(a61733e9aae89bd459ee4e452a0dbc57) Importer(815301076,1909f56bfc062723c751e8b465ee728b)
Start importing Assets/Prefabs/3D/Environment/Pillar Light Beam .prefab using Guid(a61733e9aae89bd459ee4e452a0dbc57) Importer(815301076,1909f56bfc062723c751e8b465ee728b)  -> (artifact id: '8ec564fd366eed5ba605caf960ee66f5') in 0.045845 seconds 
========================================================================
Received Import Request.
  Time since last request: 0.000021 seconds.
  path: Assets/Prefabs/3D/Environment/Platform.prefab
  artifactKey: Guid(39a1561b6ae2b464e90d739d6863ff1e) Importer(815301076,1909f56bfc062723c751e8b465ee728b)
Start importing Assets/Prefabs/3D/Environment/Platform.prefab using Guid(39a1561b6ae2b464e90d739d6863ff1e) Importer(815301076,1909f56bfc062723c751e8b465ee728b)  -> (artifact id: '791bf26e8edbb6d87f838ef43f7efdd2') in 0.021082 seconds 
========================================================================
Received Import Request.
  Time since last request: 0.000019 seconds.
  path: Assets/Prefabs/3D/Environment/Cross Standard.prefab
  artifactKey: Guid(edd6f95e6faf7d34fb30fa44d9df11ff) Importer(815301076,1909f56bfc062723c751e8b465ee728b)
Start importing Assets/Prefabs/3D/Environment/Cross Standard.prefab using Guid(edd6f95e6faf7d34fb30fa44d9df11ff) Importer(815301076,1909f56bfc062723c751e8b465ee728b)  -> (artifact id: '3bb480ebed09ab99de85c44399fc137d') in 0.014527 seconds 
========================================================================
Received Import Request.
  Time since last request: 0.000026 seconds.
  path: Assets/Prefabs/3D/Environment/Fire_Spike1.prefab
  artifactKey: Guid(7c870e825dbb9174aa7bd80bb2188ce4) Importer(815301076,1909f56bfc062723c751e8b465ee728b)
Start importing Assets/Prefabs/3D/Environment/Fire_Spike1.prefab using Guid(7c870e825dbb9174aa7bd80bb2188ce4) Importer(815301076,1909f56bfc062723c751e8b465ee728b)  -> (artifact id: '4d6ad83651de5d331e28e2cf2d421b11') in 0.023773 seconds 
========================================================================
Received Import Request.
  Time since last request: 0.000025 seconds.
  path: Assets/Prefabs/3D/Environment/Potion.prefab
  artifactKey: Guid(eb2532802a6aa1c4e8b5371d4846e7e1) Importer(815301076,1909f56bfc062723c751e8b465ee728b)
Start importing Assets/Prefabs/3D/Environment/Potion.prefab using Guid(eb2532802a6aa1c4e8b5371d4846e7e1) Importer(815301076,1909f56bfc062723c751e8b465ee728b)  -> (artifact id: 'edf85ac84db71c4f8d9e6df2df33208d') in 0.231091 seconds 
========================================================================
Received Import Request.
  Time since last request: 0.044351 seconds.
  path: Assets/Prefabs/3D/Environment/Ribs NonStatic.prefab
  artifactKey: Guid(580c09275761074419718b7f737fbf28) Importer(815301076,1909f56bfc062723c751e8b465ee728b)
Start importing Assets/Prefabs/3D/Environment/Ribs NonStatic.prefab using Guid(580c09275761074419718b7f737fbf28) Importer(815301076,1909f56bfc062723c751e8b465ee728b)  -> (artifact id: '00c9b6dfeb93f7bfeb39fcf259c524aa') in 0.147069 seconds 
========================================================================
Received Import Request.
  Time since last request: 0.000020 seconds.
  path: Assets/Prefabs/3D/Environment/Ribs.prefab
  artifactKey: Guid(cd70effbe16fa25418ab0e6851d08a40) Importer(815301076,1909f56bfc062723c751e8b465ee728b)
Start importing Assets/Prefabs/3D/Environment/Ribs.prefab using Guid(cd70effbe16fa25418ab0e6851d08a40) Importer(815301076,1909f56bfc062723c751e8b465ee728b)  -> (artifact id: '213da78ee6f053e3f26202db62408907') in 0.013744 seconds 
========================================================================
Received Import Request.
  Time since last request: 0.000021 seconds.
  path: Assets/Prefabs/3D/Environment/Sarcophagus Closed.prefab
  artifactKey: Guid(862bba24ec8d8ad4e8bee8ddd7393311) Importer(815301076,1909f56bfc062723c751e8b465ee728b)
Start importing Assets/Prefabs/3D/Environment/Sarcophagus Closed.prefab using Guid(862bba24ec8d8ad4e8bee8ddd7393311) Importer(815301076,1909f56bfc062723c751e8b465ee728b)  -> (artifact id: 'f01781b64e7433fbd117bf59a945ef8f') in 0.146633 seconds 
========================================================================
Received Import Request.
  Time since last request: 0.023953 seconds.
  path: Assets/Prefabs/3D/Environment/Sarcophagus.prefab
  artifactKey: Guid(650d7d96a6a5fcc41bb1347943b85ee3) Importer(815301076,1909f56bfc062723c751e8b465ee728b)
Start importing Assets/Prefabs/3D/Environment/Sarcophagus.prefab using Guid(650d7d96a6a5fcc41bb1347943b85ee3) Importer(815301076,1909f56bfc062723c751e8b465ee728b)  -> (artifact id: '5a629ed03b2078ee9308a90d695995a7') in 0.016420 seconds 
========================================================================
Received Import Request.
  Time since last request: 0.000024 seconds.
  path: Assets/Prefabs/3D/Environment/skull.prefab
  artifactKey: Guid(f3900460b12e04f4b93fdabacb436a2c) Importer(815301076,1909f56bfc062723c751e8b465ee728b)
Start importing Assets/Prefabs/3D/Environment/skull.prefab using Guid(f3900460b12e04f4b93fdabacb436a2c) Importer(815301076,1909f56bfc062723c751e8b465ee728b)  -> (artifact id: 'cbe9f85cce2511c73b65a05eb4e61ce9') in 0.021512 seconds 
========================================================================
Received Import Request.
  Time since last request: 0.000018 seconds.
  path: Assets/Prefabs/3D/Environment/skull Crystal.prefab
  artifactKey: Guid(9a1615c14900924459e08050082719f9) Importer(815301076,1909f56bfc062723c751e8b465ee728b)
Start importing Assets/Prefabs/3D/Environment/skull Crystal.prefab using Guid(9a1615c14900924459e08050082719f9) Importer(815301076,1909f56bfc062723c751e8b465ee728b)  -> (artifact id: '9530dc83931df884f5edbb7e76428c9d') in 0.020968 seconds 
========================================================================
Received Import Request.
  Time since last request: 0.000018 seconds.
  path: Assets/Prefabs/3D/Environment/Seat.prefab
  artifactKey: Guid(429c649bbe60a0743a3deebe60c527e6) Importer(815301076,1909f56bfc062723c751e8b465ee728b)
Start importing Assets/Prefabs/3D/Environment/Seat.prefab using Guid(429c649bbe60a0743a3deebe60c527e6) Importer(815301076,1909f56bfc062723c751e8b465ee728b)  -> (artifact id: '7af1c9543515efed686c38d4437a5d26') in 0.018641 seconds 
========================================================================
Received Import Request.
  Time since last request: 0.000023 seconds.
  path: Assets/Prefabs/3D/Environment/Skull 1.prefab
  artifactKey: Guid(1fc4fff342c2f8c42b2f9312fe6e1a76) Importer(815301076,1909f56bfc062723c751e8b465ee728b)
Start importing Assets/Prefabs/3D/Environment/Skull 1.prefab using Guid(1fc4fff342c2f8c42b2f9312fe6e1a76) Importer(815301076,1909f56bfc062723c751e8b465ee728b)  -> (artifact id: 'a386a86342a10b7dd9304d54de2b3723') in 0.065996 seconds 
========================================================================
Received Import Request.
  Time since last request: 0.000025 seconds.
  path: Assets/Prefabs/3D/Environment/Skull NonStatic.prefab
  artifactKey: Guid(8fc472e914afd834dbaa8d9cb1807005) Importer(815301076,1909f56bfc062723c751e8b465ee728b)
Start importing Assets/Prefabs/3D/Environment/Skull NonStatic.prefab using Guid(8fc472e914afd834dbaa8d9cb1807005) Importer(815301076,1909f56bfc062723c751e8b465ee728b)  -> (artifact id: 'a70765ef999d7ded980d36f4dd37cf37') in 0.015794 seconds 
========================================================================
Received Import Request.
  Time since last request: 0.000024 seconds.
  path: Assets/Prefabs/3D/Environment/Throne.prefab
  artifactKey: Guid(08212ed61f9c4eb42a73f71ae4552cf5) Importer(815301076,1909f56bfc062723c751e8b465ee728b)
Start importing Assets/Prefabs/3D/Environment/Throne.prefab using Guid(08212ed61f9c4eb42a73f71ae4552cf5) Importer(815301076,1909f56bfc062723c751e8b465ee728b)  -> (artifact id: '5e4b539166f194892fc8631b64663530') in 0.017277 seconds 
========================================================================
Received Import Request.
  Time since last request: 36.476265 seconds.
  path: Assets/3D Models/Environment/Fire_Spike/Source/Fire_Spike.fbx
  artifactKey: Guid(1f54a0cf24f998b41b28919375d6319c) Importer(815301076,1909f56bfc062723c751e8b465ee728b)
Start importing Assets/3D Models/Environment/Fire_Spike/Source/Fire_Spike.fbx using Guid(1f54a0cf24f998b41b28919375d6319c) Importer(815301076,1909f56bfc062723c751e8b465ee728b)  -> (artifact id: '0a85205d8f31d28d6810e6197d0dc6c5') in 0.144038 seconds 
========================================================================
Received Import Request.
  Time since last request: 64.404256 seconds.
  path: Assets/Prefabs/3D/Environment/Fire_Spike 2.prefab
  artifactKey: Guid(657a084e5289362418f76256fa36888f) Importer(815301076,1909f56bfc062723c751e8b465ee728b)
Start importing Assets/Prefabs/3D/Environment/Fire_Spike 2.prefab using Guid(657a084e5289362418f76256fa36888f) Importer(815301076,1909f56bfc062723c751e8b465ee728b)  -> (artifact id: 'f7f444791c5e4842d98d5f3cb96b35f3') in 0.022602 seconds 
========================================================================
Received Import Request.
  Time since last request: 212.954812 seconds.
  path: Assets/Lights/Fire Light.prefab
  artifactKey: Guid(1d08fea28eaba6d4597f72304acebb27) Importer(815301076,1909f56bfc062723c751e8b465ee728b)
Start importing Assets/Lights/Fire Light.prefab using Guid(1d08fea28eaba6d4597f72304acebb27) Importer(815301076,1909f56bfc062723c751e8b465ee728b)  -> (artifact id: '2cfe70c42207957e6a76cab429ab1a3a') in 0.072875 seconds 
========================================================================
Received Import Request.
  Time since last request: 4.791451 seconds.
  path: Assets/Prefabs/3D
  artifactKey: Guid(0cc3cae8a919f3c4096eaf9797584d11) Importer(815301076,1909f56bfc062723c751e8b465ee728b)
Start importing Assets/Prefabs/3D using Guid(0cc3cae8a919f3c4096eaf9797584d11) Importer(815301076,1909f56bfc062723c751e8b465ee728b)  -> (artifact id: 'afc81ae8337077c15a1bbb64f8bc7f06') in 0.003618 seconds 
========================================================================
Received Import Request.
  Time since last request: 3.933146 seconds.
  path: Assets/Prefabs/3D/Environment
  artifactKey: Guid(1cbeb70313f83664da9d6c792f19aaac) Importer(815301076,1909f56bfc062723c751e8b465ee728b)
Start importing Assets/Prefabs/3D/Environment using Guid(1cbeb70313f83664da9d6c792f19aaac) Importer(815301076,1909f56bfc062723c751e8b465ee728b)  -> (artifact id: '1c5e1925409cd30d8ce592a6a46c17b9') in 0.003643 seconds 
========================================================================
Received Import Request.
  Time since last request: 45.963775 seconds.
  path: Assets/Prefabs/3D/Environment/Shroompile Small Less Density.prefab
  artifactKey: Guid(4ca12d93953e0cd4082a4d1a6c6094df) Importer(815301076,1909f56bfc062723c751e8b465ee728b)
Start importing Assets/Prefabs/3D/Environment/Shroompile Small Less Density.prefab using Guid(4ca12d93953e0cd4082a4d1a6c6094df) Importer(815301076,1909f56bfc062723c751e8b465ee728b)  -> (artifact id: '49a00e4215ee98be9efb956d4d67e691') in 0.015145 seconds 
========================================================================
Received Import Request.
  Time since last request: 198.779392 seconds.
  path: Assets/Prefabs/3D/Environment/Skull NonStatic.prefab
  artifactKey: Guid(8fc472e914afd834dbaa8d9cb1807005) Importer(815301076,1909f56bfc062723c751e8b465ee728b)
Start importing Assets/Prefabs/3D/Environment/Skull NonStatic.prefab using Guid(8fc472e914afd834dbaa8d9cb1807005) Importer(815301076,1909f56bfc062723c751e8b465ee728b)  -> (artifact id: '5d4f32899cc47489c1491a436641dda7') in 0.016189 seconds 
========================================================================
Received Import Request.
  Time since last request: 50.770963 seconds.
  path: Assets/3D Models/Enemy/Skeleton.fbx
  artifactKey: Guid(f13cb47b10d1df04ebcad7934800a80a) Importer(815301076,1909f56bfc062723c751e8b465ee728b)
Start importing Assets/3D Models/Enemy/Skeleton.fbx using Guid(f13cb47b10d1df04ebcad7934800a80a) Importer(815301076,1909f56bfc062723c751e8b465ee728b)  -> (artifact id: 'c93af2380959d52bc274e481a4cfa974') in 0.035181 seconds 
========================================================================
Received Import Request.
  Time since last request: 2.371564 seconds.
  path: Assets/3D Models/Enemy/ash.mat
  artifactKey: Guid(6653c37fdf1248447a65dcdf9bb60ead) Importer(815301076,1909f56bfc062723c751e8b465ee728b)
Start importing Assets/3D Models/Enemy/ash.mat using Guid(6653c37fdf1248447a65dcdf9bb60ead) Importer(815301076,1909f56bfc062723c751e8b465ee728b)  -> (artifact id: 'f7a466ef0f56bd319fb718ad678ec996') in 0.013845 seconds 
========================================================================
Received Import Request.
  Time since last request: 0.000046 seconds.
  path: Assets/3D Models/Enemy/deathknightmetal 1.mat
  artifactKey: Guid(3161f4b17f71cf443946eeac7e002445) Importer(815301076,1909f56bfc062723c751e8b465ee728b)
Start importing Assets/3D Models/Enemy/deathknightmetal 1.mat using Guid(3161f4b17f71cf443946eeac7e002445) Importer(815301076,1909f56bfc062723c751e8b465ee728b)  -> (artifact id: 'e394042a2bace4b643952fac9ef6039f') in 0.034685 seconds 
========================================================================
Received Import Request.
  Time since last request: 0.000032 seconds.
  path: Assets/3D Models/Enemy/Corpse white.mat
  artifactKey: Guid(14f8e8c8fcf194c4693623c7e97dca20) Importer(815301076,1909f56bfc062723c751e8b465ee728b)
Start importing Assets/3D Models/Enemy/Corpse white.mat using Guid(14f8e8c8fcf194c4693623c7e97dca20) Importer(815301076,1909f56bfc062723c751e8b465ee728b)  -> (artifact id: '93f0930529ce57c70eaa922c8d3cbd06') in 0.021010 seconds 
========================================================================
Received Import Request.
  Time since last request: 0.000018 seconds.
  path: Assets/3D Models/Enemy/deathknightmetal.mat
  artifactKey: Guid(0d8feeaf34a73444cbe26488066f8b8b) Importer(815301076,1909f56bfc062723c751e8b465ee728b)
Start importing Assets/3D Models/Enemy/deathknightmetal.mat using Guid(0d8feeaf34a73444cbe26488066f8b8b) Importer(815301076,1909f56bfc062723c751e8b465ee728b)  -> (artifact id: '45f800d96993bb4f273598c12fd5c03a') in 0.013727 seconds 
========================================================================
Received Import Request.
  Time since last request: 0.000024 seconds.
  path: Assets/3D Models/Enemy/DeathKnightTank(noUV).fbx
  artifactKey: Guid(bf817ffe9367a864385ba9c682a67ee9) Importer(815301076,1909f56bfc062723c751e8b465ee728b)
Start importing Assets/3D Models/Enemy/DeathKnightTank(noUV).fbx using Guid(bf817ffe9367a864385ba9c682a67ee9) Importer(815301076,1909f56bfc062723c751e8b465ee728b)  -> (artifact id: '98325d1134bd982344575eb0275f4b8b') in 0.024382 seconds 
========================================================================
Received Import Request.
  Time since last request: 9.766601 seconds.
  path: Assets/3D Models/Environment/Door1.fbx
  artifactKey: Guid(81fbbff0b94d87e40bcf1244c853facd) Importer(815301076,1909f56bfc062723c751e8b465ee728b)
Start importing Assets/3D Models/Environment/Door1.fbx using Guid(81fbbff0b94d87e40bcf1244c853facd) Importer(815301076,1909f56bfc062723c751e8b465ee728b)  -> (artifact id: '7c4f83d5c264a430469053a3bef71693') in 0.085788 seconds 
========================================================================
Received Import Request.
  Time since last request: 0.000030 seconds.
  path: Assets/3D Models/Environment/Tent.fbx
  artifactKey: Guid(a32cfea9c20766245bbb5d2c71fd3bc0) Importer(815301076,1909f56bfc062723c751e8b465ee728b)
Start importing Assets/3D Models/Environment/Tent.fbx using Guid(a32cfea9c20766245bbb5d2c71fd3bc0) Importer(815301076,1909f56bfc062723c751e8b465ee728b)  -> (artifact id: '26ef92d03ae80ebe4997b85fa64b2f28') in 0.032775 seconds 
========================================================================
Received Import Request.
  Time since last request: 0.000034 seconds.
  path: Assets/3D Models/Environment/Wooden Table.fbx
  artifactKey: Guid(b965ee12e5fdc234cac63a737d7ccd5a) Importer(815301076,1909f56bfc062723c751e8b465ee728b)
Start importing Assets/3D Models/Environment/Wooden Table.fbx using Guid(b965ee12e5fdc234cac63a737d7ccd5a) Importer(815301076,1909f56bfc062723c751e8b465ee728b)  -> (artifact id: 'daf557bbac9dedbbb027c23c74351e83') in 0.024738 seconds 
Editor requested this worker to shutdown with reason: Scaling down because of idle timeout
AssetImportWorker is now disconnected from the server
Process exiting
Exiting without the bug reporter. Application will terminate with return code 0