Using pre-set license
Built from '2021.2/staging' branch; Version is '2021.2.2f1 (5e2b1e92c7f8) revision 6171422'; Using compiler version '192829333'; Build Type 'Release'
OS: 'Windows 10 Pro; OS build 22621.2134; Version 2009; 64bit' Language: 'en' Physical Memory: 32684 MB
BatchMode: 1, IsHumanControllingUs: 0, StartBugReporterOnCrash: 0, Is64bit: 1, IsPro: 0

COMMAND LINE ARGUMENTS:
D:\Unity Editors\2021.2.2f1\Editor\Unity.exe
-adb2
-batchMode
-noUpm
-name
AssetImportWorker8
-projectPath
G:/Lichs_Lair_Game/LL_Project/Lichs Lair DO NOT USE/Lichs_Lair_Game/LL_Project/Lichs Lair Downgraded
-logFile
Logs/AssetImportWorker8.log
-srvPort
51452
Successfully changed project path to: G:/Lichs_Lair_Game/LL_Project/Lichs Lair DO NOT USE/Lichs_Lair_Game/LL_Project/Lichs Lair Downgraded
G:/Lichs_Lair_Game/LL_Project/Lichs Lair DO NOT USE/Lichs_Lair_Game/LL_Project/Lichs Lair Downgraded
[UnityMemory] Configuration Parameters - Can be set up in boot.config
    "memorysetup-bucket-allocator-granularity=16"
    "memorysetup-bucket-allocator-bucket-count=8"
    "memorysetup-bucket-allocator-block-size=33554432"
    "memorysetup-bucket-allocator-block-count=8"
    "memorysetup-main-allocator-block-size=16777216"
    "memorysetup-thread-allocator-block-size=16777216"
    "memorysetup-gfx-main-allocator-block-size=16777216"
    "memorysetup-gfx-thread-allocator-block-size=16777216"
    "memorysetup-cache-allocator-block-size=4194304"
    "memorysetup-typetree-allocator-block-size=2097152"
    "memorysetup-profiler-bucket-allocator-granularity=16"
    "memorysetup-profiler-bucket-allocator-bucket-count=8"
    "memorysetup-profiler-bucket-allocator-block-size=33554432"
    "memorysetup-profiler-bucket-allocator-block-count=8"
    "memorysetup-profiler-allocator-block-size=16777216"
    "memorysetup-profiler-editor-allocator-block-size=1048576"
    "memorysetup-temp-allocator-size-main=16777216"
    "memorysetup-job-temp-allocator-block-size=2097152"
    "memorysetup-job-temp-allocator-block-size-background=1048576"
    "memorysetup-job-temp-allocator-reduction-small-platforms=262144"
    "memorysetup-temp-allocator-size-background-worker=32768"
    "memorysetup-temp-allocator-size-job-worker=262144"
    "memorysetup-temp-allocator-size-preload-manager=33554432"
    "memorysetup-temp-allocator-size-nav-mesh-worker=65536"
    "memorysetup-temp-allocator-size-audio-worker=65536"
    "memorysetup-temp-allocator-size-cloud-worker=32768"
    "memorysetup-temp-allocator-size-gi-baking-worker=262144"
    "memorysetup-temp-allocator-size-gfx=262144"
Refreshing native plugins compatible for Editor in 106.44 ms, found 3 plugins.
Preloading 0 native plugins for Editor in 0.00 ms.
Initialize engine version: 2021.2.2f1 (5e2b1e92c7f8)
[Subsystems] Discovering subsystems at path D:/Unity Editors/2021.2.2f1/Editor/Data/Resources/UnitySubsystems
[Subsystems] Discovering subsystems at path G:/Lichs_Lair_Game/LL_Project/Lichs Lair DO NOT USE/Lichs_Lair_Game/LL_Project/Lichs Lair Downgraded/Assets
GfxDevice: creating device client; threaded=0; jobified=0
Direct3D:
    Version:  Direct3D 11.0 [level 11.1]
    Renderer: NVIDIA GeForce GTX 1060 6GB (ID=0x1c03)
    Vendor:   NVIDIA
    VRAM:     6043 MB
    Driver:   31.0.15.3598
Initialize mono
Mono path[0] = 'D:/Unity Editors/2021.2.2f1/Editor/Data/Managed'
Mono path[1] = 'D:/Unity Editors/2021.2.2f1/Editor/Data/MonoBleedingEdge/lib/mono/unityjit-win32'
Mono config path = 'D:/Unity Editors/2021.2.2f1/Editor/Data/MonoBleedingEdge/etc'
Using monoOptions --debugger-agent=transport=dt_socket,embedding=1,server=y,suspend=n,address=127.0.0.1:56304
Begin MonoManager ReloadAssembly
Registering precompiled unity dll's ...
Register platform support module: D:/Unity Editors/2021.2.2f1/Editor/Data/PlaybackEngines/MacStandaloneSupport/UnityEditor.OSXStandalone.Extensions.dll
Register platform support module: D:/Unity Editors/2021.2.2f1/Editor/Data/PlaybackEngines/WindowsStandaloneSupport/UnityEditor.WindowsStandalone.Extensions.dll
Registered in 0.003403 seconds.
Native extension for WindowsStandalone target not found
Native extension for OSXStandalone target not found
Refreshing native plugins compatible for Editor in 70.46 ms, found 3 plugins.
Preloading 0 native plugins for Editor in 0.00 ms.
Mono: successfully reloaded assembly
- Completed reload, in  0.687 seconds
Domain Reload Profiling:
	ReloadAssembly (688ms)
		BeginReloadAssembly (100ms)
			ExecutionOrderSort (0ms)
			DisableScriptedObjects (0ms)
			BackupInstance (0ms)
			ReleaseScriptingObjects (0ms)
			CreateAndSetChildDomain (1ms)
		EndReloadAssembly (502ms)
			LoadAssemblies (100ms)
			RebuildTransferFunctionScriptingTraits (0ms)
			SetupTypeCache (121ms)
			ReleaseScriptCaches (0ms)
			RebuildScriptCaches (29ms)
			SetupLoadedEditorAssemblies (284ms)
				LogAssemblyErrors (0ms)
				InitializePlatformSupportModulesInManaged (16ms)
				SetLoadedEditorAssemblies (0ms)
				RefreshPlugins (71ms)
				BeforeProcessingInitializeOnLoad (2ms)
				ProcessInitializeOnLoadAttributes (140ms)
				ProcessInitializeOnLoadMethodAttributes (55ms)
				AfterProcessingInitializeOnLoad (0ms)
				EditorAssembliesLoaded (0ms)
			ExecutionOrderSort2 (0ms)
			AwakeInstancesAfterBackupRestoration (0ms)
Platform modules already initialized, skipping
Registering precompiled user dll's ...
Registered in 0.019713 seconds.
Begin MonoManager ReloadAssembly
Native extension for WindowsStandalone target not found
Native extension for OSXStandalone target not found
Refreshing native plugins compatible for Editor in 70.40 ms, found 3 plugins.
Preloading 0 native plugins for Editor in 0.00 ms.
Mono: successfully reloaded assembly
- Completed reload, in  2.013 seconds
Domain Reload Profiling:
	ReloadAssembly (2014ms)
		BeginReloadAssembly (191ms)
			ExecutionOrderSort (0ms)
			DisableScriptedObjects (6ms)
			BackupInstance (0ms)
			ReleaseScriptingObjects (0ms)
			CreateAndSetChildDomain (21ms)
		EndReloadAssembly (1723ms)
			LoadAssemblies (115ms)
			RebuildTransferFunctionScriptingTraits (0ms)
			SetupTypeCache (229ms)
			ReleaseScriptCaches (1ms)
			RebuildScriptCaches (62ms)
			SetupLoadedEditorAssemblies (1211ms)
				LogAssemblyErrors (0ms)
				InitializePlatformSupportModulesInManaged (10ms)
				SetLoadedEditorAssemblies (0ms)
				RefreshPlugins (70ms)
				BeforeProcessingInitializeOnLoad (138ms)
				ProcessInitializeOnLoadAttributes (921ms)
				ProcessInitializeOnLoadMethodAttributes (69ms)
				AfterProcessingInitializeOnLoad (2ms)
				EditorAssembliesLoaded (0ms)
			ExecutionOrderSort2 (0ms)
			AwakeInstancesAfterBackupRestoration (7ms)
Platform modules already initialized, skipping
========================================================================
Worker process is ready to serve import requests
Launched and connected shader compiler UnityShaderCompiler.exe after 0.05 seconds
Refreshing native plugins compatible for Editor in 1.04 ms, found 3 plugins.
Preloading 0 native plugins for Editor in 0.00 ms.
Unloading 3779 Unused Serialized files (Serialized files now loaded: 0)
Unloading 78 unused Assets / (0.7 MB). Loaded Objects now: 4195.
Memory consumption went from 177.3 MB to 176.5 MB.
Total: 4.124600 ms (FindLiveObjects: 0.315300 ms CreateObjectMapping: 0.260700 ms MarkObjects: 3.218400 ms  DeleteObjects: 0.329300 ms)

AssetImportParameters requested are different than current active one (requested -> active):
  custom:video-decoder-ogg-theora: a1e56fd34408186e4bbccfd4996cb3dc -> 
  custom:container-muxer-webm: aa71ff27fc2769a1b78a27578f13a17b -> 
  custom:container-demuxer-webm: 4f35f7cbe854078d1ac9338744f61a02 -> 
  custom:video-encoder-webm-vp8: eb34c28f22e8b96e1ab97ce403110664 -> 
  custom:audio-encoder-webm-vorbis: bf7c407c2cedff20999df2af8eb42d56 -> 
  custom:framework-win-MediaFoundation: 216162199b28c13a410421893ffa2e32 -> 
  custom:container-demuxer-ogg: 62fdf1f143b41e24485cea50d1cbac27 -> 
  custom:video-decoder-webm-vp8: 9c59270c3fd7afecdb556c50c9e8de78 -> 
  custom:audio-decoder-ogg-vorbis: bf7c407c2cedff20999df2af8eb42d56 -> 
========================================================================
Received Import Request.
  Time since last request: 10332.841764 seconds.
  path: Assets/Code/Extra and Event Based Scripts/RoomDoor.cs
  artifactKey: Guid(d6d8222fcb493214aa56b403abfa464c) Importer(815301076,1909f56bfc062723c751e8b465ee728b)
Start importing Assets/Code/Extra and Event Based Scripts/RoomDoor.cs using Guid(d6d8222fcb493214aa56b403abfa464c) Importer(815301076,1909f56bfc062723c751e8b465ee728b)  -> (artifact id: '6e145ab9803184309ad6b476258281c7') in 0.046864 seconds 
========================================================================
Received Import Request.
  Time since last request: 5452.255425 seconds.
  path: Assets/Scenes/Levl 1 Recovery.unity
  artifactKey: Guid(0ee277e9c5cd06f4cad6e0681777ea51) Importer(815301076,1909f56bfc062723c751e8b465ee728b)
Start importing Assets/Scenes/Levl 1 Recovery.unity using Guid(0ee277e9c5cd06f4cad6e0681777ea51) Importer(815301076,1909f56bfc062723c751e8b465ee728b)  -> (artifact id: '5df968e168e743dcf202fd7c875f99a5') in 0.022297 seconds 
========================================================================
Received Import Request.
  Time since last request: 4.193665 seconds.
  path: Assets/Scenes/Levl 1 Recovery.unity
  artifactKey: Guid(0ee277e9c5cd06f4cad6e0681777ea51) Importer(815301076,1909f56bfc062723c751e8b465ee728b)
Start importing Assets/Scenes/Levl 1 Recovery.unity using Guid(0ee277e9c5cd06f4cad6e0681777ea51) Importer(815301076,1909f56bfc062723c751e8b465ee728b)  -> (artifact id: 'd5c425b89724d0e553277ee03877fb9a') in 0.005384 seconds 
========================================================================
Received Import Request.
  Time since last request: 4.404252 seconds.
  path: Assets/Level 1 Upgraded.unity
  artifactKey: Guid(0f7a890c383e46547aa4b6ac810520bd) Importer(815301076,1909f56bfc062723c751e8b465ee728b)
Start importing Assets/Level 1 Upgraded.unity using Guid(0f7a890c383e46547aa4b6ac810520bd) Importer(815301076,1909f56bfc062723c751e8b465ee728b)  -> (artifact id: 'f9c05f66807953d04083c86c47fb847d') in 0.003424 seconds 
========================================================================
Received Prepare
Registering precompiled user dll's ...
Registered in 0.020340 seconds.
Begin MonoManager ReloadAssembly
Native extension for WindowsStandalone target not found
Native extension for OSXStandalone target not found
Refreshing native plugins compatible for Editor in 1.32 ms, found 3 plugins.
Preloading 0 native plugins for Editor in 0.00 ms.
Mono: successfully reloaded assembly
- Completed reload, in  1.687 seconds
Domain Reload Profiling:
	ReloadAssembly (1687ms)
		BeginReloadAssembly (202ms)
			ExecutionOrderSort (0ms)
			DisableScriptedObjects (10ms)
			BackupInstance (0ms)
			ReleaseScriptingObjects (0ms)
			CreateAndSetChildDomain (67ms)
		EndReloadAssembly (1381ms)
			LoadAssemblies (123ms)
			RebuildTransferFunctionScriptingTraits (0ms)
			SetupTypeCache (259ms)
			ReleaseScriptCaches (1ms)
			RebuildScriptCaches (54ms)
			SetupLoadedEditorAssemblies (783ms)
				LogAssemblyErrors (0ms)
				InitializePlatformSupportModulesInManaged (14ms)
				SetLoadedEditorAssemblies (1ms)
				RefreshPlugins (1ms)
				BeforeProcessingInitializeOnLoad (146ms)
				ProcessInitializeOnLoadAttributes (552ms)
				ProcessInitializeOnLoadMethodAttributes (67ms)
				AfterProcessingInitializeOnLoad (3ms)
				EditorAssembliesLoaded (0ms)
			ExecutionOrderSort2 (0ms)
			AwakeInstancesAfterBackupRestoration (17ms)
Platform modules already initialized, skipping
Refreshing native plugins compatible for Editor in 1.23 ms, found 3 plugins.
Preloading 0 native plugins for Editor in 0.00 ms.
Unloading 3638 Unused Serialized files (Serialized files now loaded: 0)
Unloading 73 unused Assets / (0.7 MB). Loaded Objects now: 4199.
Memory consumption went from 167.8 MB to 167.1 MB.
Total: 4.956400 ms (FindLiveObjects: 0.408400 ms CreateObjectMapping: 0.410100 ms MarkObjects: 3.775500 ms  DeleteObjects: 0.361000 ms)

AssetImportParameters requested are different than current active one (requested -> active):
  custom:video-decoder-ogg-theora: a1e56fd34408186e4bbccfd4996cb3dc -> 
  custom:container-muxer-webm: aa71ff27fc2769a1b78a27578f13a17b -> 
  custom:container-demuxer-webm: 4f35f7cbe854078d1ac9338744f61a02 -> 
  custom:video-encoder-webm-vp8: eb34c28f22e8b96e1ab97ce403110664 -> 
  custom:audio-encoder-webm-vorbis: bf7c407c2cedff20999df2af8eb42d56 -> 
  custom:framework-win-MediaFoundation: 216162199b28c13a410421893ffa2e32 -> 
  custom:container-demuxer-ogg: 62fdf1f143b41e24485cea50d1cbac27 -> 
  custom:video-decoder-webm-vp8: 9c59270c3fd7afecdb556c50c9e8de78 -> 
  custom:audio-decoder-ogg-vorbis: bf7c407c2cedff20999df2af8eb42d56 -> 
========================================================================
Received Prepare
Registering precompiled user dll's ...
Registered in 0.019562 seconds.
Begin MonoManager ReloadAssembly
Native extension for WindowsStandalone target not found
Native extension for OSXStandalone target not found
Refreshing native plugins compatible for Editor in 0.94 ms, found 3 plugins.
Preloading 0 native plugins for Editor in 0.00 ms.
Mono: successfully reloaded assembly
- Completed reload, in  1.865 seconds
Domain Reload Profiling:
	ReloadAssembly (1866ms)
		BeginReloadAssembly (156ms)
			ExecutionOrderSort (0ms)
			DisableScriptedObjects (4ms)
			BackupInstance (0ms)
			ReleaseScriptingObjects (0ms)
			CreateAndSetChildDomain (41ms)
		EndReloadAssembly (1614ms)
			LoadAssemblies (122ms)
			RebuildTransferFunctionScriptingTraits (0ms)
			SetupTypeCache (254ms)
			ReleaseScriptCaches (1ms)
			RebuildScriptCaches (74ms)
			SetupLoadedEditorAssemblies (731ms)
				LogAssemblyErrors (0ms)
				InitializePlatformSupportModulesInManaged (12ms)
				SetLoadedEditorAssemblies (0ms)
				RefreshPlugins (1ms)
				BeforeProcessingInitializeOnLoad (171ms)
				ProcessInitializeOnLoadAttributes (483ms)
				ProcessInitializeOnLoadMethodAttributes (60ms)
				AfterProcessingInitializeOnLoad (2ms)
				EditorAssembliesLoaded (0ms)
			ExecutionOrderSort2 (0ms)
			AwakeInstancesAfterBackupRestoration (16ms)
Platform modules already initialized, skipping
Refreshing native plugins compatible for Editor in 1.01 ms, found 3 plugins.
Preloading 0 native plugins for Editor in 0.00 ms.
Unloading 3638 Unused Serialized files (Serialized files now loaded: 0)
Unloading 73 unused Assets / (0.7 MB). Loaded Objects now: 4203.
Memory consumption went from 167.8 MB to 167.1 MB.
Total: 4.494700 ms (FindLiveObjects: 0.298300 ms CreateObjectMapping: 0.200800 ms MarkObjects: 3.682900 ms  DeleteObjects: 0.312000 ms)

AssetImportParameters requested are different than current active one (requested -> active):
  custom:video-decoder-ogg-theora: a1e56fd34408186e4bbccfd4996cb3dc -> 
  custom:container-muxer-webm: aa71ff27fc2769a1b78a27578f13a17b -> 
  custom:container-demuxer-webm: 4f35f7cbe854078d1ac9338744f61a02 -> 
  custom:video-encoder-webm-vp8: eb34c28f22e8b96e1ab97ce403110664 -> 
  custom:audio-encoder-webm-vorbis: bf7c407c2cedff20999df2af8eb42d56 -> 
  custom:framework-win-MediaFoundation: 216162199b28c13a410421893ffa2e32 -> 
  custom:container-demuxer-ogg: 62fdf1f143b41e24485cea50d1cbac27 -> 
  custom:video-decoder-webm-vp8: 9c59270c3fd7afecdb556c50c9e8de78 -> 
  custom:audio-decoder-ogg-vorbis: bf7c407c2cedff20999df2af8eb42d56 -> 
========================================================================
Received Prepare
Registering precompiled user dll's ...
Registered in 0.022569 seconds.
Begin MonoManager ReloadAssembly
Native extension for WindowsStandalone target not found
Native extension for OSXStandalone target not found
Refreshing native plugins compatible for Editor in 1.00 ms, found 3 plugins.
Preloading 0 native plugins for Editor in 0.00 ms.
Mono: successfully reloaded assembly
- Completed reload, in  1.552 seconds
Domain Reload Profiling:
	ReloadAssembly (1553ms)
		BeginReloadAssembly (149ms)
			ExecutionOrderSort (0ms)
			DisableScriptedObjects (4ms)
			BackupInstance (0ms)
			ReleaseScriptingObjects (0ms)
			CreateAndSetChildDomain (38ms)
		EndReloadAssembly (1308ms)
			LoadAssemblies (125ms)
			RebuildTransferFunctionScriptingTraits (0ms)
			SetupTypeCache (249ms)
			ReleaseScriptCaches (1ms)
			RebuildScriptCaches (42ms)
			SetupLoadedEditorAssemblies (756ms)
				LogAssemblyErrors (0ms)
				InitializePlatformSupportModulesInManaged (14ms)
				SetLoadedEditorAssemblies (0ms)
				RefreshPlugins (1ms)
				BeforeProcessingInitializeOnLoad (146ms)
				ProcessInitializeOnLoadAttributes (522ms)
				ProcessInitializeOnLoadMethodAttributes (69ms)
				AfterProcessingInitializeOnLoad (2ms)
				EditorAssembliesLoaded (0ms)
			ExecutionOrderSort2 (0ms)
			AwakeInstancesAfterBackupRestoration (17ms)
Platform modules already initialized, skipping
Refreshing native plugins compatible for Editor in 1.04 ms, found 3 plugins.
Preloading 0 native plugins for Editor in 0.00 ms.
Unloading 3638 Unused Serialized files (Serialized files now loaded: 0)
Unloading 73 unused Assets / (0.7 MB). Loaded Objects now: 4207.
Memory consumption went from 167.8 MB to 167.1 MB.
Total: 4.605500 ms (FindLiveObjects: 0.414100 ms CreateObjectMapping: 0.310700 ms MarkObjects: 3.521100 ms  DeleteObjects: 0.358500 ms)

AssetImportParameters requested are different than current active one (requested -> active):
  custom:video-decoder-ogg-theora: a1e56fd34408186e4bbccfd4996cb3dc -> 
  custom:container-muxer-webm: aa71ff27fc2769a1b78a27578f13a17b -> 
  custom:container-demuxer-webm: 4f35f7cbe854078d1ac9338744f61a02 -> 
  custom:video-encoder-webm-vp8: eb34c28f22e8b96e1ab97ce403110664 -> 
  custom:audio-encoder-webm-vorbis: bf7c407c2cedff20999df2af8eb42d56 -> 
  custom:framework-win-MediaFoundation: 216162199b28c13a410421893ffa2e32 -> 
  custom:container-demuxer-ogg: 62fdf1f143b41e24485cea50d1cbac27 -> 
  custom:video-decoder-webm-vp8: 9c59270c3fd7afecdb556c50c9e8de78 -> 
  custom:audio-decoder-ogg-vorbis: bf7c407c2cedff20999df2af8eb42d56 -> 
========================================================================
Received Prepare
Registering precompiled user dll's ...
Registered in 0.022629 seconds.
Begin MonoManager ReloadAssembly
Native extension for WindowsStandalone target not found
Native extension for OSXStandalone target not found
Refreshing native plugins compatible for Editor in 1.03 ms, found 3 plugins.
Preloading 0 native plugins for Editor in 0.00 ms.
Mono: successfully reloaded assembly
- Completed reload, in  1.647 seconds
Domain Reload Profiling:
	ReloadAssembly (1648ms)
		BeginReloadAssembly (169ms)
			ExecutionOrderSort (0ms)
			DisableScriptedObjects (5ms)
			BackupInstance (0ms)
			ReleaseScriptingObjects (0ms)
			CreateAndSetChildDomain (39ms)
		EndReloadAssembly (1372ms)
			LoadAssemblies (129ms)
			RebuildTransferFunctionScriptingTraits (0ms)
			SetupTypeCache (242ms)
			ReleaseScriptCaches (2ms)
			RebuildScriptCaches (47ms)
			SetupLoadedEditorAssemblies (823ms)
				LogAssemblyErrors (0ms)
				InitializePlatformSupportModulesInManaged (14ms)
				SetLoadedEditorAssemblies (2ms)
				RefreshPlugins (1ms)
				BeforeProcessingInitializeOnLoad (156ms)
				ProcessInitializeOnLoadAttributes (575ms)
				ProcessInitializeOnLoadMethodAttributes (72ms)
				AfterProcessingInitializeOnLoad (2ms)
				EditorAssembliesLoaded (0ms)
			ExecutionOrderSort2 (0ms)
			AwakeInstancesAfterBackupRestoration (19ms)
Platform modules already initialized, skipping
Refreshing native plugins compatible for Editor in 1.33 ms, found 3 plugins.
Preloading 0 native plugins for Editor in 0.00 ms.
Unloading 3638 Unused Serialized files (Serialized files now loaded: 0)
Unloading 73 unused Assets / (0.7 MB). Loaded Objects now: 4211.
Memory consumption went from 167.9 MB to 167.2 MB.
Total: 5.511600 ms (FindLiveObjects: 0.413000 ms CreateObjectMapping: 0.309400 ms MarkObjects: 4.422200 ms  DeleteObjects: 0.365800 ms)

AssetImportParameters requested are different than current active one (requested -> active):
  custom:video-decoder-ogg-theora: a1e56fd34408186e4bbccfd4996cb3dc -> 
  custom:container-muxer-webm: aa71ff27fc2769a1b78a27578f13a17b -> 
  custom:container-demuxer-webm: 4f35f7cbe854078d1ac9338744f61a02 -> 
  custom:video-encoder-webm-vp8: eb34c28f22e8b96e1ab97ce403110664 -> 
  custom:audio-encoder-webm-vorbis: bf7c407c2cedff20999df2af8eb42d56 -> 
  custom:framework-win-MediaFoundation: 216162199b28c13a410421893ffa2e32 -> 
  custom:container-demuxer-ogg: 62fdf1f143b41e24485cea50d1cbac27 -> 
  custom:video-decoder-webm-vp8: 9c59270c3fd7afecdb556c50c9e8de78 -> 
  custom:audio-decoder-ogg-vorbis: bf7c407c2cedff20999df2af8eb42d56 -> 
========================================================================
Received Import Request.
  Time since last request: 739.762255 seconds.
  path: Assets/Prefabs/CameraTrigger 1.prefab
  artifactKey: Guid(2b82a32cc2c6c5b48bd83cb9a1486a9a) Importer(815301076,1909f56bfc062723c751e8b465ee728b)
Start importing Assets/Prefabs/CameraTrigger 1.prefab using Guid(2b82a32cc2c6c5b48bd83cb9a1486a9a) Importer(815301076,1909f56bfc062723c751e8b465ee728b)  -> (artifact id: '59c03438d5a2d9516027adfda372a1b9') in 0.104822 seconds 
========================================================================
Received Import Request.
  Time since last request: 0.000022 seconds.
  path: Assets/Prefabs/WeaponChestManager.prefab
  artifactKey: Guid(c128a6dedcea6a64dab3fa4c3926fdd6) Importer(815301076,1909f56bfc062723c751e8b465ee728b)
Start importing Assets/Prefabs/WeaponChestManager.prefab using Guid(c128a6dedcea6a64dab3fa4c3926fdd6) Importer(815301076,1909f56bfc062723c751e8b465ee728b)  -> (artifact id: '38a7f9c6b57e3c65c248fe21fb6a5849') in 0.288049 seconds 
========================================================================
Received Import Request.
  Time since last request: 0.000022 seconds.
  path: Assets/Prefabs/Dark Slash.prefab
  artifactKey: Guid(2313e59c121fbae4c9887e6de2648b29) Importer(815301076,1909f56bfc062723c751e8b465ee728b)
Start importing Assets/Prefabs/Dark Slash.prefab using Guid(2313e59c121fbae4c9887e6de2648b29) Importer(815301076,1909f56bfc062723c751e8b465ee728b)  -> (artifact id: '0f9163e323c2281b3a82f2aeb978bbcc') in 0.054696 seconds 
========================================================================
Received Import Request.
  Time since last request: 0.000047 seconds.
  path: Assets/Prefabs/Coin.prefab
  artifactKey: Guid(e347b649d4ad4d24cb06a9bfb2433847) Importer(815301076,1909f56bfc062723c751e8b465ee728b)
Start importing Assets/Prefabs/Coin.prefab using Guid(e347b649d4ad4d24cb06a9bfb2433847) Importer(815301076,1909f56bfc062723c751e8b465ee728b)  -> (artifact id: 'feb84cde176388aa708522f93c7d66a2') in 0.019366 seconds 
========================================================================
Received Import Request.
  Time since last request: 0.000026 seconds.
  path: Assets/Prefabs/Main Camera Main.prefab
  artifactKey: Guid(0564f53bd5ab6ee468f566c6726ac606) Importer(815301076,1909f56bfc062723c751e8b465ee728b)
Start importing Assets/Prefabs/Main Camera Main.prefab using Guid(0564f53bd5ab6ee468f566c6726ac606) Importer(815301076,1909f56bfc062723c751e8b465ee728b)  -> (artifact id: '2739cdcf2b18908a5aabc68b488a5c72') in 0.014416 seconds 
========================================================================
Received Import Request.
  Time since last request: 0.000033 seconds.
  path: Assets/Prefabs/FireBall.prefab
  artifactKey: Guid(3a0c0377187b0ed42aeb225fcd940244) Importer(815301076,1909f56bfc062723c751e8b465ee728b)
Start importing Assets/Prefabs/FireBall.prefab using Guid(3a0c0377187b0ed42aeb225fcd940244) Importer(815301076,1909f56bfc062723c751e8b465ee728b)  -> (artifact id: '6001e1a04887cf3bcdb6e1a9e801898a') in 0.035221 seconds 
========================================================================
Received Import Request.
  Time since last request: 0.000024 seconds.
  path: Assets/Prefabs/Main Camera.prefab
  artifactKey: Guid(d412a0597e4d6fe4d9c5b2ecec3ea06b) Importer(815301076,1909f56bfc062723c751e8b465ee728b)
Start importing Assets/Prefabs/Main Camera.prefab using Guid(d412a0597e4d6fe4d9c5b2ecec3ea06b) Importer(815301076,1909f56bfc062723c751e8b465ee728b)  -> (artifact id: 'e44a1ec15431cdbaceba7447c4c33204') in 0.008309 seconds 
========================================================================
Received Import Request.
  Time since last request: 0.000038 seconds.
  path: Assets/Prefabs/NextSceneTrigger.prefab
  artifactKey: Guid(b34e1ab61a4d7ba498f19be3a0f6dae2) Importer(815301076,1909f56bfc062723c751e8b465ee728b)
Start importing Assets/Prefabs/NextSceneTrigger.prefab using Guid(b34e1ab61a4d7ba498f19be3a0f6dae2) Importer(815301076,1909f56bfc062723c751e8b465ee728b)  -> (artifact id: 'd6cd23e0187eaee588e68564869524f9') in 0.010868 seconds 
========================================================================
Received Import Request.
  Time since last request: 0.000024 seconds.
  path: Assets/Prefabs/Controls Panel Pause.prefab
  artifactKey: Guid(e99a047db9c7f9e409497683debcd209) Importer(815301076,1909f56bfc062723c751e8b465ee728b)
Start importing Assets/Prefabs/Controls Panel Pause.prefab using Guid(e99a047db9c7f9e409497683debcd209) Importer(815301076,1909f56bfc062723c751e8b465ee728b)  -> (artifact id: 'a2b45dae44940fd67b6d3eb78472f677') in 0.073556 seconds 
========================================================================
Received Import Request.
  Time since last request: 0.000032 seconds.
  path: Assets/Prefabs/Controls Panel.prefab
  artifactKey: Guid(1ec38e4c6a63073499e9fd08457e7b84) Importer(815301076,1909f56bfc062723c751e8b465ee728b)
Start importing Assets/Prefabs/Controls Panel.prefab using Guid(1ec38e4c6a63073499e9fd08457e7b84) Importer(815301076,1909f56bfc062723c751e8b465ee728b)  -> (artifact id: 'f5e094717436b44d8709234322dcb45d') in 0.025802 seconds 
========================================================================
Received Import Request.
  Time since last request: 0.000050 seconds.
  path: Assets/Prefabs/SunLight.prefab
  artifactKey: Guid(3ede07262138eb946bc10d5927bd89ae) Importer(815301076,1909f56bfc062723c751e8b465ee728b)
Start importing Assets/Prefabs/SunLight.prefab using Guid(3ede07262138eb946bc10d5927bd89ae) Importer(815301076,1909f56bfc062723c751e8b465ee728b)  -> (artifact id: '783e5088c19a17cfc54ff46ab21585d7') in 0.154526 seconds 
========================================================================
Received Import Request.
  Time since last request: 0.000024 seconds.
  path: Assets/Prefabs/Testing Purposes.prefab
  artifactKey: Guid(538a19435d5f44a4d999b3b164183959) Importer(815301076,1909f56bfc062723c751e8b465ee728b)
Start importing Assets/Prefabs/Testing Purposes.prefab using Guid(538a19435d5f44a4d999b3b164183959) Importer(815301076,1909f56bfc062723c751e8b465ee728b)  -> (artifact id: 'b22ae086557af49687a261767c1768e1') in 0.008452 seconds 
========================================================================
Received Import Request.
  Time since last request: 0.000025 seconds.
  path: Assets/Prefabs/Dark Light.prefab
  artifactKey: Guid(8a040cc02af418e4eb0d250d7e08eb31) Importer(815301076,1909f56bfc062723c751e8b465ee728b)
Start importing Assets/Prefabs/Dark Light.prefab using Guid(8a040cc02af418e4eb0d250d7e08eb31) Importer(815301076,1909f56bfc062723c751e8b465ee728b)  -> (artifact id: '8eb1133e4ef28d6f20c3e80a5c7be272') in 0.007726 seconds 
========================================================================
Received Import Request.
  Time since last request: 11.662188 seconds.
  path: Assets/Prefabs/3D/Environment/Act Canvas 1.prefab
  artifactKey: Guid(19903478b8223d745a0901407cf41382) Importer(815301076,1909f56bfc062723c751e8b465ee728b)
Start importing Assets/Prefabs/3D/Environment/Act Canvas 1.prefab using Guid(19903478b8223d745a0901407cf41382) Importer(815301076,1909f56bfc062723c751e8b465ee728b)  -> (artifact id: 'f6223dcd892489dbcf925dbb1fa2b846') in 0.013787 seconds 
========================================================================
Received Import Request.
  Time since last request: 0.000025 seconds.
  path: Assets/Prefabs/3D/Environment/Book.prefab
  artifactKey: Guid(f8172407e66048141adf692a13d8c8d2) Importer(815301076,1909f56bfc062723c751e8b465ee728b)
Start importing Assets/Prefabs/3D/Environment/Book.prefab using Guid(f8172407e66048141adf692a13d8c8d2) Importer(815301076,1909f56bfc062723c751e8b465ee728b)  -> (artifact id: 'f3cd012c07b27da2cbe93825498849be') in 0.239260 seconds 
========================================================================
Received Import Request.
  Time since last request: 0.000022 seconds.
  path: Assets/Prefabs/3D/Environment/Coin +15.prefab
  artifactKey: Guid(cb77e2eb5eb7fd84ab5788e469890b2c) Importer(815301076,1909f56bfc062723c751e8b465ee728b)
Start importing Assets/Prefabs/3D/Environment/Coin +15.prefab using Guid(cb77e2eb5eb7fd84ab5788e469890b2c) Importer(815301076,1909f56bfc062723c751e8b465ee728b)  -> (artifact id: '88ffa79410921ab47a49eee065b090fa') in 0.016858 seconds 
========================================================================
Received Import Request.
  Time since last request: 0.000029 seconds.
  path: Assets/Prefabs/3D/Environment/BannerTall.fbx
  artifactKey: Guid(e9b4ed5faf172e4468aae301aff21024) Importer(815301076,1909f56bfc062723c751e8b465ee728b)
Start importing Assets/Prefabs/3D/Environment/BannerTall.fbx using Guid(e9b4ed5faf172e4468aae301aff21024) Importer(815301076,1909f56bfc062723c751e8b465ee728b)  -> (artifact id: '5488a88b963238fdf3e8bc8f2da9cf2b') in 0.061699 seconds 
========================================================================
Received Import Request.
  Time since last request: 0.000023 seconds.
  path: Assets/Prefabs/3D/Environment/Coin +10.prefab
  artifactKey: Guid(49cc5533d4a860049a712a3e112434c4) Importer(815301076,1909f56bfc062723c751e8b465ee728b)
Start importing Assets/Prefabs/3D/Environment/Coin +10.prefab using Guid(49cc5533d4a860049a712a3e112434c4) Importer(815301076,1909f56bfc062723c751e8b465ee728b)  -> (artifact id: '0d19fb13edcd7416474275e9422d29c0') in 0.016047 seconds 
========================================================================
Received Import Request.
  Time since last request: 0.000029 seconds.
  path: Assets/Prefabs/3D/Environment/Cracked Wall.prefab
  artifactKey: Guid(1b9df40e09231234e802b4a1cabc707e) Importer(815301076,1909f56bfc062723c751e8b465ee728b)
Start importing Assets/Prefabs/3D/Environment/Cracked Wall.prefab using Guid(1b9df40e09231234e802b4a1cabc707e) Importer(815301076,1909f56bfc062723c751e8b465ee728b)  -> (artifact id: '22319f3ba5fa4a84d59cdb506c2c868a') in 0.225308 seconds 
========================================================================
Received Import Request.
  Time since last request: 0.000021 seconds.
  path: Assets/Prefabs/3D/Environment/ItemChest.prefab
  artifactKey: Guid(97974334519573f4a97d39519e0bed62) Importer(815301076,1909f56bfc062723c751e8b465ee728b)
Start importing Assets/Prefabs/3D/Environment/ItemChest.prefab using Guid(97974334519573f4a97d39519e0bed62) Importer(815301076,1909f56bfc062723c751e8b465ee728b)  -> (artifact id: 'ccc264c63d21bb6dcd4ccf9d2bbd92ac') in 0.030458 seconds 
========================================================================
Received Import Request.
  Time since last request: 0.000026 seconds.
  path: Assets/Prefabs/3D/Environment/Magic Basin.prefab
  artifactKey: Guid(14e0b5001e5c6ba43867536747b39660) Importer(815301076,1909f56bfc062723c751e8b465ee728b)
Start importing Assets/Prefabs/3D/Environment/Magic Basin.prefab using Guid(14e0b5001e5c6ba43867536747b39660) Importer(815301076,1909f56bfc062723c751e8b465ee728b)  -> (artifact id: '1bc9b05eb761321475d977bae4827bc0') in 0.023081 seconds 
========================================================================
Received Import Request.
  Time since last request: 0.000022 seconds.
  path: Assets/Prefabs/3D/Environment/FireBasin Tall.prefab
  artifactKey: Guid(5bb092e416191fc40889cb343721bb05) Importer(815301076,1909f56bfc062723c751e8b465ee728b)
Start importing Assets/Prefabs/3D/Environment/FireBasin Tall.prefab using Guid(5bb092e416191fc40889cb343721bb05) Importer(815301076,1909f56bfc062723c751e8b465ee728b)  -> (artifact id: '6f21f17b16a6b8871e3faf1418c58f75') in 0.023792 seconds 
========================================================================
Received Import Request.
  Time since last request: 0.000020 seconds.
  path: Assets/Prefabs/3D/Environment/Fire Brazier Large.prefab
  artifactKey: Guid(8182245efce6c6146a9ce9e58cd20ec5) Importer(815301076,1909f56bfc062723c751e8b465ee728b)
Start importing Assets/Prefabs/3D/Environment/Fire Brazier Large.prefab using Guid(8182245efce6c6146a9ce9e58cd20ec5) Importer(815301076,1909f56bfc062723c751e8b465ee728b)  -> (artifact id: 'e52fdf93b6e4f5cfd082cc8a46f8255d') in 0.026504 seconds 
========================================================================
Received Import Request.
  Time since last request: 0.000023 seconds.
  path: Assets/Prefabs/3D/Environment/BannerShort.fbx
  artifactKey: Guid(c277cafeccb592c489a1c5f56d0a65f2) Importer(815301076,1909f56bfc062723c751e8b465ee728b)
Start importing Assets/Prefabs/3D/Environment/BannerShort.fbx using Guid(c277cafeccb592c489a1c5f56d0a65f2) Importer(815301076,1909f56bfc062723c751e8b465ee728b)  -> (artifact id: '210f6ee98ddaafdf08ea77eef5b6f7e1') in 0.027177 seconds 
========================================================================
Received Import Request.
  Time since last request: 0.000025 seconds.
  path: Assets/Prefabs/3D/Environment/PotSmallBroken.prefab
  artifactKey: Guid(a0d5cd857ee9699439722a36abdf51e1) Importer(815301076,1909f56bfc062723c751e8b465ee728b)
Start importing Assets/Prefabs/3D/Environment/PotSmallBroken.prefab using Guid(a0d5cd857ee9699439722a36abdf51e1) Importer(815301076,1909f56bfc062723c751e8b465ee728b)  -> (artifact id: 'fc5c69b0617d899d6c110fb9efbf79d3') in 0.292619 seconds 
========================================================================
Received Import Request.
  Time since last request: 0.000026 seconds.
  path: Assets/Prefabs/3D/Environment/Sarcophagus open.prefab
  artifactKey: Guid(aae147090d5ca0141b21e5de7529e78c) Importer(815301076,1909f56bfc062723c751e8b465ee728b)
Start importing Assets/Prefabs/3D/Environment/Sarcophagus open.prefab using Guid(aae147090d5ca0141b21e5de7529e78c) Importer(815301076,1909f56bfc062723c751e8b465ee728b)  -> (artifact id: 'c31011e835f90e9adb9a8b1dbcf98de1') in 0.154385 seconds 
========================================================================
Received Import Request.
  Time since last request: 0.000027 seconds.
  path: Assets/Prefabs/3D/Environment/Torch Fire.prefab
  artifactKey: Guid(6b768943b0237f343a5771eb660464cf) Importer(815301076,1909f56bfc062723c751e8b465ee728b)
Start importing Assets/Prefabs/3D/Environment/Torch Fire.prefab using Guid(6b768943b0237f343a5771eb660464cf) Importer(815301076,1909f56bfc062723c751e8b465ee728b)  -> (artifact id: '517479c1960dfcd9b6407095980376ed') in 0.025117 seconds 
========================================================================
Received Import Request.
  Time since last request: 0.000022 seconds.
  path: Assets/Prefabs/3D/Environment/Small Cross.prefab
  artifactKey: Guid(99bd14aac18c5d749926438b9d764ed2) Importer(815301076,1909f56bfc062723c751e8b465ee728b)
Start importing Assets/Prefabs/3D/Environment/Small Cross.prefab using Guid(99bd14aac18c5d749926438b9d764ed2) Importer(815301076,1909f56bfc062723c751e8b465ee728b)  -> (artifact id: 'd7be7c6cb492f38ccb374b499b218e4b') in 0.015560 seconds 
========================================================================
Received Import Request.
  Time since last request: 0.000019 seconds.
  path: Assets/Prefabs/3D/Environment/Sealstone.prefab
  artifactKey: Guid(22397191b3f385a45a4a4b18803b0fa0) Importer(815301076,1909f56bfc062723c751e8b465ee728b)
Start importing Assets/Prefabs/3D/Environment/Sealstone.prefab using Guid(22397191b3f385a45a4a4b18803b0fa0) Importer(815301076,1909f56bfc062723c751e8b465ee728b)  -> (artifact id: 'f167f841f45ada5351fe9faf86805df7') in 0.153502 seconds 
========================================================================
Received Import Request.
  Time since last request: 2.051722 seconds.
  path: Assets/Prefabs/3D/Environment/Weapon Chest.prefab
  artifactKey: Guid(3579864a444d2b946b7938c62569ae00) Importer(815301076,1909f56bfc062723c751e8b465ee728b)
Start importing Assets/Prefabs/3D/Environment/Weapon Chest.prefab using Guid(3579864a444d2b946b7938c62569ae00) Importer(815301076,1909f56bfc062723c751e8b465ee728b)  -> (artifact id: '6305c2f932f3ff9c18ac676c1f8a12bd') in 0.023624 seconds 
========================================================================
Received Import Request.
  Time since last request: 28.189564 seconds.
  path: Assets/Materials/Torch Top.mat
  artifactKey: Guid(8cedaac33a00c7844ae387f68ae33244) Importer(815301076,1909f56bfc062723c751e8b465ee728b)
Start importing Assets/Materials/Torch Top.mat using Guid(8cedaac33a00c7844ae387f68ae33244) Importer(815301076,1909f56bfc062723c751e8b465ee728b)  -> (artifact id: '35f30aa762b81f8af86ae5e5e1846177') in 0.015760 seconds 
========================================================================
Received Import Request.
  Time since last request: 6.160515 seconds.
  path: Assets/3D Models/Levels/Level3_Thick/Textures/Fire Spike.mat
  artifactKey: Guid(d0bec8ce37490584690139e2159eca18) Importer(815301076,1909f56bfc062723c751e8b465ee728b)
Start importing Assets/3D Models/Levels/Level3_Thick/Textures/Fire Spike.mat using Guid(d0bec8ce37490584690139e2159eca18) Importer(815301076,1909f56bfc062723c751e8b465ee728b)  -> (artifact id: 'ce62394e6410d563e3eb071d9d10bc9e') in 0.015440 seconds 
========================================================================
Received Import Request.
  Time since last request: 0.000033 seconds.
  path: Assets/3D Models/Environment/RoomTiles_Spike_Trap/Source/SpikeTrap.fbx
  artifactKey: Guid(643231975eb1fb94585fab4c27d21e65) Importer(815301076,1909f56bfc062723c751e8b465ee728b)
Start importing Assets/3D Models/Environment/RoomTiles_Spike_Trap/Source/SpikeTrap.fbx using Guid(643231975eb1fb94585fab4c27d21e65) Importer(815301076,1909f56bfc062723c751e8b465ee728b)  -> (artifact id: '8f217f31c0068922a323697bc99a5687') in 0.042842 seconds 
Editor requested this worker to shutdown with reason: Scaling down because of idle timeout
AssetImportWorker is now disconnected from the server
Process exiting
Exiting without the bug reporter. Application will terminate with return code 0